[2025-08-10 13:36:18Z INFO HostContext] No proxy settings were found based on environmental variables (http_proxy/https_proxy/HTTP_PROXY/HTTPS_PROXY)
[2025-08-10 13:36:18Z INFO HostContext] Well known directory 'Bin': 'C:\Users\Fatih\Desktop\microservices-demo\actions-runner\bin'
[2025-08-10 13:36:18Z INFO HostContext] Well known directory 'Root': 'C:\Users\Fatih\Desktop\microservices-demo\actions-runner'
[2025-08-10 13:36:18Z INFO HostContext] Well known config file 'Credentials': 'C:\Users\Fatih\Desktop\microservices-demo\actions-runner\.credentials'
[2025-08-10 13:36:18Z INFO HostContext] Well known directory 'Bin': 'C:\Users\Fatih\Desktop\microservices-demo\actions-runner\bin'
[2025-08-10 13:36:18Z INFO HostContext] Well known directory 'Root': 'C:\Users\Fatih\Desktop\microservices-demo\actions-runner'
[2025-08-10 13:36:18Z INFO HostContext] Well known config file 'Runner': 'C:\Users\Fatih\Desktop\microservices-demo\actions-runner\.runner'
[2025-08-10 13:36:18Z INFO Listener] Runner is built for Windows (X64) - win-x64.
[2025-08-10 13:36:18Z INFO Listener] RuntimeInformation: Microsoft Windows 10.0.22631.
[2025-08-10 13:36:18Z INFO Listener] Version: 2.327.1
[2025-08-10 13:36:18Z INFO Listener] Commit: 9513afd82fbc900d13362cdd4fcdab0538f5124e
[2025-08-10 13:36:18Z INFO Listener] Culture: tr-TR
[2025-08-10 13:36:18Z INFO Listener] UI Culture: tr-TR
[2025-08-10 13:36:18Z INFO HostContext] Well known directory 'Bin': 'C:\Users\Fatih\Desktop\microservices-demo\actions-runner\bin'
[2025-08-10 13:36:18Z INFO HostContext] Well known directory 'Root': 'C:\Users\Fatih\Desktop\microservices-demo\actions-runner'
[2025-08-10 13:36:18Z INFO Listener] Validating directory permissions for: 'C:\Users\Fatih\Desktop\microservices-demo\actions-runner'
[2025-08-10 13:36:18Z INFO CommandLineParser] Parse
[2025-08-10 13:36:18Z INFO CommandLineParser] Parsing 1 args
[2025-08-10 13:36:18Z INFO CommandLineParser] parsing argument
[2025-08-10 13:36:18Z INFO CommandLineParser] HasArgs: False
[2025-08-10 13:36:18Z INFO CommandLineParser] Adding Command: run
[2025-08-10 13:36:18Z INFO Listener] Arguments parsed
[2025-08-10 13:36:18Z INFO Runner] ExecuteCommand
[2025-08-10 13:36:18Z INFO ConfigurationStore] currentAssemblyLocation: C:\Users\Fatih\Desktop\microservices-demo\actions-runner\bin\Runner.Listener.dll
[2025-08-10 13:36:18Z INFO HostContext] Well known directory 'Bin': 'C:\Users\Fatih\Desktop\microservices-demo\actions-runner\bin'
[2025-08-10 13:36:18Z INFO ConfigurationStore] binPath: C:\Users\Fatih\Desktop\microservices-demo\actions-runner\bin
[2025-08-10 13:36:18Z INFO HostContext] Well known directory 'Bin': 'C:\Users\Fatih\Desktop\microservices-demo\actions-runner\bin'
[2025-08-10 13:36:18Z INFO HostContext] Well known directory 'Root': 'C:\Users\Fatih\Desktop\microservices-demo\actions-runner'
[2025-08-10 13:36:18Z INFO ConfigurationStore] RootFolder: C:\Users\Fatih\Desktop\microservices-demo\actions-runner
[2025-08-10 13:36:18Z INFO HostContext] Well known directory 'Bin': 'C:\Users\Fatih\Desktop\microservices-demo\actions-runner\bin'
[2025-08-10 13:36:18Z INFO HostContext] Well known directory 'Root': 'C:\Users\Fatih\Desktop\microservices-demo\actions-runner'
[2025-08-10 13:36:18Z INFO HostContext] Well known config file 'Runner': 'C:\Users\Fatih\Desktop\microservices-demo\actions-runner\.runner'
[2025-08-10 13:36:18Z INFO ConfigurationStore] ConfigFilePath: C:\Users\Fatih\Desktop\microservices-demo\actions-runner\.runner
[2025-08-10 13:36:18Z INFO HostContext] Well known directory 'Bin': 'C:\Users\Fatih\Desktop\microservices-demo\actions-runner\bin'
[2025-08-10 13:36:18Z INFO HostContext] Well known directory 'Root': 'C:\Users\Fatih\Desktop\microservices-demo\actions-runner'
[2025-08-10 13:36:18Z INFO HostContext] Well known config file 'MigratedRunner': 'C:\Users\Fatih\Desktop\microservices-demo\actions-runner\.runner_migrated'
[2025-08-10 13:36:18Z INFO ConfigurationStore] MigratedConfigFilePath: C:\Users\Fatih\Desktop\microservices-demo\actions-runner\.runner_migrated
[2025-08-10 13:36:18Z INFO HostContext] Well known directory 'Bin': 'C:\Users\Fatih\Desktop\microservices-demo\actions-runner\bin'
[2025-08-10 13:36:18Z INFO HostContext] Well known directory 'Root': 'C:\Users\Fatih\Desktop\microservices-demo\actions-runner'
[2025-08-10 13:36:18Z INFO HostContext] Well known config file 'Credentials': 'C:\Users\Fatih\Desktop\microservices-demo\actions-runner\.credentials'
[2025-08-10 13:36:18Z INFO ConfigurationStore] CredFilePath: C:\Users\Fatih\Desktop\microservices-demo\actions-runner\.credentials
[2025-08-10 13:36:18Z INFO HostContext] Well known directory 'Bin': 'C:\Users\Fatih\Desktop\microservices-demo\actions-runner\bin'
[2025-08-10 13:36:18Z INFO HostContext] Well known directory 'Root': 'C:\Users\Fatih\Desktop\microservices-demo\actions-runner'
[2025-08-10 13:36:18Z INFO HostContext] Well known config file 'MigratedCredentials': 'C:\Users\Fatih\Desktop\microservices-demo\actions-runner\.credentials_migrated'
[2025-08-10 13:36:18Z INFO ConfigurationStore] MigratedCredFilePath: C:\Users\Fatih\Desktop\microservices-demo\actions-runner\.credentials_migrated
[2025-08-10 13:36:18Z INFO HostContext] Well known directory 'Bin': 'C:\Users\Fatih\Desktop\microservices-demo\actions-runner\bin'
[2025-08-10 13:36:18Z INFO HostContext] Well known directory 'Root': 'C:\Users\Fatih\Desktop\microservices-demo\actions-runner'
[2025-08-10 13:36:18Z INFO HostContext] Well known config file 'Service': 'C:\Users\Fatih\Desktop\microservices-demo\actions-runner\.service'
[2025-08-10 13:36:18Z INFO ConfigurationStore] ServiceConfigFilePath: C:\Users\Fatih\Desktop\microservices-demo\actions-runner\.service
[2025-08-10 13:36:18Z INFO CommandSettings] Flag 'help': 'False'
[2025-08-10 13:36:18Z INFO CommandSettings] Flag 'version': 'False'
[2025-08-10 13:36:18Z INFO CommandSettings] Flag 'commit': 'False'
[2025-08-10 13:36:18Z INFO CommandSettings] Flag 'check': 'False'
[2025-08-10 13:36:18Z INFO CommandSettings] Command 'configure': 'False'
[2025-08-10 13:36:18Z INFO CommandSettings] Command 'remove': 'False'
[2025-08-10 13:36:18Z INFO CommandSettings] Command 'warmup': 'False'
[2025-08-10 13:36:18Z INFO ConfigurationManager] LoadSettings
[2025-08-10 13:36:18Z INFO ConfigurationStore] IsConfigured()
[2025-08-10 13:36:18Z INFO ConfigurationStore] IsConfigured: True
[2025-08-10 13:36:18Z INFO ConfigurationManager] Is configured: True
[2025-08-10 13:36:18Z INFO ConfigurationStore] Read setting file: 409 chars
[2025-08-10 13:36:18Z INFO ConfigurationManager] Settings Loaded
[2025-08-10 13:36:18Z INFO ConfigurationStore] IsServiceConfigured()
[2025-08-10 13:36:18Z INFO ConfigurationStore] IsServiceConfigured: False
[2025-08-10 13:36:18Z INFO CommandSettings] Command 'run': 'True'
[2025-08-10 13:36:18Z INFO ConfigurationStore] IsConfigured()
[2025-08-10 13:36:18Z INFO ConfigurationStore] IsConfigured: True
[2025-08-10 13:36:18Z INFO ConfigurationManager] Is configured: True
[2025-08-10 13:36:18Z INFO Runner] Could not parse the argument value '' for StartupType. Defaulting to Manual
[2025-08-10 13:36:18Z INFO Runner] Set runner startup type - Manual
[2025-08-10 13:36:18Z INFO CommandSettings] Flag 'once': 'False'
[2025-08-10 13:36:18Z INFO CommandSettings] Flag 'once': 'False'
[2025-08-10 13:36:18Z INFO Runner] RunAsync
[2025-08-10 13:36:18Z INFO ConfigurationManager] LoadMigratedSettings
[2025-08-10 13:36:18Z INFO ConfigurationStore] IsMigratedConfigured()
[2025-08-10 13:36:18Z INFO ConfigurationStore] IsMigratedConfigured: False
[2025-08-10 13:36:18Z INFO Runner] Failed to load migrated settings: No migrated configuration found.
[2025-08-10 13:36:18Z INFO Runner] Falling back to original .runner settings
[2025-08-10 13:36:18Z INFO Runner] Using BrokerMessageListener
[2025-08-10 13:36:18Z INFO BrokerMessageListener] Using provided settings
[2025-08-10 13:36:18Z INFO BrokerMessageListener] {
  "AgentId": 2,
  "AgentName": "FatihRehaDisci",
  "PoolId": 1,
  "PoolName": "Default",
  "ServerUrl": "https://pipelinesghubeus5.actions.githubusercontent.com/dPW3scQmAHGhqq2nJ5EQoFPRWik9NWz1UwVhNbSFUcw1GfI41T/",
  "GitHubUrl": "https://github.com/fatihreha/online-boutique-thesis",
  "WorkFolder": "_work",
  "UseV2Flow": true,
  "ServerUrlV2": "https://broker.actions.githubusercontent.com/"
}
[2025-08-10 13:36:18Z INFO BrokerMessageListener] Loading Credentials
[2025-08-10 13:36:18Z INFO ConfigurationStore] HasCredentials()
[2025-08-10 13:36:18Z INFO ConfigurationStore] stored True
[2025-08-10 13:36:18Z INFO CredentialManager] GetCredentialProvider
[2025-08-10 13:36:18Z INFO CredentialManager] Creating type OAuth
[2025-08-10 13:36:18Z INFO CredentialManager] Creating credential type: OAuth
[2025-08-10 13:36:18Z INFO HostContext] Well known directory 'Bin': 'C:\Users\Fatih\Desktop\microservices-demo\actions-runner\bin'
[2025-08-10 13:36:18Z INFO HostContext] Well known directory 'Root': 'C:\Users\Fatih\Desktop\microservices-demo\actions-runner'
[2025-08-10 13:36:18Z INFO HostContext] Well known config file 'RSACredentials': 'C:\Users\Fatih\Desktop\microservices-demo\actions-runner\.credentials_rsaparams'
[2025-08-10 13:36:18Z INFO RSAEncryptedFileKeyManager] Loading RSA key parameters from file C:\Users\Fatih\Desktop\microservices-demo\actions-runner\.credentials_rsaparams
[2025-08-10 13:36:18Z INFO BrokerMessageListener] Attempt to create session.
[2025-08-10 13:36:18Z INFO BrokerMessageListener] Connecting to the Broker Server...
[2025-08-10 13:36:18Z INFO ConfigurationStore] HasCredentials()
[2025-08-10 13:36:18Z INFO ConfigurationStore] stored True
[2025-08-10 13:36:18Z INFO CredentialManager] GetCredentialProvider
[2025-08-10 13:36:18Z INFO CredentialManager] Creating type OAuth
[2025-08-10 13:36:18Z INFO CredentialManager] Creating credential type: OAuth
[2025-08-10 13:36:18Z INFO RSAEncryptedFileKeyManager] Loading RSA key parameters from file C:\Users\Fatih\Desktop\microservices-demo\actions-runner\.credentials_rsaparams
[2025-08-10 13:36:18Z INFO BrokerMessageListener] VssConnection created
[2025-08-10 13:36:18Z INFO BrokerMessageListener] Connecting to the Runner server...
[2025-08-10 13:36:18Z INFO RunnerServer] EstablishVssConnection
[2025-08-10 13:36:18Z INFO RunnerServer] Establish connection with 100 seconds timeout.
[2025-08-10 13:36:18Z INFO GitHubActionsService] Starting operation Location.GetConnectionData
[2025-08-10 13:36:18Z INFO RunnerServer] EstablishVssConnection
[2025-08-10 13:36:18Z INFO RunnerServer] Establish connection with 60 seconds timeout.
[2025-08-10 13:36:18Z INFO GitHubActionsService] Starting operation Location.GetConnectionData
[2025-08-10 13:36:18Z INFO RunnerServer] EstablishVssConnection
[2025-08-10 13:36:18Z INFO RunnerServer] Establish connection with 60 seconds timeout.
[2025-08-10 13:36:18Z INFO GitHubActionsService] Starting operation Location.GetConnectionData
[2025-08-10 13:36:19Z INFO GitHubActionsService] Finished operation Location.GetConnectionData
[2025-08-10 13:36:19Z INFO GitHubActionsService] Finished operation Location.GetConnectionData
[2025-08-10 13:36:19Z INFO GitHubActionsService] Finished operation Location.GetConnectionData
[2025-08-10 13:36:19Z INFO BrokerMessageListener] VssConnection created
[2025-08-10 13:36:19Z INFO Terminal] WRITE LINE: 
[2025-08-10 13:36:19Z INFO Terminal] WRITE LINE: 
[2025-08-10 13:36:19Z INFO RSAEncryptedFileKeyManager] Loading RSA key parameters from file C:\Users\Fatih\Desktop\microservices-demo\actions-runner\.credentials_rsaparams
[2025-08-10 13:36:19Z INFO RSAEncryptedFileKeyManager] Loading RSA key parameters from file C:\Users\Fatih\Desktop\microservices-demo\actions-runner\.credentials_rsaparams
[2025-08-10 13:36:20Z INFO GitHubActionsService] AAD Correlation ID for this token request: Unknown
[2025-08-10 13:36:21Z INFO BrokerMessageListener] Session created.
[2025-08-10 13:36:21Z INFO Terminal] WRITE LINE: Current runner version: '2.327.1'
[2025-08-10 13:36:21Z INFO Terminal] WRITE LINE: 2025-08-10 13:36:21Z: Listening for Jobs
[2025-08-10 13:36:21Z INFO JobDispatcher] Set runner/worker IPC timeout to 30 seconds.
[2025-08-10 13:57:31Z INFO ConfigurationStore] HasCredentials()
[2025-08-10 13:57:31Z INFO ConfigurationStore] stored True
[2025-08-10 13:57:31Z INFO CredentialManager] GetCredentialProvider
[2025-08-10 13:57:31Z INFO CredentialManager] Creating type OAuth
[2025-08-10 13:57:31Z INFO CredentialManager] Creating credential type: OAuth
[2025-08-10 13:57:31Z INFO RSAEncryptedFileKeyManager] Loading RSA key parameters from file C:\Users\Fatih\Desktop\microservices-demo\actions-runner\.credentials_rsaparams
[2025-08-10 13:57:31Z INFO RSAEncryptedFileKeyManager] Loading RSA key parameters from file C:\Users\Fatih\Desktop\microservices-demo\actions-runner\.credentials_rsaparams
[2025-08-10 13:57:31Z INFO RSAEncryptedFileKeyManager] Loading RSA key parameters from file C:\Users\Fatih\Desktop\microservices-demo\actions-runner\.credentials_rsaparams
[2025-08-10 13:57:32Z INFO GitHubActionsService] AAD Correlation ID for this token request: Unknown
[2025-08-10 13:57:33Z INFO JobDispatcher] Job request 0 for plan 1cc85e9f-6ea2-4409-ab0b-3f0d65dca902 job 3d23e7c7-d222-5ab6-b1ab-4a661d65ee05 received.
[2025-08-10 13:57:33Z INFO JobDispatcher] Pull OrchestrationId 1cc85e9f-6ea2-4409-ab0b-3f0d65dca902.build-and-deploy.__default from JWT claims
[2025-08-10 13:57:33Z INFO BrokerMessageListener] Received job status event. JobState: Busy
[2025-08-10 13:57:33Z INFO BrokerMessageListener] _getMessagesTokenSource is already disposed.
[2025-08-10 13:57:33Z INFO Terminal] WRITE LINE: 2025-08-10 13:57:33Z: Running job: build-and-deploy
[2025-08-10 13:57:33Z INFO JobDispatcher] Start renew job request 0 for job 3d23e7c7-d222-5ab6-b1ab-4a661d65ee05.
[2025-08-10 13:57:33Z INFO JobDispatcher] Successfully renew job 3d23e7c7-d222-5ab6-b1ab-4a661d65ee05, job is valid till 10.08.2025 14:07:37
[2025-08-10 13:57:33Z INFO HostContext] Well known directory 'Bin': 'C:\Users\Fatih\Desktop\microservices-demo\actions-runner\bin'
[2025-08-10 13:57:33Z INFO ProcessInvokerWrapper] Starting process:
[2025-08-10 13:57:33Z INFO ProcessInvokerWrapper]   File name: 'C:\Users\Fatih\Desktop\microservices-demo\actions-runner\bin\Runner.Worker.exe'
[2025-08-10 13:57:33Z INFO ProcessInvokerWrapper]   Arguments: 'spawnclient 980 1756'
[2025-08-10 13:57:33Z INFO ProcessInvokerWrapper]   Working directory: 'C:\Users\Fatih\Desktop\microservices-demo\actions-runner\bin'
[2025-08-10 13:57:33Z INFO ProcessInvokerWrapper]   Require exit code zero: 'False'
[2025-08-10 13:57:33Z INFO ProcessInvokerWrapper]   Encoding web name:  ; code page: ''
[2025-08-10 13:57:33Z INFO ProcessInvokerWrapper]   Force kill process on cancellation: 'True'
[2025-08-10 13:57:33Z INFO ProcessInvokerWrapper]   Redirected STDIN: 'False'
[2025-08-10 13:57:33Z INFO ProcessInvokerWrapper]   Persist current code page: 'False'
[2025-08-10 13:57:33Z INFO ProcessInvokerWrapper]   Keep redirected STDIN open: 'False'
[2025-08-10 13:57:33Z INFO ProcessInvokerWrapper]   High priority process: 'True'
[2025-08-10 13:57:33Z INFO ProcessInvokerWrapper] Process started with process id 29776, waiting for process exit.
[2025-08-10 13:57:33Z INFO JobDispatcher] Send job request message to worker for job 3d23e7c7-d222-5ab6-b1ab-4a661d65ee05.
[2025-08-10 13:57:33Z INFO ProcessChannel] Sending message of length 20268, with hash 'ce2a917ed5b24b645561c3698622d075f36b4c31fd761ab4ccb41785fd804420'
[2025-08-10 13:57:34Z INFO JobNotification] Entering JobStarted Notification
[2025-08-10 13:57:34Z INFO JobNotification] Entering StartMonitor
[2025-08-10 13:58:34Z INFO JobDispatcher] Successfully renew job 3d23e7c7-d222-5ab6-b1ab-4a661d65ee05, job is valid till 10.08.2025 14:08:37
[2025-08-10 13:58:59Z INFO ProcessInvokerWrapper] STDOUT/STDERR stream read finished.
[2025-08-10 13:58:59Z INFO ProcessInvokerWrapper] STDOUT/STDERR stream read finished.
[2025-08-10 13:58:59Z INFO ProcessInvokerWrapper] Finished process 29776 with exit code 100, and elapsed time 00:01:26.0330834.
[2025-08-10 13:58:59Z INFO JobDispatcher] Worker finished for job 3d23e7c7-d222-5ab6-b1ab-4a661d65ee05. Code: 100
[2025-08-10 13:58:59Z INFO JobDispatcher] finish job request for job 3d23e7c7-d222-5ab6-b1ab-4a661d65ee05 with result: Succeeded
[2025-08-10 13:58:59Z INFO Terminal] WRITE LINE: 2025-08-10 13:58:59Z: Job build-and-deploy completed with result: Succeeded
[2025-08-10 13:58:59Z INFO JobDispatcher] Stop renew job request for job 3d23e7c7-d222-5ab6-b1ab-4a661d65ee05.
[2025-08-10 13:58:59Z INFO JobDispatcher] job renew has been cancelled, stop renew job 3d23e7c7-d222-5ab6-b1ab-4a661d65ee05.
[2025-08-10 13:58:59Z INFO JobNotification] Entering JobCompleted Notification
[2025-08-10 13:58:59Z INFO JobNotification] Entering EndMonitor
[2025-08-10 13:58:59Z INFO BrokerMessageListener] Received job status event. JobState: Online
[2025-08-10 13:58:59Z WARN GitHubActionsService] GET request to https://broker.actions.githubusercontent.com/message?sessionId=aa085215-9b90-4a17-9fa4-11fe04e25a9d&status=Busy&runnerVersion=2.327.1&os=Windows&architecture=X64&disableUpdate=false has been cancelled.
[2025-08-10 13:58:59Z ERR  BrokerServer] Catch exception during request
[2025-08-10 13:58:59Z ERR  BrokerServer] System.Threading.Tasks.TaskCanceledException: The operation was canceled.
 ---> System.Threading.Tasks.TaskCanceledException: The operation was canceled.
 ---> System.IO.IOException: Unable to read data from the transport connection: Bir iş parçacığı çıkışı veya bir uygulama isteği nedeniyle G/Ç işlemi iptal edildi..
 ---> System.Net.Sockets.SocketException (995): Bir iş parçacığı çıkışı veya bir uygulama isteği nedeniyle G/Ç işlemi iptal edildi.
   --- End of inner exception stack trace ---
   at System.Net.Sockets.Socket.AwaitableSocketAsyncEventArgs.ThrowException(SocketError error, CancellationToken cancellationToken)
   at System.Net.Sockets.Socket.AwaitableSocketAsyncEventArgs.System.Threading.Tasks.Sources.IValueTaskSource<System.Int32>.GetResult(Int16 token)
   at System.Net.Security.SslStream.EnsureFullTlsFrameAsync[TIOAdapter](CancellationToken cancellationToken, Int32 estimatedSize)
   at System.Runtime.CompilerServices.PoolingAsyncValueTaskMethodBuilder`1.StateMachineBox`1.System.Threading.Tasks.Sources.IValueTaskSource<TResult>.GetResult(Int16 token)
   at System.Net.Security.SslStream.ReadAsyncInternal[TIOAdapter](Memory`1 buffer, CancellationToken cancellationToken)
   at System.Runtime.CompilerServices.PoolingAsyncValueTaskMethodBuilder`1.StateMachineBox`1.System.Threading.Tasks.Sources.IValueTaskSource<TResult>.GetResult(Int16 token)
   at System.Net.Http.HttpConnection.SendAsync(HttpRequestMessage request, Boolean async, CancellationToken cancellationToken)
   --- End of inner exception stack trace ---
   at System.Net.Http.HttpConnection.SendAsync(HttpRequestMessage request, Boolean async, CancellationToken cancellationToken)
   at System.Net.Http.AuthenticationHelper.SendWithNtAuthAsync(HttpRequestMessage request, Uri authUri, Boolean async, ICredentials credentials, Boolean isProxyAuth, HttpConnection connection, HttpConnectionPool connectionPool, CancellationToken cancellationToken)
   at System.Net.Http.HttpConnectionPool.SendWithVersionDetectionAndRetryAsync(HttpRequestMessage request, Boolean async, Boolean doRequestAuth, CancellationToken cancellationToken)
   at System.Net.Http.AuthenticationHelper.SendWithAuthAsync(HttpRequestMessage request, Uri authUri, Boolean async, ICredentials credentials, Boolean preAuthenticate, Boolean isProxyAuth, Boolean doRequestAuth, HttpConnectionPool pool, CancellationToken cancellationToken)
   at System.Net.Http.RedirectHandler.SendAsync(HttpRequestMessage request, Boolean async, CancellationToken cancellationToken)
   at GitHub.Services.Common.RawHttpMessageHandler.SendAsync(HttpRequestMessage request, CancellationToken cancellationToken)
   at GitHub.Services.Common.VssHttpRetryMessageHandler.SendAsync(HttpRequestMessage request, CancellationToken cancellationToken)
   at System.Net.Http.HttpClient.<SendAsync>g__Core|83_0(HttpRequestMessage request, HttpCompletionOption completionOption, CancellationTokenSource cts, Boolean disposeCts, CancellationTokenSource pendingRequestsCts, CancellationToken originalCancellationToken)
   --- End of inner exception stack trace ---
   at System.Net.Http.HttpClient.HandleFailure(Exception e, Boolean telemetryStarted, HttpResponseMessage response, CancellationTokenSource cts, CancellationToken cancellationToken, CancellationTokenSource pendingRequestsCts)
   at System.Net.Http.HttpClient.<SendAsync>g__Core|83_0(HttpRequestMessage request, HttpCompletionOption completionOption, CancellationTokenSource cts, Boolean disposeCts, CancellationTokenSource pendingRequestsCts, CancellationToken originalCancellationToken)
   at Sdk.WebApi.WebApi.RawHttpClientBase.SendAsync(HttpRequestMessage message, HttpCompletionOption completionOption, Object userState, CancellationToken cancellationToken)
   at Sdk.WebApi.WebApi.RawHttpClientBase.SendAsync[T](HttpRequestMessage message, Boolean readErrorBody, Object userState, CancellationToken cancellationToken)
   at Sdk.WebApi.WebApi.RawHttpClientBase.SendAsync[T](HttpMethod method, IEnumerable`1 additionalHeaders, Uri requestUri, HttpContent content, IEnumerable`1 queryParameters, Boolean readErrorBody, Object userState, CancellationToken cancellationToken)
   at GitHub.Actions.RunService.WebApi.BrokerHttpClient.GetRunnerMessageAsync(Nullable`1 sessionId, String runnerVersion, Nullable`1 status, String os, String architecture, Nullable`1 disableUpdate, CancellationToken cancellationToken)
   at GitHub.Runner.Common.BrokerServer.<>c__DisplayClass7_0.<<GetRunnerMessageAsync>b__0>d.MoveNext()
--- End of stack trace from previous location ---
   at GitHub.Runner.Common.RunnerService.RetryRequest[T](Func`1 func, CancellationToken cancellationToken, Int32 maxRetryAttemptsCount, Func`2 shouldRetry)
[2025-08-10 13:58:59Z ERR  BrokerServer] #####################################################
[2025-08-10 13:58:59Z ERR  BrokerServer] System.Threading.Tasks.TaskCanceledException: The operation was canceled.
 ---> System.IO.IOException: Unable to read data from the transport connection: Bir iş parçacığı çıkışı veya bir uygulama isteği nedeniyle G/Ç işlemi iptal edildi..
 ---> System.Net.Sockets.SocketException (995): Bir iş parçacığı çıkışı veya bir uygulama isteği nedeniyle G/Ç işlemi iptal edildi.
   --- End of inner exception stack trace ---
   at System.Net.Sockets.Socket.AwaitableSocketAsyncEventArgs.ThrowException(SocketError error, CancellationToken cancellationToken)
   at System.Net.Sockets.Socket.AwaitableSocketAsyncEventArgs.System.Threading.Tasks.Sources.IValueTaskSource<System.Int32>.GetResult(Int16 token)
   at System.Net.Security.SslStream.EnsureFullTlsFrameAsync[TIOAdapter](CancellationToken cancellationToken, Int32 estimatedSize)
   at System.Runtime.CompilerServices.PoolingAsyncValueTaskMethodBuilder`1.StateMachineBox`1.System.Threading.Tasks.Sources.IValueTaskSource<TResult>.GetResult(Int16 token)
   at System.Net.Security.SslStream.ReadAsyncInternal[TIOAdapter](Memory`1 buffer, CancellationToken cancellationToken)
   at System.Runtime.CompilerServices.PoolingAsyncValueTaskMethodBuilder`1.StateMachineBox`1.System.Threading.Tasks.Sources.IValueTaskSource<TResult>.GetResult(Int16 token)
   at System.Net.Http.HttpConnection.SendAsync(HttpRequestMessage request, Boolean async, CancellationToken cancellationToken)
   --- End of inner exception stack trace ---
   at System.Net.Http.HttpConnection.SendAsync(HttpRequestMessage request, Boolean async, CancellationToken cancellationToken)
   at System.Net.Http.AuthenticationHelper.SendWithNtAuthAsync(HttpRequestMessage request, Uri authUri, Boolean async, ICredentials credentials, Boolean isProxyAuth, HttpConnection connection, HttpConnectionPool connectionPool, CancellationToken cancellationToken)
   at System.Net.Http.HttpConnectionPool.SendWithVersionDetectionAndRetryAsync(HttpRequestMessage request, Boolean async, Boolean doRequestAuth, CancellationToken cancellationToken)
   at System.Net.Http.AuthenticationHelper.SendWithAuthAsync(HttpRequestMessage request, Uri authUri, Boolean async, ICredentials credentials, Boolean preAuthenticate, Boolean isProxyAuth, Boolean doRequestAuth, HttpConnectionPool pool, CancellationToken cancellationToken)
   at System.Net.Http.RedirectHandler.SendAsync(HttpRequestMessage request, Boolean async, CancellationToken cancellationToken)
   at GitHub.Services.Common.RawHttpMessageHandler.SendAsync(HttpRequestMessage request, CancellationToken cancellationToken)
   at GitHub.Services.Common.VssHttpRetryMessageHandler.SendAsync(HttpRequestMessage request, CancellationToken cancellationToken)
   at System.Net.Http.HttpClient.<SendAsync>g__Core|83_0(HttpRequestMessage request, HttpCompletionOption completionOption, CancellationTokenSource cts, Boolean disposeCts, CancellationTokenSource pendingRequestsCts, CancellationToken originalCancellationToken)
[2025-08-10 13:58:59Z ERR  BrokerServer] #####################################################
[2025-08-10 13:58:59Z ERR  BrokerServer] System.IO.IOException: Unable to read data from the transport connection: Bir iş parçacığı çıkışı veya bir uygulama isteği nedeniyle G/Ç işlemi iptal edildi..
 ---> System.Net.Sockets.SocketException (995): Bir iş parçacığı çıkışı veya bir uygulama isteği nedeniyle G/Ç işlemi iptal edildi.
   --- End of inner exception stack trace ---
   at System.Net.Sockets.Socket.AwaitableSocketAsyncEventArgs.ThrowException(SocketError error, CancellationToken cancellationToken)
   at System.Net.Sockets.Socket.AwaitableSocketAsyncEventArgs.System.Threading.Tasks.Sources.IValueTaskSource<System.Int32>.GetResult(Int16 token)
   at System.Net.Security.SslStream.EnsureFullTlsFrameAsync[TIOAdapter](CancellationToken cancellationToken, Int32 estimatedSize)
   at System.Runtime.CompilerServices.PoolingAsyncValueTaskMethodBuilder`1.StateMachineBox`1.System.Threading.Tasks.Sources.IValueTaskSource<TResult>.GetResult(Int16 token)
   at System.Net.Security.SslStream.ReadAsyncInternal[TIOAdapter](Memory`1 buffer, CancellationToken cancellationToken)
   at System.Runtime.CompilerServices.PoolingAsyncValueTaskMethodBuilder`1.StateMachineBox`1.System.Threading.Tasks.Sources.IValueTaskSource<TResult>.GetResult(Int16 token)
   at System.Net.Http.HttpConnection.SendAsync(HttpRequestMessage request, Boolean async, CancellationToken cancellationToken)
[2025-08-10 13:58:59Z ERR  BrokerServer] #####################################################
[2025-08-10 13:58:59Z ERR  BrokerServer] System.Net.Sockets.SocketException (995): Bir iş parçacığı çıkışı veya bir uygulama isteği nedeniyle G/Ç işlemi iptal edildi.
[2025-08-10 13:58:59Z WARN BrokerServer] Back off 8,239 seconds before next retry. 4 attempt left.
[2025-08-10 13:58:59Z INFO BrokerMessageListener] Get messages has been cancelled using local token source. Continue to get messages with new status.
[2025-08-10 14:20:29Z INFO HostContext] Runner will be shutdown for UserCancelled
[2025-08-10 14:20:29Z WARN GitHubActionsService] GET request to https://broker.actions.githubusercontent.com/message?sessionId=aa085215-9b90-4a17-9fa4-11fe04e25a9d&status=Online&runnerVersion=2.327.1&os=Windows&architecture=X64&disableUpdate=false has been cancelled.
[2025-08-10 14:20:29Z ERR  BrokerServer] Catch exception during request
[2025-08-10 14:20:29Z ERR  BrokerServer] System.Threading.Tasks.TaskCanceledException: The operation was canceled.
 ---> System.Threading.Tasks.TaskCanceledException: The operation was canceled.
 ---> System.IO.IOException: Unable to read data from the transport connection: Bir iş parçacığı çıkışı veya bir uygulama isteği nedeniyle G/Ç işlemi iptal edildi..
 ---> System.Net.Sockets.SocketException (995): Bir iş parçacığı çıkışı veya bir uygulama isteği nedeniyle G/Ç işlemi iptal edildi.
   --- End of inner exception stack trace ---
   at System.Net.Sockets.Socket.AwaitableSocketAsyncEventArgs.ThrowException(SocketError error, CancellationToken cancellationToken)
   at System.Net.Sockets.Socket.AwaitableSocketAsyncEventArgs.System.Threading.Tasks.Sources.IValueTaskSource<System.Int32>.GetResult(Int16 token)
   at System.Net.Security.SslStream.EnsureFullTlsFrameAsync[TIOAdapter](CancellationToken cancellationToken, Int32 estimatedSize)
   at System.Runtime.CompilerServices.PoolingAsyncValueTaskMethodBuilder`1.StateMachineBox`1.System.Threading.Tasks.Sources.IValueTaskSource<TResult>.GetResult(Int16 token)
   at System.Net.Security.SslStream.ReadAsyncInternal[TIOAdapter](Memory`1 buffer, CancellationToken cancellationToken)
   at System.Runtime.CompilerServices.PoolingAsyncValueTaskMethodBuilder`1.StateMachineBox`1.System.Threading.Tasks.Sources.IValueTaskSource<TResult>.GetResult(Int16 token)
   at System.Net.Http.HttpConnection.SendAsync(HttpRequestMessage request, Boolean async, CancellationToken cancellationToken)
   --- End of inner exception stack trace ---
   at System.Net.Http.HttpConnection.SendAsync(HttpRequestMessage request, Boolean async, CancellationToken cancellationToken)
   at System.Net.Http.AuthenticationHelper.SendWithNtAuthAsync(HttpRequestMessage request, Uri authUri, Boolean async, ICredentials credentials, Boolean isProxyAuth, HttpConnection connection, HttpConnectionPool connectionPool, CancellationToken cancellationToken)
   at System.Net.Http.HttpConnectionPool.SendWithVersionDetectionAndRetryAsync(HttpRequestMessage request, Boolean async, Boolean doRequestAuth, CancellationToken cancellationToken)
   at System.Net.Http.AuthenticationHelper.SendWithAuthAsync(HttpRequestMessage request, Uri authUri, Boolean async, ICredentials credentials, Boolean preAuthenticate, Boolean isProxyAuth, Boolean doRequestAuth, HttpConnectionPool pool, CancellationToken cancellationToken)
   at System.Net.Http.RedirectHandler.SendAsync(HttpRequestMessage request, Boolean async, CancellationToken cancellationToken)
   at GitHub.Services.Common.RawHttpMessageHandler.SendAsync(HttpRequestMessage request, CancellationToken cancellationToken)
   at GitHub.Services.Common.VssHttpRetryMessageHandler.SendAsync(HttpRequestMessage request, CancellationToken cancellationToken)
   at System.Net.Http.HttpClient.<SendAsync>g__Core|83_0(HttpRequestMessage request, HttpCompletionOption completionOption, CancellationTokenSource cts, Boolean disposeCts, CancellationTokenSource pendingRequestsCts, CancellationToken originalCancellationToken)
   --- End of inner exception stack trace ---
   at System.Net.Http.HttpClient.HandleFailure(Exception e, Boolean telemetryStarted, HttpResponseMessage response, CancellationTokenSource cts, CancellationToken cancellationToken, CancellationTokenSource pendingRequestsCts)
   at System.Net.Http.HttpClient.<SendAsync>g__Core|83_0(HttpRequestMessage request, HttpCompletionOption completionOption, CancellationTokenSource cts, Boolean disposeCts, CancellationTokenSource pendingRequestsCts, CancellationToken originalCancellationToken)
   at Sdk.WebApi.WebApi.RawHttpClientBase.SendAsync(HttpRequestMessage message, HttpCompletionOption completionOption, Object userState, CancellationToken cancellationToken)
   at Sdk.WebApi.WebApi.RawHttpClientBase.SendAsync[T](HttpRequestMessage message, Boolean readErrorBody, Object userState, CancellationToken cancellationToken)
   at Sdk.WebApi.WebApi.RawHttpClientBase.SendAsync[T](HttpMethod method, IEnumerable`1 additionalHeaders, Uri requestUri, HttpContent content, IEnumerable`1 queryParameters, Boolean readErrorBody, Object userState, CancellationToken cancellationToken)
   at GitHub.Actions.RunService.WebApi.BrokerHttpClient.GetRunnerMessageAsync(Nullable`1 sessionId, String runnerVersion, Nullable`1 status, String os, String architecture, Nullable`1 disableUpdate, CancellationToken cancellationToken)
   at GitHub.Runner.Common.BrokerServer.<>c__DisplayClass7_0.<<GetRunnerMessageAsync>b__0>d.MoveNext()
--- End of stack trace from previous location ---
   at GitHub.Runner.Common.RunnerService.RetryRequest[T](Func`1 func, CancellationToken cancellationToken, Int32 maxRetryAttemptsCount, Func`2 shouldRetry)
[2025-08-10 14:20:29Z ERR  BrokerServer] #####################################################
[2025-08-10 14:20:29Z ERR  BrokerServer] System.Threading.Tasks.TaskCanceledException: The operation was canceled.
 ---> System.IO.IOException: Unable to read data from the transport connection: Bir iş parçacığı çıkışı veya bir uygulama isteği nedeniyle G/Ç işlemi iptal edildi..
 ---> System.Net.Sockets.SocketException (995): Bir iş parçacığı çıkışı veya bir uygulama isteği nedeniyle G/Ç işlemi iptal edildi.
   --- End of inner exception stack trace ---
   at System.Net.Sockets.Socket.AwaitableSocketAsyncEventArgs.ThrowException(SocketError error, CancellationToken cancellationToken)
   at System.Net.Sockets.Socket.AwaitableSocketAsyncEventArgs.System.Threading.Tasks.Sources.IValueTaskSource<System.Int32>.GetResult(Int16 token)
   at System.Net.Security.SslStream.EnsureFullTlsFrameAsync[TIOAdapter](CancellationToken cancellationToken, Int32 estimatedSize)
   at System.Runtime.CompilerServices.PoolingAsyncValueTaskMethodBuilder`1.StateMachineBox`1.System.Threading.Tasks.Sources.IValueTaskSource<TResult>.GetResult(Int16 token)
   at System.Net.Security.SslStream.ReadAsyncInternal[TIOAdapter](Memory`1 buffer, CancellationToken cancellationToken)
   at System.Runtime.CompilerServices.PoolingAsyncValueTaskMethodBuilder`1.StateMachineBox`1.System.Threading.Tasks.Sources.IValueTaskSource<TResult>.GetResult(Int16 token)
   at System.Net.Http.HttpConnection.SendAsync(HttpRequestMessage request, Boolean async, CancellationToken cancellationToken)
   --- End of inner exception stack trace ---
   at System.Net.Http.HttpConnection.SendAsync(HttpRequestMessage request, Boolean async, CancellationToken cancellationToken)
   at System.Net.Http.AuthenticationHelper.SendWithNtAuthAsync(HttpRequestMessage request, Uri authUri, Boolean async, ICredentials credentials, Boolean isProxyAuth, HttpConnection connection, HttpConnectionPool connectionPool, CancellationToken cancellationToken)
   at System.Net.Http.HttpConnectionPool.SendWithVersionDetectionAndRetryAsync(HttpRequestMessage request, Boolean async, Boolean doRequestAuth, CancellationToken cancellationToken)
   at System.Net.Http.AuthenticationHelper.SendWithAuthAsync(HttpRequestMessage request, Uri authUri, Boolean async, ICredentials credentials, Boolean preAuthenticate, Boolean isProxyAuth, Boolean doRequestAuth, HttpConnectionPool pool, CancellationToken cancellationToken)
   at System.Net.Http.RedirectHandler.SendAsync(HttpRequestMessage request, Boolean async, CancellationToken cancellationToken)
   at GitHub.Services.Common.RawHttpMessageHandler.SendAsync(HttpRequestMessage request, CancellationToken cancellationToken)
   at GitHub.Services.Common.VssHttpRetryMessageHandler.SendAsync(HttpRequestMessage request, CancellationToken cancellationToken)
   at System.Net.Http.HttpClient.<SendAsync>g__Core|83_0(HttpRequestMessage request, HttpCompletionOption completionOption, CancellationTokenSource cts, Boolean disposeCts, CancellationTokenSource pendingRequestsCts, CancellationToken originalCancellationToken)
[2025-08-10 14:20:29Z ERR  BrokerServer] #####################################################
[2025-08-10 14:20:29Z ERR  BrokerServer] System.IO.IOException: Unable to read data from the transport connection: Bir iş parçacığı çıkışı veya bir uygulama isteği nedeniyle G/Ç işlemi iptal edildi..
 ---> System.Net.Sockets.SocketException (995): Bir iş parçacığı çıkışı veya bir uygulama isteği nedeniyle G/Ç işlemi iptal edildi.
   --- End of inner exception stack trace ---
   at System.Net.Sockets.Socket.AwaitableSocketAsyncEventArgs.ThrowException(SocketError error, CancellationToken cancellationToken)
   at System.Net.Sockets.Socket.AwaitableSocketAsyncEventArgs.System.Threading.Tasks.Sources.IValueTaskSource<System.Int32>.GetResult(Int16 token)
   at System.Net.Security.SslStream.EnsureFullTlsFrameAsync[TIOAdapter](CancellationToken cancellationToken, Int32 estimatedSize)
   at System.Runtime.CompilerServices.PoolingAsyncValueTaskMethodBuilder`1.StateMachineBox`1.System.Threading.Tasks.Sources.IValueTaskSource<TResult>.GetResult(Int16 token)
   at System.Net.Security.SslStream.ReadAsyncInternal[TIOAdapter](Memory`1 buffer, CancellationToken cancellationToken)
   at System.Runtime.CompilerServices.PoolingAsyncValueTaskMethodBuilder`1.StateMachineBox`1.System.Threading.Tasks.Sources.IValueTaskSource<TResult>.GetResult(Int16 token)
   at System.Net.Http.HttpConnection.SendAsync(HttpRequestMessage request, Boolean async, CancellationToken cancellationToken)
[2025-08-10 14:20:29Z ERR  BrokerServer] #####################################################
[2025-08-10 14:20:29Z ERR  BrokerServer] System.Net.Sockets.SocketException (995): Bir iş parçacığı çıkışı veya bir uygulama isteği nedeniyle G/Ç işlemi iptal edildi.
[2025-08-10 14:20:29Z WARN BrokerServer] Back off 6,017 seconds before next retry. 4 attempt left.
[2025-08-10 14:20:29Z INFO BrokerMessageListener] Get next message has been cancelled.
[2025-08-10 14:20:29Z INFO JobDispatcher] Shutting down JobDispatcher. Make sure all WorkerDispatcher has finished.
[2025-08-10 14:20:29Z INFO JobDispatcher] Ensure WorkerDispatcher for job 3d23e7c7-d222-5ab6-b1ab-4a661d65ee05 run to finish, cancel any running job.
[2025-08-10 14:20:29Z INFO JobDispatcher] Job request 3d23e7c7-d222-5ab6-b1ab-4a661d65ee05 processed succeed.
[2025-08-10 14:20:29Z INFO Runner] Deleting Runner Session...
[2025-08-10 14:20:30Z INFO Listener] Runner execution been cancelled.
