[2025-08-10 17:44:45Z INFO HostContext] No proxy settings were found based on environmental variables (http_proxy/https_proxy/HTTP_PROXY/HTTPS_PROXY)
[2025-08-10 17:44:45Z INFO HostContext] Well known directory 'Bin': 'C:\Users\Fatih\Desktop\microservices-demo\actions-runner\bin'
[2025-08-10 17:44:45Z INFO HostContext] Well known directory 'Root': 'C:\Users\Fatih\Desktop\microservices-demo\actions-runner'
[2025-08-10 17:44:45Z INFO HostContext] Well known config file 'Credentials': 'C:\Users\Fatih\Desktop\microservices-demo\actions-runner\.credentials'
[2025-08-10 17:44:45Z INFO HostContext] Well known directory 'Bin': 'C:\Users\Fatih\Desktop\microservices-demo\actions-runner\bin'
[2025-08-10 17:44:45Z INFO HostContext] Well known directory 'Root': 'C:\Users\Fatih\Desktop\microservices-demo\actions-runner'
[2025-08-10 17:44:45Z INFO HostContext] Well known config file 'Runner': 'C:\Users\Fatih\Desktop\microservices-demo\actions-runner\.runner'
[2025-08-10 17:44:45Z INFO Listener] Runner is built for Windows (X64) - win-x64.
[2025-08-10 17:44:45Z INFO Listener] RuntimeInformation: Microsoft Windows 10.0.22631.
[2025-08-10 17:44:45Z INFO Listener] Version: 2.327.1
[2025-08-10 17:44:45Z INFO Listener] Commit: 9513afd82fbc900d13362cdd4fcdab0538f5124e
[2025-08-10 17:44:45Z INFO Listener] Culture: tr-TR
[2025-08-10 17:44:45Z INFO Listener] UI Culture: tr-TR
[2025-08-10 17:44:45Z INFO HostContext] Well known directory 'Bin': 'C:\Users\Fatih\Desktop\microservices-demo\actions-runner\bin'
[2025-08-10 17:44:45Z INFO HostContext] Well known directory 'Root': 'C:\Users\Fatih\Desktop\microservices-demo\actions-runner'
[2025-08-10 17:44:45Z INFO Listener] Validating directory permissions for: 'C:\Users\Fatih\Desktop\microservices-demo\actions-runner'
[2025-08-10 17:44:45Z INFO CommandLineParser] Parse
[2025-08-10 17:44:45Z INFO CommandLineParser] Parsing 1 args
[2025-08-10 17:44:45Z INFO CommandLineParser] parsing argument
[2025-08-10 17:44:45Z INFO CommandLineParser] HasArgs: False
[2025-08-10 17:44:45Z INFO CommandLineParser] Adding Command: run
[2025-08-10 17:44:45Z INFO Listener] Arguments parsed
[2025-08-10 17:44:45Z INFO Runner] ExecuteCommand
[2025-08-10 17:44:45Z INFO ConfigurationStore] currentAssemblyLocation: C:\Users\Fatih\Desktop\microservices-demo\actions-runner\bin\Runner.Listener.dll
[2025-08-10 17:44:45Z INFO HostContext] Well known directory 'Bin': 'C:\Users\Fatih\Desktop\microservices-demo\actions-runner\bin'
[2025-08-10 17:44:45Z INFO ConfigurationStore] binPath: C:\Users\Fatih\Desktop\microservices-demo\actions-runner\bin
[2025-08-10 17:44:45Z INFO HostContext] Well known directory 'Bin': 'C:\Users\Fatih\Desktop\microservices-demo\actions-runner\bin'
[2025-08-10 17:44:45Z INFO HostContext] Well known directory 'Root': 'C:\Users\Fatih\Desktop\microservices-demo\actions-runner'
[2025-08-10 17:44:45Z INFO ConfigurationStore] RootFolder: C:\Users\Fatih\Desktop\microservices-demo\actions-runner
[2025-08-10 17:44:45Z INFO HostContext] Well known directory 'Bin': 'C:\Users\Fatih\Desktop\microservices-demo\actions-runner\bin'
[2025-08-10 17:44:45Z INFO HostContext] Well known directory 'Root': 'C:\Users\Fatih\Desktop\microservices-demo\actions-runner'
[2025-08-10 17:44:45Z INFO HostContext] Well known config file 'Runner': 'C:\Users\Fatih\Desktop\microservices-demo\actions-runner\.runner'
[2025-08-10 17:44:45Z INFO ConfigurationStore] ConfigFilePath: C:\Users\Fatih\Desktop\microservices-demo\actions-runner\.runner
[2025-08-10 17:44:45Z INFO HostContext] Well known directory 'Bin': 'C:\Users\Fatih\Desktop\microservices-demo\actions-runner\bin'
[2025-08-10 17:44:45Z INFO HostContext] Well known directory 'Root': 'C:\Users\Fatih\Desktop\microservices-demo\actions-runner'
[2025-08-10 17:44:45Z INFO HostContext] Well known config file 'MigratedRunner': 'C:\Users\Fatih\Desktop\microservices-demo\actions-runner\.runner_migrated'
[2025-08-10 17:44:45Z INFO ConfigurationStore] MigratedConfigFilePath: C:\Users\Fatih\Desktop\microservices-demo\actions-runner\.runner_migrated
[2025-08-10 17:44:45Z INFO HostContext] Well known directory 'Bin': 'C:\Users\Fatih\Desktop\microservices-demo\actions-runner\bin'
[2025-08-10 17:44:45Z INFO HostContext] Well known directory 'Root': 'C:\Users\Fatih\Desktop\microservices-demo\actions-runner'
[2025-08-10 17:44:45Z INFO HostContext] Well known config file 'Credentials': 'C:\Users\Fatih\Desktop\microservices-demo\actions-runner\.credentials'
[2025-08-10 17:44:45Z INFO ConfigurationStore] CredFilePath: C:\Users\Fatih\Desktop\microservices-demo\actions-runner\.credentials
[2025-08-10 17:44:45Z INFO HostContext] Well known directory 'Bin': 'C:\Users\Fatih\Desktop\microservices-demo\actions-runner\bin'
[2025-08-10 17:44:45Z INFO HostContext] Well known directory 'Root': 'C:\Users\Fatih\Desktop\microservices-demo\actions-runner'
[2025-08-10 17:44:45Z INFO HostContext] Well known config file 'MigratedCredentials': 'C:\Users\Fatih\Desktop\microservices-demo\actions-runner\.credentials_migrated'
[2025-08-10 17:44:45Z INFO ConfigurationStore] MigratedCredFilePath: C:\Users\Fatih\Desktop\microservices-demo\actions-runner\.credentials_migrated
[2025-08-10 17:44:45Z INFO HostContext] Well known directory 'Bin': 'C:\Users\Fatih\Desktop\microservices-demo\actions-runner\bin'
[2025-08-10 17:44:45Z INFO HostContext] Well known directory 'Root': 'C:\Users\Fatih\Desktop\microservices-demo\actions-runner'
[2025-08-10 17:44:45Z INFO HostContext] Well known config file 'Service': 'C:\Users\Fatih\Desktop\microservices-demo\actions-runner\.service'
[2025-08-10 17:44:45Z INFO ConfigurationStore] ServiceConfigFilePath: C:\Users\Fatih\Desktop\microservices-demo\actions-runner\.service
[2025-08-10 17:44:45Z INFO CommandSettings] Flag 'help': 'False'
[2025-08-10 17:44:45Z INFO CommandSettings] Flag 'version': 'False'
[2025-08-10 17:44:45Z INFO CommandSettings] Flag 'commit': 'False'
[2025-08-10 17:44:45Z INFO CommandSettings] Flag 'check': 'False'
[2025-08-10 17:44:45Z INFO CommandSettings] Command 'configure': 'False'
[2025-08-10 17:44:45Z INFO CommandSettings] Command 'remove': 'False'
[2025-08-10 17:44:45Z INFO CommandSettings] Command 'warmup': 'False'
[2025-08-10 17:44:45Z INFO ConfigurationManager] LoadSettings
[2025-08-10 17:44:45Z INFO ConfigurationStore] IsConfigured()
[2025-08-10 17:44:45Z INFO ConfigurationStore] IsConfigured: True
[2025-08-10 17:44:45Z INFO ConfigurationManager] Is configured: True
[2025-08-10 17:44:45Z INFO ConfigurationStore] Read setting file: 409 chars
[2025-08-10 17:44:45Z INFO ConfigurationManager] Settings Loaded
[2025-08-10 17:44:45Z INFO ConfigurationStore] IsServiceConfigured()
[2025-08-10 17:44:45Z INFO ConfigurationStore] IsServiceConfigured: False
[2025-08-10 17:44:45Z INFO CommandSettings] Command 'run': 'True'
[2025-08-10 17:44:45Z INFO ConfigurationStore] IsConfigured()
[2025-08-10 17:44:45Z INFO ConfigurationStore] IsConfigured: True
[2025-08-10 17:44:45Z INFO ConfigurationManager] Is configured: True
[2025-08-10 17:44:45Z INFO Runner] Could not parse the argument value '' for StartupType. Defaulting to Manual
[2025-08-10 17:44:45Z INFO Runner] Set runner startup type - Manual
[2025-08-10 17:44:45Z INFO CommandSettings] Flag 'once': 'False'
[2025-08-10 17:44:45Z INFO CommandSettings] Flag 'once': 'False'
[2025-08-10 17:44:45Z INFO Runner] RunAsync
[2025-08-10 17:44:45Z INFO ConfigurationManager] LoadMigratedSettings
[2025-08-10 17:44:45Z INFO ConfigurationStore] IsMigratedConfigured()
[2025-08-10 17:44:45Z INFO ConfigurationStore] IsMigratedConfigured: False
[2025-08-10 17:44:45Z INFO Runner] Failed to load migrated settings: No migrated configuration found.
[2025-08-10 17:44:45Z INFO Runner] Falling back to original .runner settings
[2025-08-10 17:44:45Z INFO Runner] Using BrokerMessageListener
[2025-08-10 17:44:45Z INFO BrokerMessageListener] Using provided settings
[2025-08-10 17:44:45Z INFO BrokerMessageListener] {
  "AgentId": 2,
  "AgentName": "FatihRehaDisci",
  "PoolId": 1,
  "PoolName": "Default",
  "ServerUrl": "https://pipelinesghubeus5.actions.githubusercontent.com/dPW3scQmAHGhqq2nJ5EQoFPRWik9NWz1UwVhNbSFUcw1GfI41T/",
  "GitHubUrl": "https://github.com/fatihreha/online-boutique-thesis",
  "WorkFolder": "_work",
  "UseV2Flow": true,
  "ServerUrlV2": "https://broker.actions.githubusercontent.com/"
}
[2025-08-10 17:44:45Z INFO BrokerMessageListener] Loading Credentials
[2025-08-10 17:44:45Z INFO ConfigurationStore] HasCredentials()
[2025-08-10 17:44:45Z INFO ConfigurationStore] stored True
[2025-08-10 17:44:45Z INFO CredentialManager] GetCredentialProvider
[2025-08-10 17:44:45Z INFO CredentialManager] Creating type OAuth
[2025-08-10 17:44:45Z INFO CredentialManager] Creating credential type: OAuth
[2025-08-10 17:44:45Z INFO HostContext] Well known directory 'Bin': 'C:\Users\Fatih\Desktop\microservices-demo\actions-runner\bin'
[2025-08-10 17:44:45Z INFO HostContext] Well known directory 'Root': 'C:\Users\Fatih\Desktop\microservices-demo\actions-runner'
[2025-08-10 17:44:45Z INFO HostContext] Well known config file 'RSACredentials': 'C:\Users\Fatih\Desktop\microservices-demo\actions-runner\.credentials_rsaparams'
[2025-08-10 17:44:45Z INFO RSAEncryptedFileKeyManager] Loading RSA key parameters from file C:\Users\Fatih\Desktop\microservices-demo\actions-runner\.credentials_rsaparams
[2025-08-10 17:44:45Z INFO BrokerMessageListener] Attempt to create session.
[2025-08-10 17:44:45Z INFO BrokerMessageListener] Connecting to the Broker Server...
[2025-08-10 17:44:45Z INFO ConfigurationStore] HasCredentials()
[2025-08-10 17:44:45Z INFO ConfigurationStore] stored True
[2025-08-10 17:44:45Z INFO CredentialManager] GetCredentialProvider
[2025-08-10 17:44:45Z INFO CredentialManager] Creating type OAuth
[2025-08-10 17:44:45Z INFO CredentialManager] Creating credential type: OAuth
[2025-08-10 17:44:45Z INFO RSAEncryptedFileKeyManager] Loading RSA key parameters from file C:\Users\Fatih\Desktop\microservices-demo\actions-runner\.credentials_rsaparams
[2025-08-10 17:44:46Z INFO BrokerMessageListener] VssConnection created
[2025-08-10 17:44:46Z INFO BrokerMessageListener] Connecting to the Runner server...
[2025-08-10 17:44:46Z INFO RunnerServer] EstablishVssConnection
[2025-08-10 17:44:46Z INFO RunnerServer] Establish connection with 100 seconds timeout.
[2025-08-10 17:44:46Z INFO GitHubActionsService] Starting operation Location.GetConnectionData
[2025-08-10 17:44:46Z INFO RunnerServer] EstablishVssConnection
[2025-08-10 17:44:46Z INFO RunnerServer] Establish connection with 60 seconds timeout.
[2025-08-10 17:44:46Z INFO GitHubActionsService] Starting operation Location.GetConnectionData
[2025-08-10 17:44:46Z INFO RunnerServer] EstablishVssConnection
[2025-08-10 17:44:46Z INFO RunnerServer] Establish connection with 60 seconds timeout.
[2025-08-10 17:44:46Z INFO GitHubActionsService] Starting operation Location.GetConnectionData
[2025-08-10 17:44:46Z INFO GitHubActionsService] Finished operation Location.GetConnectionData
[2025-08-10 17:44:46Z INFO GitHubActionsService] Finished operation Location.GetConnectionData
[2025-08-10 17:44:46Z INFO GitHubActionsService] Finished operation Location.GetConnectionData
[2025-08-10 17:44:46Z INFO BrokerMessageListener] VssConnection created
[2025-08-10 17:44:46Z INFO Terminal] WRITE LINE: 
[2025-08-10 17:44:46Z INFO Terminal] WRITE LINE: 
[2025-08-10 17:44:46Z INFO RSAEncryptedFileKeyManager] Loading RSA key parameters from file C:\Users\Fatih\Desktop\microservices-demo\actions-runner\.credentials_rsaparams
[2025-08-10 17:44:46Z INFO RSAEncryptedFileKeyManager] Loading RSA key parameters from file C:\Users\Fatih\Desktop\microservices-demo\actions-runner\.credentials_rsaparams
[2025-08-10 17:44:47Z INFO GitHubActionsService] AAD Correlation ID for this token request: Unknown
[2025-08-10 17:44:47Z INFO BrokerMessageListener] Session created.
[2025-08-10 17:44:47Z INFO Terminal] WRITE LINE: Current runner version: '2.327.1'
[2025-08-10 17:44:47Z INFO Terminal] WRITE LINE: 2025-08-10 17:44:47Z: Listening for Jobs
[2025-08-10 17:44:47Z INFO JobDispatcher] Set runner/worker IPC timeout to 30 seconds.
[2025-08-10 17:44:48Z INFO ConfigurationStore] HasCredentials()
[2025-08-10 17:44:48Z INFO ConfigurationStore] stored True
[2025-08-10 17:44:48Z INFO CredentialManager] GetCredentialProvider
[2025-08-10 17:44:48Z INFO CredentialManager] Creating type OAuth
[2025-08-10 17:44:48Z INFO CredentialManager] Creating credential type: OAuth
[2025-08-10 17:44:48Z INFO RSAEncryptedFileKeyManager] Loading RSA key parameters from file C:\Users\Fatih\Desktop\microservices-demo\actions-runner\.credentials_rsaparams
[2025-08-10 17:44:48Z INFO RSAEncryptedFileKeyManager] Loading RSA key parameters from file C:\Users\Fatih\Desktop\microservices-demo\actions-runner\.credentials_rsaparams
[2025-08-10 17:44:48Z INFO RSAEncryptedFileKeyManager] Loading RSA key parameters from file C:\Users\Fatih\Desktop\microservices-demo\actions-runner\.credentials_rsaparams
[2025-08-10 17:44:48Z INFO GitHubActionsService] AAD Correlation ID for this token request: Unknown
[2025-08-10 17:44:49Z INFO JobDispatcher] Job request 0 for plan 4e06aad2-cb2d-44dd-afb2-0e70d2710afa job f33c85b0-c6fd-5a47-996e-b789b489e40e received.
[2025-08-10 17:44:49Z INFO JobDispatcher] Pull OrchestrationId 4e06aad2-cb2d-44dd-afb2-0e70d2710afa.build-and-deploy.__default from JWT claims
[2025-08-10 17:44:49Z INFO BrokerMessageListener] Received job status event. JobState: Busy
[2025-08-10 17:44:49Z INFO BrokerMessageListener] _getMessagesTokenSource is already disposed.
[2025-08-10 17:44:49Z INFO Terminal] WRITE LINE: 2025-08-10 17:44:49Z: Running job: build-and-deploy
[2025-08-10 17:44:49Z INFO JobDispatcher] Start renew job request 0 for job f33c85b0-c6fd-5a47-996e-b789b489e40e.
[2025-08-10 17:44:50Z INFO JobDispatcher] Successfully renew job f33c85b0-c6fd-5a47-996e-b789b489e40e, job is valid till 10.08.2025 17:54:53
[2025-08-10 17:44:50Z INFO HostContext] Well known directory 'Bin': 'C:\Users\Fatih\Desktop\microservices-demo\actions-runner\bin'
[2025-08-10 17:44:50Z INFO ProcessInvokerWrapper] Starting process:
[2025-08-10 17:44:50Z INFO ProcessInvokerWrapper]   File name: 'C:\Users\Fatih\Desktop\microservices-demo\actions-runner\bin\Runner.Worker.exe'
[2025-08-10 17:44:50Z INFO ProcessInvokerWrapper]   Arguments: 'spawnclient 2272 2332'
[2025-08-10 17:44:50Z INFO ProcessInvokerWrapper]   Working directory: 'C:\Users\Fatih\Desktop\microservices-demo\actions-runner\bin'
[2025-08-10 17:44:50Z INFO ProcessInvokerWrapper]   Require exit code zero: 'False'
[2025-08-10 17:44:50Z INFO ProcessInvokerWrapper]   Encoding web name:  ; code page: ''
[2025-08-10 17:44:50Z INFO ProcessInvokerWrapper]   Force kill process on cancellation: 'True'
[2025-08-10 17:44:50Z INFO ProcessInvokerWrapper]   Redirected STDIN: 'False'
[2025-08-10 17:44:50Z INFO ProcessInvokerWrapper]   Persist current code page: 'False'
[2025-08-10 17:44:50Z INFO ProcessInvokerWrapper]   Keep redirected STDIN open: 'False'
[2025-08-10 17:44:50Z INFO ProcessInvokerWrapper]   High priority process: 'True'
[2025-08-10 17:44:50Z INFO ProcessInvokerWrapper] Process started with process id 53540, waiting for process exit.
[2025-08-10 17:44:50Z INFO JobDispatcher] Send job request message to worker for job f33c85b0-c6fd-5a47-996e-b789b489e40e.
[2025-08-10 17:44:50Z INFO ProcessChannel] Sending message of length 20556, with hash '6a7d9a6cc1116e2c878706d3e4456cf99261091cafb832fb2d61561de4931f8c'
[2025-08-10 17:44:50Z INFO JobNotification] Entering JobStarted Notification
[2025-08-10 17:44:50Z INFO JobNotification] Entering StartMonitor
[2025-08-10 17:45:50Z INFO JobDispatcher] Successfully renew job f33c85b0-c6fd-5a47-996e-b789b489e40e, job is valid till 10.08.2025 17:55:54
[2025-08-10 17:46:43Z INFO ProcessInvokerWrapper] STDOUT/STDERR stream read finished.
[2025-08-10 17:46:43Z INFO ProcessInvokerWrapper] STDOUT/STDERR stream read finished.
[2025-08-10 17:46:43Z INFO ProcessInvokerWrapper] Finished process 53540 with exit code 100, and elapsed time 00:01:53.6025136.
[2025-08-10 17:46:43Z INFO JobDispatcher] Worker finished for job f33c85b0-c6fd-5a47-996e-b789b489e40e. Code: 100
[2025-08-10 17:46:43Z INFO JobDispatcher] finish job request for job f33c85b0-c6fd-5a47-996e-b789b489e40e with result: Succeeded
[2025-08-10 17:46:43Z INFO Terminal] WRITE LINE: 2025-08-10 17:46:43Z: Job build-and-deploy completed with result: Succeeded
[2025-08-10 17:46:43Z INFO JobDispatcher] Stop renew job request for job f33c85b0-c6fd-5a47-996e-b789b489e40e.
[2025-08-10 17:46:43Z INFO JobDispatcher] job renew has been cancelled, stop renew job f33c85b0-c6fd-5a47-996e-b789b489e40e.
[2025-08-10 17:46:43Z INFO JobNotification] Entering JobCompleted Notification
[2025-08-10 17:46:43Z INFO JobNotification] Entering EndMonitor
[2025-08-10 17:46:43Z INFO BrokerMessageListener] Received job status event. JobState: Online
[2025-08-10 17:46:43Z WARN GitHubActionsService] GET request to https://broker.actions.githubusercontent.com/message?sessionId=6c974cc5-8de2-4d68-aea6-f6982d817cd7&status=Busy&runnerVersion=2.327.1&os=Windows&architecture=X64&disableUpdate=false has been cancelled.
[2025-08-10 17:46:43Z ERR  BrokerServer] Catch exception during request
[2025-08-10 17:46:44Z ERR  BrokerServer] System.Threading.Tasks.TaskCanceledException: The operation was canceled.
 ---> System.Threading.Tasks.TaskCanceledException: The operation was canceled.
 ---> System.IO.IOException: Unable to read data from the transport connection: Bir iş parçacığı çıkışı veya bir uygulama isteği nedeniyle G/Ç işlemi iptal edildi..
 ---> System.Net.Sockets.SocketException (995): Bir iş parçacığı çıkışı veya bir uygulama isteği nedeniyle G/Ç işlemi iptal edildi.
   --- End of inner exception stack trace ---
   at System.Net.Sockets.Socket.AwaitableSocketAsyncEventArgs.ThrowException(SocketError error, CancellationToken cancellationToken)
   at System.Net.Sockets.Socket.AwaitableSocketAsyncEventArgs.System.Threading.Tasks.Sources.IValueTaskSource<System.Int32>.GetResult(Int16 token)
   at System.Net.Security.SslStream.EnsureFullTlsFrameAsync[TIOAdapter](CancellationToken cancellationToken, Int32 estimatedSize)
   at System.Runtime.CompilerServices.PoolingAsyncValueTaskMethodBuilder`1.StateMachineBox`1.System.Threading.Tasks.Sources.IValueTaskSource<TResult>.GetResult(Int16 token)
   at System.Net.Security.SslStream.ReadAsyncInternal[TIOAdapter](Memory`1 buffer, CancellationToken cancellationToken)
   at System.Runtime.CompilerServices.PoolingAsyncValueTaskMethodBuilder`1.StateMachineBox`1.System.Threading.Tasks.Sources.IValueTaskSource<TResult>.GetResult(Int16 token)
   at System.Net.Http.HttpConnection.SendAsync(HttpRequestMessage request, Boolean async, CancellationToken cancellationToken)
   --- End of inner exception stack trace ---
   at System.Net.Http.HttpConnection.SendAsync(HttpRequestMessage request, Boolean async, CancellationToken cancellationToken)
   at System.Net.Http.AuthenticationHelper.SendWithNtAuthAsync(HttpRequestMessage request, Uri authUri, Boolean async, ICredentials credentials, Boolean isProxyAuth, HttpConnection connection, HttpConnectionPool connectionPool, CancellationToken cancellationToken)
   at System.Net.Http.HttpConnectionPool.SendWithVersionDetectionAndRetryAsync(HttpRequestMessage request, Boolean async, Boolean doRequestAuth, CancellationToken cancellationToken)
   at System.Net.Http.AuthenticationHelper.SendWithAuthAsync(HttpRequestMessage request, Uri authUri, Boolean async, ICredentials credentials, Boolean preAuthenticate, Boolean isProxyAuth, Boolean doRequestAuth, HttpConnectionPool pool, CancellationToken cancellationToken)
   at System.Net.Http.RedirectHandler.SendAsync(HttpRequestMessage request, Boolean async, CancellationToken cancellationToken)
   at GitHub.Services.Common.RawHttpMessageHandler.SendAsync(HttpRequestMessage request, CancellationToken cancellationToken)
   at GitHub.Services.Common.VssHttpRetryMessageHandler.SendAsync(HttpRequestMessage request, CancellationToken cancellationToken)
   at System.Net.Http.HttpClient.<SendAsync>g__Core|83_0(HttpRequestMessage request, HttpCompletionOption completionOption, CancellationTokenSource cts, Boolean disposeCts, CancellationTokenSource pendingRequestsCts, CancellationToken originalCancellationToken)
   --- End of inner exception stack trace ---
   at System.Net.Http.HttpClient.HandleFailure(Exception e, Boolean telemetryStarted, HttpResponseMessage response, CancellationTokenSource cts, CancellationToken cancellationToken, CancellationTokenSource pendingRequestsCts)
   at System.Net.Http.HttpClient.<SendAsync>g__Core|83_0(HttpRequestMessage request, HttpCompletionOption completionOption, CancellationTokenSource cts, Boolean disposeCts, CancellationTokenSource pendingRequestsCts, CancellationToken originalCancellationToken)
   at Sdk.WebApi.WebApi.RawHttpClientBase.SendAsync(HttpRequestMessage message, HttpCompletionOption completionOption, Object userState, CancellationToken cancellationToken)
   at Sdk.WebApi.WebApi.RawHttpClientBase.SendAsync[T](HttpRequestMessage message, Boolean readErrorBody, Object userState, CancellationToken cancellationToken)
   at Sdk.WebApi.WebApi.RawHttpClientBase.SendAsync[T](HttpMethod method, IEnumerable`1 additionalHeaders, Uri requestUri, HttpContent content, IEnumerable`1 queryParameters, Boolean readErrorBody, Object userState, CancellationToken cancellationToken)
   at GitHub.Actions.RunService.WebApi.BrokerHttpClient.GetRunnerMessageAsync(Nullable`1 sessionId, String runnerVersion, Nullable`1 status, String os, String architecture, Nullable`1 disableUpdate, CancellationToken cancellationToken)
   at GitHub.Runner.Common.BrokerServer.<>c__DisplayClass7_0.<<GetRunnerMessageAsync>b__0>d.MoveNext()
--- End of stack trace from previous location ---
   at GitHub.Runner.Common.RunnerService.RetryRequest[T](Func`1 func, CancellationToken cancellationToken, Int32 maxRetryAttemptsCount, Func`2 shouldRetry)
[2025-08-10 17:46:44Z ERR  BrokerServer] #####################################################
[2025-08-10 17:46:44Z ERR  BrokerServer] System.Threading.Tasks.TaskCanceledException: The operation was canceled.
 ---> System.IO.IOException: Unable to read data from the transport connection: Bir iş parçacığı çıkışı veya bir uygulama isteği nedeniyle G/Ç işlemi iptal edildi..
 ---> System.Net.Sockets.SocketException (995): Bir iş parçacığı çıkışı veya bir uygulama isteği nedeniyle G/Ç işlemi iptal edildi.
   --- End of inner exception stack trace ---
   at System.Net.Sockets.Socket.AwaitableSocketAsyncEventArgs.ThrowException(SocketError error, CancellationToken cancellationToken)
   at System.Net.Sockets.Socket.AwaitableSocketAsyncEventArgs.System.Threading.Tasks.Sources.IValueTaskSource<System.Int32>.GetResult(Int16 token)
   at System.Net.Security.SslStream.EnsureFullTlsFrameAsync[TIOAdapter](CancellationToken cancellationToken, Int32 estimatedSize)
   at System.Runtime.CompilerServices.PoolingAsyncValueTaskMethodBuilder`1.StateMachineBox`1.System.Threading.Tasks.Sources.IValueTaskSource<TResult>.GetResult(Int16 token)
   at System.Net.Security.SslStream.ReadAsyncInternal[TIOAdapter](Memory`1 buffer, CancellationToken cancellationToken)
   at System.Runtime.CompilerServices.PoolingAsyncValueTaskMethodBuilder`1.StateMachineBox`1.System.Threading.Tasks.Sources.IValueTaskSource<TResult>.GetResult(Int16 token)
   at System.Net.Http.HttpConnection.SendAsync(HttpRequestMessage request, Boolean async, CancellationToken cancellationToken)
   --- End of inner exception stack trace ---
   at System.Net.Http.HttpConnection.SendAsync(HttpRequestMessage request, Boolean async, CancellationToken cancellationToken)
   at System.Net.Http.AuthenticationHelper.SendWithNtAuthAsync(HttpRequestMessage request, Uri authUri, Boolean async, ICredentials credentials, Boolean isProxyAuth, HttpConnection connection, HttpConnectionPool connectionPool, CancellationToken cancellationToken)
   at System.Net.Http.HttpConnectionPool.SendWithVersionDetectionAndRetryAsync(HttpRequestMessage request, Boolean async, Boolean doRequestAuth, CancellationToken cancellationToken)
   at System.Net.Http.AuthenticationHelper.SendWithAuthAsync(HttpRequestMessage request, Uri authUri, Boolean async, ICredentials credentials, Boolean preAuthenticate, Boolean isProxyAuth, Boolean doRequestAuth, HttpConnectionPool pool, CancellationToken cancellationToken)
   at System.Net.Http.RedirectHandler.SendAsync(HttpRequestMessage request, Boolean async, CancellationToken cancellationToken)
   at GitHub.Services.Common.RawHttpMessageHandler.SendAsync(HttpRequestMessage request, CancellationToken cancellationToken)
   at GitHub.Services.Common.VssHttpRetryMessageHandler.SendAsync(HttpRequestMessage request, CancellationToken cancellationToken)
   at System.Net.Http.HttpClient.<SendAsync>g__Core|83_0(HttpRequestMessage request, HttpCompletionOption completionOption, CancellationTokenSource cts, Boolean disposeCts, CancellationTokenSource pendingRequestsCts, CancellationToken originalCancellationToken)
[2025-08-10 17:46:44Z ERR  BrokerServer] #####################################################
[2025-08-10 17:46:44Z ERR  BrokerServer] System.IO.IOException: Unable to read data from the transport connection: Bir iş parçacığı çıkışı veya bir uygulama isteği nedeniyle G/Ç işlemi iptal edildi..
 ---> System.Net.Sockets.SocketException (995): Bir iş parçacığı çıkışı veya bir uygulama isteği nedeniyle G/Ç işlemi iptal edildi.
   --- End of inner exception stack trace ---
   at System.Net.Sockets.Socket.AwaitableSocketAsyncEventArgs.ThrowException(SocketError error, CancellationToken cancellationToken)
   at System.Net.Sockets.Socket.AwaitableSocketAsyncEventArgs.System.Threading.Tasks.Sources.IValueTaskSource<System.Int32>.GetResult(Int16 token)
   at System.Net.Security.SslStream.EnsureFullTlsFrameAsync[TIOAdapter](CancellationToken cancellationToken, Int32 estimatedSize)
   at System.Runtime.CompilerServices.PoolingAsyncValueTaskMethodBuilder`1.StateMachineBox`1.System.Threading.Tasks.Sources.IValueTaskSource<TResult>.GetResult(Int16 token)
   at System.Net.Security.SslStream.ReadAsyncInternal[TIOAdapter](Memory`1 buffer, CancellationToken cancellationToken)
   at System.Runtime.CompilerServices.PoolingAsyncValueTaskMethodBuilder`1.StateMachineBox`1.System.Threading.Tasks.Sources.IValueTaskSource<TResult>.GetResult(Int16 token)
   at System.Net.Http.HttpConnection.SendAsync(HttpRequestMessage request, Boolean async, CancellationToken cancellationToken)
[2025-08-10 17:46:44Z ERR  BrokerServer] #####################################################
[2025-08-10 17:46:44Z ERR  BrokerServer] System.Net.Sockets.SocketException (995): Bir iş parçacığı çıkışı veya bir uygulama isteği nedeniyle G/Ç işlemi iptal edildi.
[2025-08-10 17:46:44Z WARN BrokerServer] Back off 8,56 seconds before next retry. 4 attempt left.
[2025-08-10 17:46:44Z INFO BrokerMessageListener] Get messages has been cancelled using local token source. Continue to get messages with new status.
[2025-08-10 17:46:45Z INFO ConfigurationStore] HasCredentials()
[2025-08-10 17:46:45Z INFO ConfigurationStore] stored True
[2025-08-10 17:46:45Z INFO CredentialManager] GetCredentialProvider
[2025-08-10 17:46:45Z INFO CredentialManager] Creating type OAuth
[2025-08-10 17:46:45Z INFO CredentialManager] Creating credential type: OAuth
[2025-08-10 17:46:45Z INFO RSAEncryptedFileKeyManager] Loading RSA key parameters from file C:\Users\Fatih\Desktop\microservices-demo\actions-runner\.credentials_rsaparams
[2025-08-10 17:46:45Z INFO RSAEncryptedFileKeyManager] Loading RSA key parameters from file C:\Users\Fatih\Desktop\microservices-demo\actions-runner\.credentials_rsaparams
[2025-08-10 17:46:45Z INFO RSAEncryptedFileKeyManager] Loading RSA key parameters from file C:\Users\Fatih\Desktop\microservices-demo\actions-runner\.credentials_rsaparams
[2025-08-10 17:46:45Z INFO GitHubActionsService] AAD Correlation ID for this token request: Unknown
[2025-08-10 17:46:46Z INFO JobDispatcher] Job request 0 for plan f812206a-63a7-4046-9722-ab96846897fd job 1e41c8af-ff6f-5d5f-bf74-aab5ce5354eb received.
[2025-08-10 17:46:46Z INFO JobDispatcher] Pull OrchestrationId f812206a-63a7-4046-9722-ab96846897fd.build-and-deploy.__default from JWT claims
[2025-08-10 17:46:46Z INFO BrokerMessageListener] Received job status event. JobState: Busy
[2025-08-10 17:46:46Z INFO BrokerMessageListener] _getMessagesTokenSource is already disposed.
[2025-08-10 17:46:46Z INFO JobDispatcher] Job request f33c85b0-c6fd-5a47-996e-b789b489e40e processed succeed.
[2025-08-10 17:46:46Z INFO Terminal] WRITE LINE: 2025-08-10 17:46:46Z: Running job: build-and-deploy
[2025-08-10 17:46:46Z INFO JobDispatcher] Start renew job request 0 for job 1e41c8af-ff6f-5d5f-bf74-aab5ce5354eb.
[2025-08-10 17:46:47Z INFO JobDispatcher] Successfully renew job 1e41c8af-ff6f-5d5f-bf74-aab5ce5354eb, job is valid till 10.08.2025 17:56:50
[2025-08-10 17:46:47Z INFO HostContext] Well known directory 'Bin': 'C:\Users\Fatih\Desktop\microservices-demo\actions-runner\bin'
[2025-08-10 17:46:47Z INFO ProcessInvokerWrapper] Starting process:
[2025-08-10 17:46:47Z INFO ProcessInvokerWrapper]   File name: 'C:\Users\Fatih\Desktop\microservices-demo\actions-runner\bin\Runner.Worker.exe'
[2025-08-10 17:46:47Z INFO ProcessInvokerWrapper]   Arguments: 'spawnclient 2456 2468'
[2025-08-10 17:46:47Z INFO ProcessInvokerWrapper]   Working directory: 'C:\Users\Fatih\Desktop\microservices-demo\actions-runner\bin'
[2025-08-10 17:46:47Z INFO ProcessInvokerWrapper]   Require exit code zero: 'False'
[2025-08-10 17:46:47Z INFO ProcessInvokerWrapper]   Encoding web name:  ; code page: ''
[2025-08-10 17:46:47Z INFO ProcessInvokerWrapper]   Force kill process on cancellation: 'True'
[2025-08-10 17:46:47Z INFO ProcessInvokerWrapper]   Redirected STDIN: 'False'
[2025-08-10 17:46:47Z INFO ProcessInvokerWrapper]   Persist current code page: 'False'
[2025-08-10 17:46:47Z INFO ProcessInvokerWrapper]   Keep redirected STDIN open: 'False'
[2025-08-10 17:46:47Z INFO ProcessInvokerWrapper]   High priority process: 'True'
[2025-08-10 17:46:47Z INFO ProcessInvokerWrapper] Process started with process id 25552, waiting for process exit.
[2025-08-10 17:46:47Z INFO JobDispatcher] Send job request message to worker for job 1e41c8af-ff6f-5d5f-bf74-aab5ce5354eb.
[2025-08-10 17:46:47Z INFO ProcessChannel] Sending message of length 20481, with hash '51bf0fcc25483a7402ce73f1b7b9d17bf6b465828321f1ed07bcd1276b5fbcf9'
[2025-08-10 17:46:47Z INFO JobNotification] Entering JobStarted Notification
[2025-08-10 17:46:47Z INFO JobNotification] Entering StartMonitor
[2025-08-10 17:47:47Z INFO JobDispatcher] Successfully renew job 1e41c8af-ff6f-5d5f-bf74-aab5ce5354eb, job is valid till 10.08.2025 17:57:50
[2025-08-10 17:48:11Z INFO ProcessInvokerWrapper] STDOUT/STDERR stream read finished.
[2025-08-10 17:48:11Z INFO ProcessInvokerWrapper] STDOUT/STDERR stream read finished.
[2025-08-10 17:48:11Z INFO ProcessInvokerWrapper] Finished process 25552 with exit code 100, and elapsed time 00:01:24.5517527.
[2025-08-10 17:48:11Z INFO JobDispatcher] Worker finished for job 1e41c8af-ff6f-5d5f-bf74-aab5ce5354eb. Code: 100
[2025-08-10 17:48:11Z INFO JobDispatcher] finish job request for job 1e41c8af-ff6f-5d5f-bf74-aab5ce5354eb with result: Succeeded
[2025-08-10 17:48:11Z INFO Terminal] WRITE LINE: 2025-08-10 17:48:11Z: Job build-and-deploy completed with result: Succeeded
[2025-08-10 17:48:11Z INFO JobDispatcher] Stop renew job request for job 1e41c8af-ff6f-5d5f-bf74-aab5ce5354eb.
[2025-08-10 17:48:11Z INFO JobDispatcher] job renew has been cancelled, stop renew job 1e41c8af-ff6f-5d5f-bf74-aab5ce5354eb.
[2025-08-10 17:48:11Z INFO JobNotification] Entering JobCompleted Notification
[2025-08-10 17:48:11Z INFO JobNotification] Entering EndMonitor
[2025-08-10 17:48:11Z INFO BrokerMessageListener] Received job status event. JobState: Online
[2025-08-10 17:48:11Z WARN GitHubActionsService] GET request to https://broker.actions.githubusercontent.com/message?sessionId=6c974cc5-8de2-4d68-aea6-f6982d817cd7&status=Busy&runnerVersion=2.327.1&os=Windows&architecture=X64&disableUpdate=false has been cancelled.
[2025-08-10 17:48:11Z ERR  BrokerServer] Catch exception during request
[2025-08-10 17:48:11Z ERR  BrokerServer] System.Threading.Tasks.TaskCanceledException: The operation was canceled.
 ---> System.Threading.Tasks.TaskCanceledException: The operation was canceled.
 ---> System.IO.IOException: Unable to read data from the transport connection: Bir iş parçacığı çıkışı veya bir uygulama isteği nedeniyle G/Ç işlemi iptal edildi..
 ---> System.Net.Sockets.SocketException (995): Bir iş parçacığı çıkışı veya bir uygulama isteği nedeniyle G/Ç işlemi iptal edildi.
   --- End of inner exception stack trace ---
   at System.Net.Sockets.Socket.AwaitableSocketAsyncEventArgs.System.Threading.Tasks.Sources.IValueTaskSource<System.Int32>.GetResult(Int16 token)
   at System.Net.Security.SslStream.EnsureFullTlsFrameAsync[TIOAdapter](CancellationToken cancellationToken, Int32 estimatedSize)
   at System.Runtime.CompilerServices.PoolingAsyncValueTaskMethodBuilder`1.StateMachineBox`1.System.Threading.Tasks.Sources.IValueTaskSource<TResult>.GetResult(Int16 token)
   at System.Net.Security.SslStream.ReadAsyncInternal[TIOAdapter](Memory`1 buffer, CancellationToken cancellationToken)
   at System.Runtime.CompilerServices.PoolingAsyncValueTaskMethodBuilder`1.StateMachineBox`1.System.Threading.Tasks.Sources.IValueTaskSource<TResult>.GetResult(Int16 token)
   at System.Net.Http.HttpConnection.SendAsync(HttpRequestMessage request, Boolean async, CancellationToken cancellationToken)
   --- End of inner exception stack trace ---
   at System.Net.Http.HttpConnection.SendAsync(HttpRequestMessage request, Boolean async, CancellationToken cancellationToken)
   at System.Net.Http.AuthenticationHelper.SendWithNtAuthAsync(HttpRequestMessage request, Uri authUri, Boolean async, ICredentials credentials, Boolean isProxyAuth, HttpConnection connection, HttpConnectionPool connectionPool, CancellationToken cancellationToken)
   at System.Net.Http.HttpConnectionPool.SendWithVersionDetectionAndRetryAsync(HttpRequestMessage request, Boolean async, Boolean doRequestAuth, CancellationToken cancellationToken)
   at System.Net.Http.AuthenticationHelper.SendWithAuthAsync(HttpRequestMessage request, Uri authUri, Boolean async, ICredentials credentials, Boolean preAuthenticate, Boolean isProxyAuth, Boolean doRequestAuth, HttpConnectionPool pool, CancellationToken cancellationToken)
   at System.Net.Http.RedirectHandler.SendAsync(HttpRequestMessage request, Boolean async, CancellationToken cancellationToken)
   at GitHub.Services.Common.RawHttpMessageHandler.SendAsync(HttpRequestMessage request, CancellationToken cancellationToken)
   at GitHub.Services.Common.VssHttpRetryMessageHandler.SendAsync(HttpRequestMessage request, CancellationToken cancellationToken)
   at System.Net.Http.HttpClient.<SendAsync>g__Core|83_0(HttpRequestMessage request, HttpCompletionOption completionOption, CancellationTokenSource cts, Boolean disposeCts, CancellationTokenSource pendingRequestsCts, CancellationToken originalCancellationToken)
   --- End of inner exception stack trace ---
   at System.Net.Http.HttpClient.HandleFailure(Exception e, Boolean telemetryStarted, HttpResponseMessage response, CancellationTokenSource cts, CancellationToken cancellationToken, CancellationTokenSource pendingRequestsCts)
   at System.Net.Http.HttpClient.<SendAsync>g__Core|83_0(HttpRequestMessage request, HttpCompletionOption completionOption, CancellationTokenSource cts, Boolean disposeCts, CancellationTokenSource pendingRequestsCts, CancellationToken originalCancellationToken)
   at Sdk.WebApi.WebApi.RawHttpClientBase.SendAsync(HttpRequestMessage message, HttpCompletionOption completionOption, Object userState, CancellationToken cancellationToken)
   at Sdk.WebApi.WebApi.RawHttpClientBase.SendAsync[T](HttpRequestMessage message, Boolean readErrorBody, Object userState, CancellationToken cancellationToken)
   at Sdk.WebApi.WebApi.RawHttpClientBase.SendAsync[T](HttpMethod method, IEnumerable`1 additionalHeaders, Uri requestUri, HttpContent content, IEnumerable`1 queryParameters, Boolean readErrorBody, Object userState, CancellationToken cancellationToken)
   at GitHub.Actions.RunService.WebApi.BrokerHttpClient.GetRunnerMessageAsync(Nullable`1 sessionId, String runnerVersion, Nullable`1 status, String os, String architecture, Nullable`1 disableUpdate, CancellationToken cancellationToken)
   at GitHub.Runner.Common.BrokerServer.<>c__DisplayClass7_0.<<GetRunnerMessageAsync>b__0>d.MoveNext()
--- End of stack trace from previous location ---
   at GitHub.Runner.Common.RunnerService.RetryRequest[T](Func`1 func, CancellationToken cancellationToken, Int32 maxRetryAttemptsCount, Func`2 shouldRetry)
[2025-08-10 17:48:11Z ERR  BrokerServer] #####################################################
[2025-08-10 17:48:11Z ERR  BrokerServer] System.Threading.Tasks.TaskCanceledException: The operation was canceled.
 ---> System.IO.IOException: Unable to read data from the transport connection: Bir iş parçacığı çıkışı veya bir uygulama isteği nedeniyle G/Ç işlemi iptal edildi..
 ---> System.Net.Sockets.SocketException (995): Bir iş parçacığı çıkışı veya bir uygulama isteği nedeniyle G/Ç işlemi iptal edildi.
   --- End of inner exception stack trace ---
   at System.Net.Sockets.Socket.AwaitableSocketAsyncEventArgs.System.Threading.Tasks.Sources.IValueTaskSource<System.Int32>.GetResult(Int16 token)
   at System.Net.Security.SslStream.EnsureFullTlsFrameAsync[TIOAdapter](CancellationToken cancellationToken, Int32 estimatedSize)
   at System.Runtime.CompilerServices.PoolingAsyncValueTaskMethodBuilder`1.StateMachineBox`1.System.Threading.Tasks.Sources.IValueTaskSource<TResult>.GetResult(Int16 token)
   at System.Net.Security.SslStream.ReadAsyncInternal[TIOAdapter](Memory`1 buffer, CancellationToken cancellationToken)
   at System.Runtime.CompilerServices.PoolingAsyncValueTaskMethodBuilder`1.StateMachineBox`1.System.Threading.Tasks.Sources.IValueTaskSource<TResult>.GetResult(Int16 token)
   at System.Net.Http.HttpConnection.SendAsync(HttpRequestMessage request, Boolean async, CancellationToken cancellationToken)
   --- End of inner exception stack trace ---
   at System.Net.Http.HttpConnection.SendAsync(HttpRequestMessage request, Boolean async, CancellationToken cancellationToken)
   at System.Net.Http.AuthenticationHelper.SendWithNtAuthAsync(HttpRequestMessage request, Uri authUri, Boolean async, ICredentials credentials, Boolean isProxyAuth, HttpConnection connection, HttpConnectionPool connectionPool, CancellationToken cancellationToken)
   at System.Net.Http.HttpConnectionPool.SendWithVersionDetectionAndRetryAsync(HttpRequestMessage request, Boolean async, Boolean doRequestAuth, CancellationToken cancellationToken)
   at System.Net.Http.AuthenticationHelper.SendWithAuthAsync(HttpRequestMessage request, Uri authUri, Boolean async, ICredentials credentials, Boolean preAuthenticate, Boolean isProxyAuth, Boolean doRequestAuth, HttpConnectionPool pool, CancellationToken cancellationToken)
   at System.Net.Http.RedirectHandler.SendAsync(HttpRequestMessage request, Boolean async, CancellationToken cancellationToken)
   at GitHub.Services.Common.RawHttpMessageHandler.SendAsync(HttpRequestMessage request, CancellationToken cancellationToken)
   at GitHub.Services.Common.VssHttpRetryMessageHandler.SendAsync(HttpRequestMessage request, CancellationToken cancellationToken)
   at System.Net.Http.HttpClient.<SendAsync>g__Core|83_0(HttpRequestMessage request, HttpCompletionOption completionOption, CancellationTokenSource cts, Boolean disposeCts, CancellationTokenSource pendingRequestsCts, CancellationToken originalCancellationToken)
[2025-08-10 17:48:11Z ERR  BrokerServer] #####################################################
[2025-08-10 17:48:11Z ERR  BrokerServer] System.IO.IOException: Unable to read data from the transport connection: Bir iş parçacığı çıkışı veya bir uygulama isteği nedeniyle G/Ç işlemi iptal edildi..
 ---> System.Net.Sockets.SocketException (995): Bir iş parçacığı çıkışı veya bir uygulama isteği nedeniyle G/Ç işlemi iptal edildi.
   --- End of inner exception stack trace ---
   at System.Net.Sockets.Socket.AwaitableSocketAsyncEventArgs.System.Threading.Tasks.Sources.IValueTaskSource<System.Int32>.GetResult(Int16 token)
   at System.Net.Security.SslStream.EnsureFullTlsFrameAsync[TIOAdapter](CancellationToken cancellationToken, Int32 estimatedSize)
   at System.Runtime.CompilerServices.PoolingAsyncValueTaskMethodBuilder`1.StateMachineBox`1.System.Threading.Tasks.Sources.IValueTaskSource<TResult>.GetResult(Int16 token)
   at System.Net.Security.SslStream.ReadAsyncInternal[TIOAdapter](Memory`1 buffer, CancellationToken cancellationToken)
   at System.Runtime.CompilerServices.PoolingAsyncValueTaskMethodBuilder`1.StateMachineBox`1.System.Threading.Tasks.Sources.IValueTaskSource<TResult>.GetResult(Int16 token)
   at System.Net.Http.HttpConnection.SendAsync(HttpRequestMessage request, Boolean async, CancellationToken cancellationToken)
[2025-08-10 17:48:11Z ERR  BrokerServer] #####################################################
[2025-08-10 17:48:11Z ERR  BrokerServer] System.Net.Sockets.SocketException (995): Bir iş parçacığı çıkışı veya bir uygulama isteği nedeniyle G/Ç işlemi iptal edildi.
[2025-08-10 17:48:11Z WARN BrokerServer] Back off 9,918 seconds before next retry. 4 attempt left.
[2025-08-10 17:48:11Z INFO BrokerMessageListener] Get messages has been cancelled using local token source. Continue to get messages with new status.
[2025-08-10 17:48:12Z INFO ConfigurationStore] HasCredentials()
[2025-08-10 17:48:12Z INFO ConfigurationStore] stored True
[2025-08-10 17:48:12Z INFO CredentialManager] GetCredentialProvider
[2025-08-10 17:48:12Z INFO CredentialManager] Creating type OAuth
[2025-08-10 17:48:12Z INFO CredentialManager] Creating credential type: OAuth
[2025-08-10 17:48:12Z INFO RSAEncryptedFileKeyManager] Loading RSA key parameters from file C:\Users\Fatih\Desktop\microservices-demo\actions-runner\.credentials_rsaparams
[2025-08-10 17:48:12Z INFO RSAEncryptedFileKeyManager] Loading RSA key parameters from file C:\Users\Fatih\Desktop\microservices-demo\actions-runner\.credentials_rsaparams
[2025-08-10 17:48:12Z INFO RSAEncryptedFileKeyManager] Loading RSA key parameters from file C:\Users\Fatih\Desktop\microservices-demo\actions-runner\.credentials_rsaparams
[2025-08-10 17:48:13Z INFO GitHubActionsService] AAD Correlation ID for this token request: Unknown
[2025-08-10 17:48:14Z INFO JobDispatcher] Job request 0 for plan db0b13cb-933f-4a07-8595-9ad8c5d5871a job 7999931e-0af2-5dd5-84a3-aee600b6ccd5 received.
[2025-08-10 17:48:14Z INFO JobDispatcher] Pull OrchestrationId db0b13cb-933f-4a07-8595-9ad8c5d5871a.build-and-deploy.__default from JWT claims
[2025-08-10 17:48:14Z INFO BrokerMessageListener] Received job status event. JobState: Busy
[2025-08-10 17:48:14Z INFO BrokerMessageListener] _getMessagesTokenSource is already disposed.
[2025-08-10 17:48:14Z INFO JobDispatcher] Job request 1e41c8af-ff6f-5d5f-bf74-aab5ce5354eb processed succeed.
[2025-08-10 17:48:14Z INFO Terminal] WRITE LINE: 2025-08-10 17:48:14Z: Running job: build-and-deploy
[2025-08-10 17:48:14Z INFO JobDispatcher] Start renew job request 0 for job 7999931e-0af2-5dd5-84a3-aee600b6ccd5.
[2025-08-10 17:48:14Z INFO JobDispatcher] Successfully renew job 7999931e-0af2-5dd5-84a3-aee600b6ccd5, job is valid till 10.08.2025 17:58:18
[2025-08-10 17:48:14Z INFO HostContext] Well known directory 'Bin': 'C:\Users\Fatih\Desktop\microservices-demo\actions-runner\bin'
[2025-08-10 17:48:14Z INFO ProcessInvokerWrapper] Starting process:
[2025-08-10 17:48:14Z INFO ProcessInvokerWrapper]   File name: 'C:\Users\Fatih\Desktop\microservices-demo\actions-runner\bin\Runner.Worker.exe'
[2025-08-10 17:48:14Z INFO ProcessInvokerWrapper]   Arguments: 'spawnclient 2508 1472'
[2025-08-10 17:48:14Z INFO ProcessInvokerWrapper]   Working directory: 'C:\Users\Fatih\Desktop\microservices-demo\actions-runner\bin'
[2025-08-10 17:48:14Z INFO ProcessInvokerWrapper]   Require exit code zero: 'False'
[2025-08-10 17:48:14Z INFO ProcessInvokerWrapper]   Encoding web name:  ; code page: ''
[2025-08-10 17:48:14Z INFO ProcessInvokerWrapper]   Force kill process on cancellation: 'True'
[2025-08-10 17:48:14Z INFO ProcessInvokerWrapper]   Redirected STDIN: 'False'
[2025-08-10 17:48:14Z INFO ProcessInvokerWrapper]   Persist current code page: 'False'
[2025-08-10 17:48:14Z INFO ProcessInvokerWrapper]   Keep redirected STDIN open: 'False'
[2025-08-10 17:48:14Z INFO ProcessInvokerWrapper]   High priority process: 'True'
[2025-08-10 17:48:14Z INFO ProcessInvokerWrapper] Process started with process id 49280, waiting for process exit.
[2025-08-10 17:48:14Z INFO JobDispatcher] Send job request message to worker for job 7999931e-0af2-5dd5-84a3-aee600b6ccd5.
[2025-08-10 17:48:14Z INFO ProcessChannel] Sending message of length 20495, with hash 'af10ffca249ed6100b519e556d5f9213209e428ff3aac7876166bfba85811533'
[2025-08-10 17:48:15Z INFO JobNotification] Entering JobStarted Notification
[2025-08-10 17:48:15Z INFO JobNotification] Entering StartMonitor
[2025-08-10 17:49:15Z INFO JobDispatcher] Successfully renew job 7999931e-0af2-5dd5-84a3-aee600b6ccd5, job is valid till 10.08.2025 17:59:18
[2025-08-10 17:49:40Z INFO ProcessInvokerWrapper] STDOUT/STDERR stream read finished.
[2025-08-10 17:49:40Z INFO ProcessInvokerWrapper] STDOUT/STDERR stream read finished.
[2025-08-10 17:49:40Z INFO ProcessInvokerWrapper] Finished process 49280 with exit code 100, and elapsed time 00:01:25.3091285.
[2025-08-10 17:49:40Z INFO JobDispatcher] Worker finished for job 7999931e-0af2-5dd5-84a3-aee600b6ccd5. Code: 100
[2025-08-10 17:49:40Z INFO JobDispatcher] finish job request for job 7999931e-0af2-5dd5-84a3-aee600b6ccd5 with result: Succeeded
[2025-08-10 17:49:40Z INFO Terminal] WRITE LINE: 2025-08-10 17:49:40Z: Job build-and-deploy completed with result: Succeeded
[2025-08-10 17:49:40Z INFO JobDispatcher] Stop renew job request for job 7999931e-0af2-5dd5-84a3-aee600b6ccd5.
[2025-08-10 17:49:40Z INFO JobDispatcher] job renew has been cancelled, stop renew job 7999931e-0af2-5dd5-84a3-aee600b6ccd5.
[2025-08-10 17:49:40Z INFO JobNotification] Entering JobCompleted Notification
[2025-08-10 17:49:40Z INFO JobNotification] Entering EndMonitor
[2025-08-10 17:49:40Z INFO BrokerMessageListener] Received job status event. JobState: Online
[2025-08-10 17:49:40Z WARN GitHubActionsService] GET request to https://broker.actions.githubusercontent.com/message?sessionId=6c974cc5-8de2-4d68-aea6-f6982d817cd7&status=Busy&runnerVersion=2.327.1&os=Windows&architecture=X64&disableUpdate=false has been cancelled.
[2025-08-10 17:49:40Z ERR  BrokerServer] Catch exception during request
[2025-08-10 17:49:40Z ERR  BrokerServer] System.Threading.Tasks.TaskCanceledException: The operation was canceled.
 ---> System.Threading.Tasks.TaskCanceledException: The operation was canceled.
 ---> System.IO.IOException: Unable to read data from the transport connection: Bir iş parçacığı çıkışı veya bir uygulama isteği nedeniyle G/Ç işlemi iptal edildi..
 ---> System.Net.Sockets.SocketException (995): Bir iş parçacığı çıkışı veya bir uygulama isteği nedeniyle G/Ç işlemi iptal edildi.
   --- End of inner exception stack trace ---
   at System.Net.Sockets.Socket.AwaitableSocketAsyncEventArgs.System.Threading.Tasks.Sources.IValueTaskSource<System.Int32>.GetResult(Int16 token)
   at System.Net.Security.SslStream.EnsureFullTlsFrameAsync[TIOAdapter](CancellationToken cancellationToken, Int32 estimatedSize)
   at System.Runtime.CompilerServices.PoolingAsyncValueTaskMethodBuilder`1.StateMachineBox`1.System.Threading.Tasks.Sources.IValueTaskSource<TResult>.GetResult(Int16 token)
   at System.Net.Security.SslStream.ReadAsyncInternal[TIOAdapter](Memory`1 buffer, CancellationToken cancellationToken)
   at System.Runtime.CompilerServices.PoolingAsyncValueTaskMethodBuilder`1.StateMachineBox`1.System.Threading.Tasks.Sources.IValueTaskSource<TResult>.GetResult(Int16 token)
   at System.Net.Http.HttpConnection.SendAsync(HttpRequestMessage request, Boolean async, CancellationToken cancellationToken)
   --- End of inner exception stack trace ---
   at System.Net.Http.HttpConnection.SendAsync(HttpRequestMessage request, Boolean async, CancellationToken cancellationToken)
   at System.Net.Http.AuthenticationHelper.SendWithNtAuthAsync(HttpRequestMessage request, Uri authUri, Boolean async, ICredentials credentials, Boolean isProxyAuth, HttpConnection connection, HttpConnectionPool connectionPool, CancellationToken cancellationToken)
   at System.Net.Http.HttpConnectionPool.SendWithVersionDetectionAndRetryAsync(HttpRequestMessage request, Boolean async, Boolean doRequestAuth, CancellationToken cancellationToken)
   at System.Net.Http.AuthenticationHelper.SendWithAuthAsync(HttpRequestMessage request, Uri authUri, Boolean async, ICredentials credentials, Boolean preAuthenticate, Boolean isProxyAuth, Boolean doRequestAuth, HttpConnectionPool pool, CancellationToken cancellationToken)
   at System.Net.Http.RedirectHandler.SendAsync(HttpRequestMessage request, Boolean async, CancellationToken cancellationToken)
   at GitHub.Services.Common.RawHttpMessageHandler.SendAsync(HttpRequestMessage request, CancellationToken cancellationToken)
   at GitHub.Services.Common.VssHttpRetryMessageHandler.SendAsync(HttpRequestMessage request, CancellationToken cancellationToken)
   at System.Net.Http.HttpClient.<SendAsync>g__Core|83_0(HttpRequestMessage request, HttpCompletionOption completionOption, CancellationTokenSource cts, Boolean disposeCts, CancellationTokenSource pendingRequestsCts, CancellationToken originalCancellationToken)
   --- End of inner exception stack trace ---
   at System.Net.Http.HttpClient.HandleFailure(Exception e, Boolean telemetryStarted, HttpResponseMessage response, CancellationTokenSource cts, CancellationToken cancellationToken, CancellationTokenSource pendingRequestsCts)
   at System.Net.Http.HttpClient.<SendAsync>g__Core|83_0(HttpRequestMessage request, HttpCompletionOption completionOption, CancellationTokenSource cts, Boolean disposeCts, CancellationTokenSource pendingRequestsCts, CancellationToken originalCancellationToken)
   at Sdk.WebApi.WebApi.RawHttpClientBase.SendAsync(HttpRequestMessage message, HttpCompletionOption completionOption, Object userState, CancellationToken cancellationToken)
   at Sdk.WebApi.WebApi.RawHttpClientBase.SendAsync[T](HttpRequestMessage message, Boolean readErrorBody, Object userState, CancellationToken cancellationToken)
   at Sdk.WebApi.WebApi.RawHttpClientBase.SendAsync[T](HttpMethod method, IEnumerable`1 additionalHeaders, Uri requestUri, HttpContent content, IEnumerable`1 queryParameters, Boolean readErrorBody, Object userState, CancellationToken cancellationToken)
   at GitHub.Actions.RunService.WebApi.BrokerHttpClient.GetRunnerMessageAsync(Nullable`1 sessionId, String runnerVersion, Nullable`1 status, String os, String architecture, Nullable`1 disableUpdate, CancellationToken cancellationToken)
   at GitHub.Runner.Common.BrokerServer.<>c__DisplayClass7_0.<<GetRunnerMessageAsync>b__0>d.MoveNext()
--- End of stack trace from previous location ---
   at GitHub.Runner.Common.RunnerService.RetryRequest[T](Func`1 func, CancellationToken cancellationToken, Int32 maxRetryAttemptsCount, Func`2 shouldRetry)
[2025-08-10 17:49:40Z ERR  BrokerServer] #####################################################
[2025-08-10 17:49:40Z ERR  BrokerServer] System.Threading.Tasks.TaskCanceledException: The operation was canceled.
 ---> System.IO.IOException: Unable to read data from the transport connection: Bir iş parçacığı çıkışı veya bir uygulama isteği nedeniyle G/Ç işlemi iptal edildi..
 ---> System.Net.Sockets.SocketException (995): Bir iş parçacığı çıkışı veya bir uygulama isteği nedeniyle G/Ç işlemi iptal edildi.
   --- End of inner exception stack trace ---
   at System.Net.Sockets.Socket.AwaitableSocketAsyncEventArgs.System.Threading.Tasks.Sources.IValueTaskSource<System.Int32>.GetResult(Int16 token)
   at System.Net.Security.SslStream.EnsureFullTlsFrameAsync[TIOAdapter](CancellationToken cancellationToken, Int32 estimatedSize)
   at System.Runtime.CompilerServices.PoolingAsyncValueTaskMethodBuilder`1.StateMachineBox`1.System.Threading.Tasks.Sources.IValueTaskSource<TResult>.GetResult(Int16 token)
   at System.Net.Security.SslStream.ReadAsyncInternal[TIOAdapter](Memory`1 buffer, CancellationToken cancellationToken)
   at System.Runtime.CompilerServices.PoolingAsyncValueTaskMethodBuilder`1.StateMachineBox`1.System.Threading.Tasks.Sources.IValueTaskSource<TResult>.GetResult(Int16 token)
   at System.Net.Http.HttpConnection.SendAsync(HttpRequestMessage request, Boolean async, CancellationToken cancellationToken)
   --- End of inner exception stack trace ---
   at System.Net.Http.HttpConnection.SendAsync(HttpRequestMessage request, Boolean async, CancellationToken cancellationToken)
   at System.Net.Http.AuthenticationHelper.SendWithNtAuthAsync(HttpRequestMessage request, Uri authUri, Boolean async, ICredentials credentials, Boolean isProxyAuth, HttpConnection connection, HttpConnectionPool connectionPool, CancellationToken cancellationToken)
   at System.Net.Http.HttpConnectionPool.SendWithVersionDetectionAndRetryAsync(HttpRequestMessage request, Boolean async, Boolean doRequestAuth, CancellationToken cancellationToken)
   at System.Net.Http.AuthenticationHelper.SendWithAuthAsync(HttpRequestMessage request, Uri authUri, Boolean async, ICredentials credentials, Boolean preAuthenticate, Boolean isProxyAuth, Boolean doRequestAuth, HttpConnectionPool pool, CancellationToken cancellationToken)
   at System.Net.Http.RedirectHandler.SendAsync(HttpRequestMessage request, Boolean async, CancellationToken cancellationToken)
   at GitHub.Services.Common.RawHttpMessageHandler.SendAsync(HttpRequestMessage request, CancellationToken cancellationToken)
   at GitHub.Services.Common.VssHttpRetryMessageHandler.SendAsync(HttpRequestMessage request, CancellationToken cancellationToken)
   at System.Net.Http.HttpClient.<SendAsync>g__Core|83_0(HttpRequestMessage request, HttpCompletionOption completionOption, CancellationTokenSource cts, Boolean disposeCts, CancellationTokenSource pendingRequestsCts, CancellationToken originalCancellationToken)
[2025-08-10 17:49:40Z ERR  BrokerServer] #####################################################
[2025-08-10 17:49:40Z ERR  BrokerServer] System.IO.IOException: Unable to read data from the transport connection: Bir iş parçacığı çıkışı veya bir uygulama isteği nedeniyle G/Ç işlemi iptal edildi..
 ---> System.Net.Sockets.SocketException (995): Bir iş parçacığı çıkışı veya bir uygulama isteği nedeniyle G/Ç işlemi iptal edildi.
   --- End of inner exception stack trace ---
   at System.Net.Sockets.Socket.AwaitableSocketAsyncEventArgs.System.Threading.Tasks.Sources.IValueTaskSource<System.Int32>.GetResult(Int16 token)
   at System.Net.Security.SslStream.EnsureFullTlsFrameAsync[TIOAdapter](CancellationToken cancellationToken, Int32 estimatedSize)
   at System.Runtime.CompilerServices.PoolingAsyncValueTaskMethodBuilder`1.StateMachineBox`1.System.Threading.Tasks.Sources.IValueTaskSource<TResult>.GetResult(Int16 token)
   at System.Net.Security.SslStream.ReadAsyncInternal[TIOAdapter](Memory`1 buffer, CancellationToken cancellationToken)
   at System.Runtime.CompilerServices.PoolingAsyncValueTaskMethodBuilder`1.StateMachineBox`1.System.Threading.Tasks.Sources.IValueTaskSource<TResult>.GetResult(Int16 token)
   at System.Net.Http.HttpConnection.SendAsync(HttpRequestMessage request, Boolean async, CancellationToken cancellationToken)
[2025-08-10 17:49:40Z ERR  BrokerServer] #####################################################
[2025-08-10 17:49:40Z ERR  BrokerServer] System.Net.Sockets.SocketException (995): Bir iş parçacığı çıkışı veya bir uygulama isteği nedeniyle G/Ç işlemi iptal edildi.
[2025-08-10 17:49:40Z WARN BrokerServer] Back off 13,505 seconds before next retry. 4 attempt left.
[2025-08-10 17:49:40Z INFO BrokerMessageListener] Get messages has been cancelled using local token source. Continue to get messages with new status.
[2025-08-10 17:52:52Z INFO Terminal] WRITE LINE: Exiting...
[2025-08-10 17:52:52Z INFO ConfigurationStore] IsServiceConfigured()
[2025-08-10 17:52:52Z INFO ConfigurationStore] IsServiceConfigured: False
[2025-08-10 17:52:52Z INFO HostContext] Runner will be shutdown for UserCancelled
[2025-08-10 17:52:52Z WARN GitHubActionsService] GET request to https://broker.actions.githubusercontent.com/message?sessionId=6c974cc5-8de2-4d68-aea6-f6982d817cd7&status=Online&runnerVersion=2.327.1&os=Windows&architecture=X64&disableUpdate=false has been cancelled.
[2025-08-10 17:52:52Z ERR  BrokerServer] Catch exception during request
[2025-08-10 17:52:52Z ERR  BrokerServer] System.Threading.Tasks.TaskCanceledException: The operation was canceled.
 ---> System.Threading.Tasks.TaskCanceledException: The operation was canceled.
 ---> System.IO.IOException: Unable to read data from the transport connection: Bir iş parçacığı çıkışı veya bir uygulama isteği nedeniyle G/Ç işlemi iptal edildi..
 ---> System.Net.Sockets.SocketException (995): Bir iş parçacığı çıkışı veya bir uygulama isteği nedeniyle G/Ç işlemi iptal edildi.
   --- End of inner exception stack trace ---
   at System.Net.Sockets.Socket.AwaitableSocketAsyncEventArgs.System.Threading.Tasks.Sources.IValueTaskSource<System.Int32>.GetResult(Int16 token)
   at System.Net.Security.SslStream.EnsureFullTlsFrameAsync[TIOAdapter](CancellationToken cancellationToken, Int32 estimatedSize)
   at System.Runtime.CompilerServices.PoolingAsyncValueTaskMethodBuilder`1.StateMachineBox`1.System.Threading.Tasks.Sources.IValueTaskSource<TResult>.GetResult(Int16 token)
   at System.Net.Security.SslStream.ReadAsyncInternal[TIOAdapter](Memory`1 buffer, CancellationToken cancellationToken)
   at System.Runtime.CompilerServices.PoolingAsyncValueTaskMethodBuilder`1.StateMachineBox`1.System.Threading.Tasks.Sources.IValueTaskSource<TResult>.GetResult(Int16 token)
   at System.Net.Http.HttpConnection.SendAsync(HttpRequestMessage request, Boolean async, CancellationToken cancellationToken)
   --- End of inner exception stack trace ---
   at System.Net.Http.HttpConnection.SendAsync(HttpRequestMessage request, Boolean async, CancellationToken cancellationToken)
   at System.Net.Http.AuthenticationHelper.SendWithNtAuthAsync(HttpRequestMessage request, Uri authUri, Boolean async, ICredentials credentials, Boolean isProxyAuth, HttpConnection connection, HttpConnectionPool connectionPool, CancellationToken cancellationToken)
   at System.Net.Http.HttpConnectionPool.SendWithVersionDetectionAndRetryAsync(HttpRequestMessage request, Boolean async, Boolean doRequestAuth, CancellationToken cancellationToken)
   at System.Net.Http.AuthenticationHelper.SendWithAuthAsync(HttpRequestMessage request, Uri authUri, Boolean async, ICredentials credentials, Boolean preAuthenticate, Boolean isProxyAuth, Boolean doRequestAuth, HttpConnectionPool pool, CancellationToken cancellationToken)
   at System.Net.Http.RedirectHandler.SendAsync(HttpRequestMessage request, Boolean async, CancellationToken cancellationToken)
   at GitHub.Services.Common.RawHttpMessageHandler.SendAsync(HttpRequestMessage request, CancellationToken cancellationToken)
   at GitHub.Services.Common.VssHttpRetryMessageHandler.SendAsync(HttpRequestMessage request, CancellationToken cancellationToken)
   at System.Net.Http.HttpClient.<SendAsync>g__Core|83_0(HttpRequestMessage request, HttpCompletionOption completionOption, CancellationTokenSource cts, Boolean disposeCts, CancellationTokenSource pendingRequestsCts, CancellationToken originalCancellationToken)
   --- End of inner exception stack trace ---
   at System.Net.Http.HttpClient.HandleFailure(Exception e, Boolean telemetryStarted, HttpResponseMessage response, CancellationTokenSource cts, CancellationToken cancellationToken, CancellationTokenSource pendingRequestsCts)
   at System.Net.Http.HttpClient.<SendAsync>g__Core|83_0(HttpRequestMessage request, HttpCompletionOption completionOption, CancellationTokenSource cts, Boolean disposeCts, CancellationTokenSource pendingRequestsCts, CancellationToken originalCancellationToken)
   at Sdk.WebApi.WebApi.RawHttpClientBase.SendAsync(HttpRequestMessage message, HttpCompletionOption completionOption, Object userState, CancellationToken cancellationToken)
   at Sdk.WebApi.WebApi.RawHttpClientBase.SendAsync[T](HttpRequestMessage message, Boolean readErrorBody, Object userState, CancellationToken cancellationToken)
   at Sdk.WebApi.WebApi.RawHttpClientBase.SendAsync[T](HttpMethod method, IEnumerable`1 additionalHeaders, Uri requestUri, HttpContent content, IEnumerable`1 queryParameters, Boolean readErrorBody, Object userState, CancellationToken cancellationToken)
   at GitHub.Actions.RunService.WebApi.BrokerHttpClient.GetRunnerMessageAsync(Nullable`1 sessionId, String runnerVersion, Nullable`1 status, String os, String architecture, Nullable`1 disableUpdate, CancellationToken cancellationToken)
   at GitHub.Runner.Common.BrokerServer.<>c__DisplayClass7_0.<<GetRunnerMessageAsync>b__0>d.MoveNext()
--- End of stack trace from previous location ---
   at GitHub.Runner.Common.RunnerService.RetryRequest[T](Func`1 func, CancellationToken cancellationToken, Int32 maxRetryAttemptsCount, Func`2 shouldRetry)
[2025-08-10 17:52:52Z ERR  BrokerServer] #####################################################
[2025-08-10 17:52:52Z ERR  BrokerServer] System.Threading.Tasks.TaskCanceledException: The operation was canceled.
 ---> System.IO.IOException: Unable to read data from the transport connection: Bir iş parçacığı çıkışı veya bir uygulama isteği nedeniyle G/Ç işlemi iptal edildi..
 ---> System.Net.Sockets.SocketException (995): Bir iş parçacığı çıkışı veya bir uygulama isteği nedeniyle G/Ç işlemi iptal edildi.
   --- End of inner exception stack trace ---
   at System.Net.Sockets.Socket.AwaitableSocketAsyncEventArgs.System.Threading.Tasks.Sources.IValueTaskSource<System.Int32>.GetResult(Int16 token)
   at System.Net.Security.SslStream.EnsureFullTlsFrameAsync[TIOAdapter](CancellationToken cancellationToken, Int32 estimatedSize)
   at System.Runtime.CompilerServices.PoolingAsyncValueTaskMethodBuilder`1.StateMachineBox`1.System.Threading.Tasks.Sources.IValueTaskSource<TResult>.GetResult(Int16 token)
   at System.Net.Security.SslStream.ReadAsyncInternal[TIOAdapter](Memory`1 buffer, CancellationToken cancellationToken)
   at System.Runtime.CompilerServices.PoolingAsyncValueTaskMethodBuilder`1.StateMachineBox`1.System.Threading.Tasks.Sources.IValueTaskSource<TResult>.GetResult(Int16 token)
   at System.Net.Http.HttpConnection.SendAsync(HttpRequestMessage request, Boolean async, CancellationToken cancellationToken)
   --- End of inner exception stack trace ---
   at System.Net.Http.HttpConnection.SendAsync(HttpRequestMessage request, Boolean async, CancellationToken cancellationToken)
   at System.Net.Http.AuthenticationHelper.SendWithNtAuthAsync(HttpRequestMessage request, Uri authUri, Boolean async, ICredentials credentials, Boolean isProxyAuth, HttpConnection connection, HttpConnectionPool connectionPool, CancellationToken cancellationToken)
   at System.Net.Http.HttpConnectionPool.SendWithVersionDetectionAndRetryAsync(HttpRequestMessage request, Boolean async, Boolean doRequestAuth, CancellationToken cancellationToken)
   at System.Net.Http.AuthenticationHelper.SendWithAuthAsync(HttpRequestMessage request, Uri authUri, Boolean async, ICredentials credentials, Boolean preAuthenticate, Boolean isProxyAuth, Boolean doRequestAuth, HttpConnectionPool pool, CancellationToken cancellationToken)
   at System.Net.Http.RedirectHandler.SendAsync(HttpRequestMessage request, Boolean async, CancellationToken cancellationToken)
   at GitHub.Services.Common.RawHttpMessageHandler.SendAsync(HttpRequestMessage request, CancellationToken cancellationToken)
   at GitHub.Services.Common.VssHttpRetryMessageHandler.SendAsync(HttpRequestMessage request, CancellationToken cancellationToken)
   at System.Net.Http.HttpClient.<SendAsync>g__Core|83_0(HttpRequestMessage request, HttpCompletionOption completionOption, CancellationTokenSource cts, Boolean disposeCts, CancellationTokenSource pendingRequestsCts, CancellationToken originalCancellationToken)
[2025-08-10 17:52:52Z ERR  BrokerServer] #####################################################
[2025-08-10 17:52:52Z ERR  BrokerServer] System.IO.IOException: Unable to read data from the transport connection: Bir iş parçacığı çıkışı veya bir uygulama isteği nedeniyle G/Ç işlemi iptal edildi..
 ---> System.Net.Sockets.SocketException (995): Bir iş parçacığı çıkışı veya bir uygulama isteği nedeniyle G/Ç işlemi iptal edildi.
   --- End of inner exception stack trace ---
   at System.Net.Sockets.Socket.AwaitableSocketAsyncEventArgs.System.Threading.Tasks.Sources.IValueTaskSource<System.Int32>.GetResult(Int16 token)
   at System.Net.Security.SslStream.EnsureFullTlsFrameAsync[TIOAdapter](CancellationToken cancellationToken, Int32 estimatedSize)
   at System.Runtime.CompilerServices.PoolingAsyncValueTaskMethodBuilder`1.StateMachineBox`1.System.Threading.Tasks.Sources.IValueTaskSource<TResult>.GetResult(Int16 token)
   at System.Net.Security.SslStream.ReadAsyncInternal[TIOAdapter](Memory`1 buffer, CancellationToken cancellationToken)
   at System.Runtime.CompilerServices.PoolingAsyncValueTaskMethodBuilder`1.StateMachineBox`1.System.Threading.Tasks.Sources.IValueTaskSource<TResult>.GetResult(Int16 token)
   at System.Net.Http.HttpConnection.SendAsync(HttpRequestMessage request, Boolean async, CancellationToken cancellationToken)
[2025-08-10 17:52:52Z ERR  BrokerServer] #####################################################
[2025-08-10 17:52:52Z ERR  BrokerServer] System.Net.Sockets.SocketException (995): Bir iş parçacığı çıkışı veya bir uygulama isteği nedeniyle G/Ç işlemi iptal edildi.
[2025-08-10 17:52:52Z WARN BrokerServer] Back off 9,872 seconds before next retry. 4 attempt left.
[2025-08-10 17:52:52Z INFO BrokerMessageListener] Get next message has been cancelled.
[2025-08-10 17:52:52Z INFO JobDispatcher] Shutting down JobDispatcher. Make sure all WorkerDispatcher has finished.
[2025-08-10 17:52:52Z INFO JobDispatcher] Ensure WorkerDispatcher for job 7999931e-0af2-5dd5-84a3-aee600b6ccd5 run to finish, cancel any running job.
[2025-08-10 17:52:52Z INFO JobDispatcher] Job request 7999931e-0af2-5dd5-84a3-aee600b6ccd5 processed succeed.
[2025-08-10 17:52:52Z INFO Runner] Deleting Runner Session...
[2025-08-10 17:52:52Z INFO Terminal] WRITE LINE: Exiting...
[2025-08-10 17:52:52Z INFO ConfigurationStore] IsServiceConfigured()
[2025-08-10 17:52:52Z INFO ConfigurationStore] IsServiceConfigured: False
[2025-08-10 17:52:52Z INFO HostContext] Runner will be shutdown for UserCancelled
[2025-08-10 17:52:52Z INFO Terminal] WRITE LINE: Exiting...
[2025-08-10 17:52:52Z INFO ConfigurationStore] IsServiceConfigured()
[2025-08-10 17:52:52Z INFO ConfigurationStore] IsServiceConfigured: False
[2025-08-10 17:52:52Z INFO HostContext] Runner will be shutdown for UserCancelled
[2025-08-10 17:52:52Z INFO Terminal] WRITE LINE: Exiting...
[2025-08-10 17:52:52Z INFO ConfigurationStore] IsServiceConfigured()
[2025-08-10 17:52:52Z INFO ConfigurationStore] IsServiceConfigured: False
[2025-08-10 17:52:52Z INFO HostContext] Runner will be shutdown for UserCancelled
[2025-08-10 17:52:52Z INFO Terminal] WRITE LINE: Exiting...
[2025-08-10 17:52:52Z INFO ConfigurationStore] IsServiceConfigured()
[2025-08-10 17:52:52Z INFO ConfigurationStore] IsServiceConfigured: False
[2025-08-10 17:52:52Z INFO HostContext] Runner will be shutdown for UserCancelled
[2025-08-10 17:52:52Z INFO Terminal] WRITE LINE: Exiting...
[2025-08-10 17:52:52Z INFO ConfigurationStore] IsServiceConfigured()
[2025-08-10 17:52:52Z INFO ConfigurationStore] IsServiceConfigured: False
[2025-08-10 17:52:52Z INFO HostContext] Runner will be shutdown for UserCancelled
[2025-08-10 17:52:53Z INFO Listener] Runner execution been cancelled.
