[2025-08-05 14:43:01Z INFO HostContext] No proxy settings were found based on environmental variables (http_proxy/https_proxy/HTTP_PROXY/HTTPS_PROXY)
[2025-08-05 14:43:01Z INFO HostContext] Well known directory 'Bin': 'C:\Users\Fatih\Desktop\microservices-demo\actions-runner\bin'
[2025-08-05 14:43:01Z INFO HostContext] Well known directory 'Root': 'C:\Users\Fatih\Desktop\microservices-demo\actions-runner'
[2025-08-05 14:43:01Z INFO HostContext] Well known config file 'Credentials': 'C:\Users\Fatih\Desktop\microservices-demo\actions-runner\.credentials'
[2025-08-05 14:43:01Z INFO HostContext] Well known directory 'Bin': 'C:\Users\Fatih\Desktop\microservices-demo\actions-runner\bin'
[2025-08-05 14:43:01Z INFO HostContext] Well known directory 'Root': 'C:\Users\Fatih\Desktop\microservices-demo\actions-runner'
[2025-08-05 14:43:01Z INFO HostContext] Well known config file 'Runner': 'C:\Users\Fatih\Desktop\microservices-demo\actions-runner\.runner'
[2025-08-05 14:43:01Z INFO Listener] Runner is built for Windows (X64) - win-x64.
[2025-08-05 14:43:01Z INFO Listener] RuntimeInformation: Microsoft Windows 10.0.22631.
[2025-08-05 14:43:01Z INFO Listener] Version: 2.327.1
[2025-08-05 14:43:01Z INFO Listener] Commit: 9513afd82fbc900d13362cdd4fcdab0538f5124e
[2025-08-05 14:43:01Z INFO Listener] Culture: tr-TR
[2025-08-05 14:43:01Z INFO Listener] UI Culture: tr-TR
[2025-08-05 14:43:01Z INFO HostContext] Well known directory 'Bin': 'C:\Users\Fatih\Desktop\microservices-demo\actions-runner\bin'
[2025-08-05 14:43:01Z INFO HostContext] Well known directory 'Root': 'C:\Users\Fatih\Desktop\microservices-demo\actions-runner'
[2025-08-05 14:43:01Z INFO Listener] Validating directory permissions for: 'C:\Users\Fatih\Desktop\microservices-demo\actions-runner'
[2025-08-05 14:43:01Z INFO CommandLineParser] Parse
[2025-08-05 14:43:01Z INFO CommandLineParser] Parsing 1 args
[2025-08-05 14:43:01Z INFO CommandLineParser] parsing argument
[2025-08-05 14:43:01Z INFO CommandLineParser] HasArgs: False
[2025-08-05 14:43:01Z INFO CommandLineParser] Adding Command: run
[2025-08-05 14:43:01Z INFO Listener] Arguments parsed
[2025-08-05 14:43:01Z INFO Runner] ExecuteCommand
[2025-08-05 14:43:01Z INFO ConfigurationStore] currentAssemblyLocation: C:\Users\Fatih\Desktop\microservices-demo\actions-runner\bin\Runner.Listener.dll
[2025-08-05 14:43:01Z INFO HostContext] Well known directory 'Bin': 'C:\Users\Fatih\Desktop\microservices-demo\actions-runner\bin'
[2025-08-05 14:43:01Z INFO ConfigurationStore] binPath: C:\Users\Fatih\Desktop\microservices-demo\actions-runner\bin
[2025-08-05 14:43:01Z INFO HostContext] Well known directory 'Bin': 'C:\Users\Fatih\Desktop\microservices-demo\actions-runner\bin'
[2025-08-05 14:43:01Z INFO HostContext] Well known directory 'Root': 'C:\Users\Fatih\Desktop\microservices-demo\actions-runner'
[2025-08-05 14:43:01Z INFO ConfigurationStore] RootFolder: C:\Users\Fatih\Desktop\microservices-demo\actions-runner
[2025-08-05 14:43:01Z INFO HostContext] Well known directory 'Bin': 'C:\Users\Fatih\Desktop\microservices-demo\actions-runner\bin'
[2025-08-05 14:43:01Z INFO HostContext] Well known directory 'Root': 'C:\Users\Fatih\Desktop\microservices-demo\actions-runner'
[2025-08-05 14:43:01Z INFO HostContext] Well known config file 'Runner': 'C:\Users\Fatih\Desktop\microservices-demo\actions-runner\.runner'
[2025-08-05 14:43:01Z INFO ConfigurationStore] ConfigFilePath: C:\Users\Fatih\Desktop\microservices-demo\actions-runner\.runner
[2025-08-05 14:43:01Z INFO HostContext] Well known directory 'Bin': 'C:\Users\Fatih\Desktop\microservices-demo\actions-runner\bin'
[2025-08-05 14:43:01Z INFO HostContext] Well known directory 'Root': 'C:\Users\Fatih\Desktop\microservices-demo\actions-runner'
[2025-08-05 14:43:01Z INFO HostContext] Well known config file 'MigratedRunner': 'C:\Users\Fatih\Desktop\microservices-demo\actions-runner\.runner_migrated'
[2025-08-05 14:43:01Z INFO ConfigurationStore] MigratedConfigFilePath: C:\Users\Fatih\Desktop\microservices-demo\actions-runner\.runner_migrated
[2025-08-05 14:43:01Z INFO HostContext] Well known directory 'Bin': 'C:\Users\Fatih\Desktop\microservices-demo\actions-runner\bin'
[2025-08-05 14:43:01Z INFO HostContext] Well known directory 'Root': 'C:\Users\Fatih\Desktop\microservices-demo\actions-runner'
[2025-08-05 14:43:01Z INFO HostContext] Well known config file 'Credentials': 'C:\Users\Fatih\Desktop\microservices-demo\actions-runner\.credentials'
[2025-08-05 14:43:01Z INFO ConfigurationStore] CredFilePath: C:\Users\Fatih\Desktop\microservices-demo\actions-runner\.credentials
[2025-08-05 14:43:01Z INFO HostContext] Well known directory 'Bin': 'C:\Users\Fatih\Desktop\microservices-demo\actions-runner\bin'
[2025-08-05 14:43:01Z INFO HostContext] Well known directory 'Root': 'C:\Users\Fatih\Desktop\microservices-demo\actions-runner'
[2025-08-05 14:43:01Z INFO HostContext] Well known config file 'MigratedCredentials': 'C:\Users\Fatih\Desktop\microservices-demo\actions-runner\.credentials_migrated'
[2025-08-05 14:43:01Z INFO ConfigurationStore] MigratedCredFilePath: C:\Users\Fatih\Desktop\microservices-demo\actions-runner\.credentials_migrated
[2025-08-05 14:43:01Z INFO HostContext] Well known directory 'Bin': 'C:\Users\Fatih\Desktop\microservices-demo\actions-runner\bin'
[2025-08-05 14:43:01Z INFO HostContext] Well known directory 'Root': 'C:\Users\Fatih\Desktop\microservices-demo\actions-runner'
[2025-08-05 14:43:01Z INFO HostContext] Well known config file 'Service': 'C:\Users\Fatih\Desktop\microservices-demo\actions-runner\.service'
[2025-08-05 14:43:01Z INFO ConfigurationStore] ServiceConfigFilePath: C:\Users\Fatih\Desktop\microservices-demo\actions-runner\.service
[2025-08-05 14:43:01Z INFO CommandSettings] Flag 'help': 'False'
[2025-08-05 14:43:01Z INFO CommandSettings] Flag 'version': 'False'
[2025-08-05 14:43:01Z INFO CommandSettings] Flag 'commit': 'False'
[2025-08-05 14:43:01Z INFO CommandSettings] Flag 'check': 'False'
[2025-08-05 14:43:01Z INFO CommandSettings] Command 'configure': 'False'
[2025-08-05 14:43:01Z INFO CommandSettings] Command 'remove': 'False'
[2025-08-05 14:43:01Z INFO CommandSettings] Command 'warmup': 'False'
[2025-08-05 14:43:01Z INFO ConfigurationManager] LoadSettings
[2025-08-05 14:43:01Z INFO ConfigurationStore] IsConfigured()
[2025-08-05 14:43:01Z INFO ConfigurationStore] IsConfigured: True
[2025-08-05 14:43:01Z INFO ConfigurationManager] Is configured: True
[2025-08-05 14:43:01Z INFO ConfigurationStore] Read setting file: 409 chars
[2025-08-05 14:43:01Z INFO ConfigurationManager] Settings Loaded
[2025-08-05 14:43:01Z INFO ConfigurationStore] IsServiceConfigured()
[2025-08-05 14:43:01Z INFO ConfigurationStore] IsServiceConfigured: False
[2025-08-05 14:43:01Z INFO CommandSettings] Command 'run': 'True'
[2025-08-05 14:43:01Z INFO ConfigurationStore] IsConfigured()
[2025-08-05 14:43:01Z INFO ConfigurationStore] IsConfigured: True
[2025-08-05 14:43:01Z INFO ConfigurationManager] Is configured: True
[2025-08-05 14:43:01Z INFO Runner] Could not parse the argument value '' for StartupType. Defaulting to Manual
[2025-08-05 14:43:01Z INFO Runner] Set runner startup type - Manual
[2025-08-05 14:43:01Z INFO CommandSettings] Flag 'once': 'False'
[2025-08-05 14:43:01Z INFO CommandSettings] Flag 'once': 'False'
[2025-08-05 14:43:01Z INFO Runner] RunAsync
[2025-08-05 14:43:01Z INFO ConfigurationManager] LoadMigratedSettings
[2025-08-05 14:43:01Z INFO ConfigurationStore] IsMigratedConfigured()
[2025-08-05 14:43:01Z INFO ConfigurationStore] IsMigratedConfigured: False
[2025-08-05 14:43:01Z INFO Runner] Failed to load migrated settings: No migrated configuration found.
[2025-08-05 14:43:01Z INFO Runner] Falling back to original .runner settings
[2025-08-05 14:43:01Z INFO Runner] Using BrokerMessageListener
[2025-08-05 14:43:01Z INFO BrokerMessageListener] Using provided settings
[2025-08-05 14:43:01Z INFO BrokerMessageListener] {
  "AgentId": 2,
  "AgentName": "FatihRehaDisci",
  "PoolId": 1,
  "PoolName": "Default",
  "ServerUrl": "https://pipelinesghubeus5.actions.githubusercontent.com/dPW3scQmAHGhqq2nJ5EQoFPRWik9NWz1UwVhNbSFUcw1GfI41T/",
  "GitHubUrl": "https://github.com/fatihreha/online-boutique-thesis",
  "WorkFolder": "_work",
  "UseV2Flow": true,
  "ServerUrlV2": "https://broker.actions.githubusercontent.com/"
}
[2025-08-05 14:43:01Z INFO BrokerMessageListener] Loading Credentials
[2025-08-05 14:43:01Z INFO ConfigurationStore] HasCredentials()
[2025-08-05 14:43:01Z INFO ConfigurationStore] stored True
[2025-08-05 14:43:01Z INFO CredentialManager] GetCredentialProvider
[2025-08-05 14:43:01Z INFO CredentialManager] Creating type OAuth
[2025-08-05 14:43:01Z INFO CredentialManager] Creating credential type: OAuth
[2025-08-05 14:43:01Z INFO HostContext] Well known directory 'Bin': 'C:\Users\Fatih\Desktop\microservices-demo\actions-runner\bin'
[2025-08-05 14:43:01Z INFO HostContext] Well known directory 'Root': 'C:\Users\Fatih\Desktop\microservices-demo\actions-runner'
[2025-08-05 14:43:01Z INFO HostContext] Well known config file 'RSACredentials': 'C:\Users\Fatih\Desktop\microservices-demo\actions-runner\.credentials_rsaparams'
[2025-08-05 14:43:01Z INFO RSAEncryptedFileKeyManager] Loading RSA key parameters from file C:\Users\Fatih\Desktop\microservices-demo\actions-runner\.credentials_rsaparams
[2025-08-05 14:43:01Z INFO BrokerMessageListener] Attempt to create session.
[2025-08-05 14:43:01Z INFO BrokerMessageListener] Connecting to the Broker Server...
[2025-08-05 14:43:01Z INFO ConfigurationStore] HasCredentials()
[2025-08-05 14:43:01Z INFO ConfigurationStore] stored True
[2025-08-05 14:43:01Z INFO CredentialManager] GetCredentialProvider
[2025-08-05 14:43:01Z INFO CredentialManager] Creating type OAuth
[2025-08-05 14:43:01Z INFO CredentialManager] Creating credential type: OAuth
[2025-08-05 14:43:01Z INFO RSAEncryptedFileKeyManager] Loading RSA key parameters from file C:\Users\Fatih\Desktop\microservices-demo\actions-runner\.credentials_rsaparams
[2025-08-05 14:43:01Z INFO BrokerMessageListener] VssConnection created
[2025-08-05 14:43:01Z INFO BrokerMessageListener] Connecting to the Runner server...
[2025-08-05 14:43:01Z INFO RunnerServer] EstablishVssConnection
[2025-08-05 14:43:01Z INFO RunnerServer] Establish connection with 100 seconds timeout.
[2025-08-05 14:43:01Z INFO GitHubActionsService] Starting operation Location.GetConnectionData
[2025-08-05 14:43:01Z INFO RunnerServer] EstablishVssConnection
[2025-08-05 14:43:01Z INFO RunnerServer] Establish connection with 60 seconds timeout.
[2025-08-05 14:43:01Z INFO GitHubActionsService] Starting operation Location.GetConnectionData
[2025-08-05 14:43:01Z INFO RunnerServer] EstablishVssConnection
[2025-08-05 14:43:01Z INFO RunnerServer] Establish connection with 60 seconds timeout.
[2025-08-05 14:43:01Z INFO GitHubActionsService] Starting operation Location.GetConnectionData
[2025-08-05 14:43:02Z INFO GitHubActionsService] Finished operation Location.GetConnectionData
[2025-08-05 14:43:02Z INFO GitHubActionsService] Finished operation Location.GetConnectionData
[2025-08-05 14:43:02Z INFO GitHubActionsService] Finished operation Location.GetConnectionData
[2025-08-05 14:43:02Z INFO BrokerMessageListener] VssConnection created
[2025-08-05 14:43:02Z INFO Terminal] WRITE LINE: 
[2025-08-05 14:43:02Z INFO Terminal] WRITE LINE: 
[2025-08-05 14:43:02Z INFO RSAEncryptedFileKeyManager] Loading RSA key parameters from file C:\Users\Fatih\Desktop\microservices-demo\actions-runner\.credentials_rsaparams
[2025-08-05 14:43:02Z INFO RSAEncryptedFileKeyManager] Loading RSA key parameters from file C:\Users\Fatih\Desktop\microservices-demo\actions-runner\.credentials_rsaparams
[2025-08-05 14:43:02Z INFO GitHubActionsService] AAD Correlation ID for this token request: Unknown
[2025-08-05 14:43:03Z INFO BrokerMessageListener] Session created.
[2025-08-05 14:43:03Z INFO Terminal] WRITE LINE: Current runner version: '2.327.1'
[2025-08-05 14:43:03Z INFO Terminal] WRITE LINE: 2025-08-05 14:43:03Z: Listening for Jobs
[2025-08-05 14:43:03Z INFO JobDispatcher] Set runner/worker IPC timeout to 30 seconds.
[2025-08-05 14:43:04Z INFO ConfigurationStore] HasCredentials()
[2025-08-05 14:43:04Z INFO ConfigurationStore] stored True
[2025-08-05 14:43:04Z INFO CredentialManager] GetCredentialProvider
[2025-08-05 14:43:04Z INFO CredentialManager] Creating type OAuth
[2025-08-05 14:43:04Z INFO CredentialManager] Creating credential type: OAuth
[2025-08-05 14:43:04Z INFO RSAEncryptedFileKeyManager] Loading RSA key parameters from file C:\Users\Fatih\Desktop\microservices-demo\actions-runner\.credentials_rsaparams
[2025-08-05 14:43:04Z INFO RSAEncryptedFileKeyManager] Loading RSA key parameters from file C:\Users\Fatih\Desktop\microservices-demo\actions-runner\.credentials_rsaparams
[2025-08-05 14:43:04Z INFO RSAEncryptedFileKeyManager] Loading RSA key parameters from file C:\Users\Fatih\Desktop\microservices-demo\actions-runner\.credentials_rsaparams
[2025-08-05 14:43:05Z INFO GitHubActionsService] AAD Correlation ID for this token request: Unknown
[2025-08-05 14:43:06Z INFO JobDispatcher] Job request 0 for plan fa14c332-ff02-4784-92b0-62059df95ecb job 1037f150-ccfa-5acc-96f8-632e5527ded7 received.
[2025-08-05 14:43:06Z INFO JobDispatcher] Pull OrchestrationId fa14c332-ff02-4784-92b0-62059df95ecb.build-and-deploy.__default from JWT claims
[2025-08-05 14:43:06Z INFO BrokerMessageListener] Received job status event. JobState: Busy
[2025-08-05 14:43:06Z INFO BrokerMessageListener] _getMessagesTokenSource is already disposed.
[2025-08-05 14:43:06Z INFO Terminal] WRITE LINE: 2025-08-05 14:43:06Z: Running job: build-and-deploy
[2025-08-05 14:43:06Z INFO JobDispatcher] Start renew job request 0 for job 1037f150-ccfa-5acc-96f8-632e5527ded7.
[2025-08-05 14:43:07Z INFO JobDispatcher] Successfully renew job 1037f150-ccfa-5acc-96f8-632e5527ded7, job is valid till 5.08.2025 14:53:06
[2025-08-05 14:43:07Z INFO HostContext] Well known directory 'Bin': 'C:\Users\Fatih\Desktop\microservices-demo\actions-runner\bin'
[2025-08-05 14:43:07Z INFO ProcessInvokerWrapper] Starting process:
[2025-08-05 14:43:07Z INFO ProcessInvokerWrapper]   File name: 'C:\Users\Fatih\Desktop\microservices-demo\actions-runner\bin\Runner.Worker.exe'
[2025-08-05 14:43:07Z INFO ProcessInvokerWrapper]   Arguments: 'spawnclient 2304 2316'
[2025-08-05 14:43:07Z INFO ProcessInvokerWrapper]   Working directory: 'C:\Users\Fatih\Desktop\microservices-demo\actions-runner\bin'
[2025-08-05 14:43:07Z INFO ProcessInvokerWrapper]   Require exit code zero: 'False'
[2025-08-05 14:43:07Z INFO ProcessInvokerWrapper]   Encoding web name:  ; code page: ''
[2025-08-05 14:43:07Z INFO ProcessInvokerWrapper]   Force kill process on cancellation: 'True'
[2025-08-05 14:43:07Z INFO ProcessInvokerWrapper]   Redirected STDIN: 'False'
[2025-08-05 14:43:07Z INFO ProcessInvokerWrapper]   Persist current code page: 'False'
[2025-08-05 14:43:07Z INFO ProcessInvokerWrapper]   Keep redirected STDIN open: 'False'
[2025-08-05 14:43:07Z INFO ProcessInvokerWrapper]   High priority process: 'True'
[2025-08-05 14:43:07Z INFO ProcessInvokerWrapper] Process started with process id 30668, waiting for process exit.
[2025-08-05 14:43:07Z INFO JobDispatcher] Send job request message to worker for job 1037f150-ccfa-5acc-96f8-632e5527ded7.
[2025-08-05 14:43:07Z INFO ProcessChannel] Sending message of length 20264, with hash '472d588184fc573a888be8588040b15f3d72b6177435ab2be5b4be818ec84721'
[2025-08-05 14:43:07Z INFO JobNotification] Entering JobStarted Notification
[2025-08-05 14:43:07Z INFO JobNotification] Entering StartMonitor
[2025-08-05 14:44:07Z INFO JobDispatcher] Successfully renew job 1037f150-ccfa-5acc-96f8-632e5527ded7, job is valid till 5.08.2025 14:54:07
[2025-08-05 14:45:03Z INFO ProcessInvokerWrapper] STDOUT/STDERR stream read finished.
[2025-08-05 14:45:03Z INFO ProcessInvokerWrapper] STDOUT/STDERR stream read finished.
[2025-08-05 14:45:03Z INFO ProcessInvokerWrapper] Finished process 30668 with exit code 102, and elapsed time 00:01:56.4837053.
[2025-08-05 14:45:03Z INFO JobDispatcher] Worker finished for job 1037f150-ccfa-5acc-96f8-632e5527ded7. Code: 102
[2025-08-05 14:45:03Z INFO JobDispatcher] finish job request for job 1037f150-ccfa-5acc-96f8-632e5527ded7 with result: Failed
[2025-08-05 14:45:03Z INFO Terminal] WRITE LINE: 2025-08-05 14:45:03Z: Job build-and-deploy completed with result: Failed
[2025-08-05 14:45:03Z INFO JobDispatcher] Stop renew job request for job 1037f150-ccfa-5acc-96f8-632e5527ded7.
[2025-08-05 14:45:03Z INFO JobDispatcher] job renew has been cancelled, stop renew job 1037f150-ccfa-5acc-96f8-632e5527ded7.
[2025-08-05 14:45:03Z INFO JobNotification] Entering JobCompleted Notification
[2025-08-05 14:45:03Z INFO JobNotification] Entering EndMonitor
[2025-08-05 14:45:03Z INFO BrokerMessageListener] Received job status event. JobState: Online
[2025-08-05 14:45:03Z WARN GitHubActionsService] GET request to https://broker.actions.githubusercontent.com/message?sessionId=0510571d-0a8c-4e58-b8c4-483158ca766b&status=Busy&runnerVersion=2.327.1&os=Windows&architecture=X64&disableUpdate=false has been cancelled.
[2025-08-05 14:45:03Z ERR  BrokerServer] Catch exception during request
[2025-08-05 14:45:03Z ERR  BrokerServer] System.Threading.Tasks.TaskCanceledException: The operation was canceled.
 ---> System.Threading.Tasks.TaskCanceledException: The operation was canceled.
 ---> System.IO.IOException: Unable to read data from the transport connection: Bir iş parçacığı çıkışı veya bir uygulama isteği nedeniyle G/Ç işlemi iptal edildi..
 ---> System.Net.Sockets.SocketException (995): Bir iş parçacığı çıkışı veya bir uygulama isteği nedeniyle G/Ç işlemi iptal edildi.
   --- End of inner exception stack trace ---
   at System.Net.Sockets.Socket.AwaitableSocketAsyncEventArgs.ThrowException(SocketError error, CancellationToken cancellationToken)
   at System.Net.Sockets.Socket.AwaitableSocketAsyncEventArgs.System.Threading.Tasks.Sources.IValueTaskSource<System.Int32>.GetResult(Int16 token)
   at System.Net.Security.SslStream.EnsureFullTlsFrameAsync[TIOAdapter](CancellationToken cancellationToken, Int32 estimatedSize)
   at System.Runtime.CompilerServices.PoolingAsyncValueTaskMethodBuilder`1.StateMachineBox`1.System.Threading.Tasks.Sources.IValueTaskSource<TResult>.GetResult(Int16 token)
   at System.Net.Security.SslStream.ReadAsyncInternal[TIOAdapter](Memory`1 buffer, CancellationToken cancellationToken)
   at System.Runtime.CompilerServices.PoolingAsyncValueTaskMethodBuilder`1.StateMachineBox`1.System.Threading.Tasks.Sources.IValueTaskSource<TResult>.GetResult(Int16 token)
   at System.Net.Http.HttpConnection.SendAsync(HttpRequestMessage request, Boolean async, CancellationToken cancellationToken)
   --- End of inner exception stack trace ---
   at System.Net.Http.HttpConnection.SendAsync(HttpRequestMessage request, Boolean async, CancellationToken cancellationToken)
   at System.Net.Http.AuthenticationHelper.SendWithNtAuthAsync(HttpRequestMessage request, Uri authUri, Boolean async, ICredentials credentials, Boolean isProxyAuth, HttpConnection connection, HttpConnectionPool connectionPool, CancellationToken cancellationToken)
   at System.Net.Http.HttpConnectionPool.SendWithVersionDetectionAndRetryAsync(HttpRequestMessage request, Boolean async, Boolean doRequestAuth, CancellationToken cancellationToken)
   at System.Net.Http.AuthenticationHelper.SendWithAuthAsync(HttpRequestMessage request, Uri authUri, Boolean async, ICredentials credentials, Boolean preAuthenticate, Boolean isProxyAuth, Boolean doRequestAuth, HttpConnectionPool pool, CancellationToken cancellationToken)
   at System.Net.Http.RedirectHandler.SendAsync(HttpRequestMessage request, Boolean async, CancellationToken cancellationToken)
   at GitHub.Services.Common.RawHttpMessageHandler.SendAsync(HttpRequestMessage request, CancellationToken cancellationToken)
   at GitHub.Services.Common.VssHttpRetryMessageHandler.SendAsync(HttpRequestMessage request, CancellationToken cancellationToken)
   at System.Net.Http.HttpClient.<SendAsync>g__Core|83_0(HttpRequestMessage request, HttpCompletionOption completionOption, CancellationTokenSource cts, Boolean disposeCts, CancellationTokenSource pendingRequestsCts, CancellationToken originalCancellationToken)
   --- End of inner exception stack trace ---
   at System.Net.Http.HttpClient.HandleFailure(Exception e, Boolean telemetryStarted, HttpResponseMessage response, CancellationTokenSource cts, CancellationToken cancellationToken, CancellationTokenSource pendingRequestsCts)
   at System.Net.Http.HttpClient.<SendAsync>g__Core|83_0(HttpRequestMessage request, HttpCompletionOption completionOption, CancellationTokenSource cts, Boolean disposeCts, CancellationTokenSource pendingRequestsCts, CancellationToken originalCancellationToken)
   at Sdk.WebApi.WebApi.RawHttpClientBase.SendAsync(HttpRequestMessage message, HttpCompletionOption completionOption, Object userState, CancellationToken cancellationToken)
   at Sdk.WebApi.WebApi.RawHttpClientBase.SendAsync[T](HttpRequestMessage message, Boolean readErrorBody, Object userState, CancellationToken cancellationToken)
   at Sdk.WebApi.WebApi.RawHttpClientBase.SendAsync[T](HttpMethod method, IEnumerable`1 additionalHeaders, Uri requestUri, HttpContent content, IEnumerable`1 queryParameters, Boolean readErrorBody, Object userState, CancellationToken cancellationToken)
   at GitHub.Actions.RunService.WebApi.BrokerHttpClient.GetRunnerMessageAsync(Nullable`1 sessionId, String runnerVersion, Nullable`1 status, String os, String architecture, Nullable`1 disableUpdate, CancellationToken cancellationToken)
   at GitHub.Runner.Common.BrokerServer.<>c__DisplayClass7_0.<<GetRunnerMessageAsync>b__0>d.MoveNext()
--- End of stack trace from previous location ---
   at GitHub.Runner.Common.RunnerService.RetryRequest[T](Func`1 func, CancellationToken cancellationToken, Int32 maxRetryAttemptsCount, Func`2 shouldRetry)
[2025-08-05 14:45:03Z ERR  BrokerServer] #####################################################
[2025-08-05 14:45:03Z ERR  BrokerServer] System.Threading.Tasks.TaskCanceledException: The operation was canceled.
 ---> System.IO.IOException: Unable to read data from the transport connection: Bir iş parçacığı çıkışı veya bir uygulama isteği nedeniyle G/Ç işlemi iptal edildi..
 ---> System.Net.Sockets.SocketException (995): Bir iş parçacığı çıkışı veya bir uygulama isteği nedeniyle G/Ç işlemi iptal edildi.
   --- End of inner exception stack trace ---
   at System.Net.Sockets.Socket.AwaitableSocketAsyncEventArgs.ThrowException(SocketError error, CancellationToken cancellationToken)
   at System.Net.Sockets.Socket.AwaitableSocketAsyncEventArgs.System.Threading.Tasks.Sources.IValueTaskSource<System.Int32>.GetResult(Int16 token)
   at System.Net.Security.SslStream.EnsureFullTlsFrameAsync[TIOAdapter](CancellationToken cancellationToken, Int32 estimatedSize)
   at System.Runtime.CompilerServices.PoolingAsyncValueTaskMethodBuilder`1.StateMachineBox`1.System.Threading.Tasks.Sources.IValueTaskSource<TResult>.GetResult(Int16 token)
   at System.Net.Security.SslStream.ReadAsyncInternal[TIOAdapter](Memory`1 buffer, CancellationToken cancellationToken)
   at System.Runtime.CompilerServices.PoolingAsyncValueTaskMethodBuilder`1.StateMachineBox`1.System.Threading.Tasks.Sources.IValueTaskSource<TResult>.GetResult(Int16 token)
   at System.Net.Http.HttpConnection.SendAsync(HttpRequestMessage request, Boolean async, CancellationToken cancellationToken)
   --- End of inner exception stack trace ---
   at System.Net.Http.HttpConnection.SendAsync(HttpRequestMessage request, Boolean async, CancellationToken cancellationToken)
   at System.Net.Http.AuthenticationHelper.SendWithNtAuthAsync(HttpRequestMessage request, Uri authUri, Boolean async, ICredentials credentials, Boolean isProxyAuth, HttpConnection connection, HttpConnectionPool connectionPool, CancellationToken cancellationToken)
   at System.Net.Http.HttpConnectionPool.SendWithVersionDetectionAndRetryAsync(HttpRequestMessage request, Boolean async, Boolean doRequestAuth, CancellationToken cancellationToken)
   at System.Net.Http.AuthenticationHelper.SendWithAuthAsync(HttpRequestMessage request, Uri authUri, Boolean async, ICredentials credentials, Boolean preAuthenticate, Boolean isProxyAuth, Boolean doRequestAuth, HttpConnectionPool pool, CancellationToken cancellationToken)
   at System.Net.Http.RedirectHandler.SendAsync(HttpRequestMessage request, Boolean async, CancellationToken cancellationToken)
   at GitHub.Services.Common.RawHttpMessageHandler.SendAsync(HttpRequestMessage request, CancellationToken cancellationToken)
   at GitHub.Services.Common.VssHttpRetryMessageHandler.SendAsync(HttpRequestMessage request, CancellationToken cancellationToken)
   at System.Net.Http.HttpClient.<SendAsync>g__Core|83_0(HttpRequestMessage request, HttpCompletionOption completionOption, CancellationTokenSource cts, Boolean disposeCts, CancellationTokenSource pendingRequestsCts, CancellationToken originalCancellationToken)
[2025-08-05 14:45:03Z ERR  BrokerServer] #####################################################
[2025-08-05 14:45:03Z ERR  BrokerServer] System.IO.IOException: Unable to read data from the transport connection: Bir iş parçacığı çıkışı veya bir uygulama isteği nedeniyle G/Ç işlemi iptal edildi..
 ---> System.Net.Sockets.SocketException (995): Bir iş parçacığı çıkışı veya bir uygulama isteği nedeniyle G/Ç işlemi iptal edildi.
   --- End of inner exception stack trace ---
   at System.Net.Sockets.Socket.AwaitableSocketAsyncEventArgs.ThrowException(SocketError error, CancellationToken cancellationToken)
   at System.Net.Sockets.Socket.AwaitableSocketAsyncEventArgs.System.Threading.Tasks.Sources.IValueTaskSource<System.Int32>.GetResult(Int16 token)
   at System.Net.Security.SslStream.EnsureFullTlsFrameAsync[TIOAdapter](CancellationToken cancellationToken, Int32 estimatedSize)
   at System.Runtime.CompilerServices.PoolingAsyncValueTaskMethodBuilder`1.StateMachineBox`1.System.Threading.Tasks.Sources.IValueTaskSource<TResult>.GetResult(Int16 token)
   at System.Net.Security.SslStream.ReadAsyncInternal[TIOAdapter](Memory`1 buffer, CancellationToken cancellationToken)
   at System.Runtime.CompilerServices.PoolingAsyncValueTaskMethodBuilder`1.StateMachineBox`1.System.Threading.Tasks.Sources.IValueTaskSource<TResult>.GetResult(Int16 token)
   at System.Net.Http.HttpConnection.SendAsync(HttpRequestMessage request, Boolean async, CancellationToken cancellationToken)
[2025-08-05 14:45:03Z ERR  BrokerServer] #####################################################
[2025-08-05 14:45:03Z ERR  BrokerServer] System.Net.Sockets.SocketException (995): Bir iş parçacığı çıkışı veya bir uygulama isteği nedeniyle G/Ç işlemi iptal edildi.
[2025-08-05 14:45:03Z WARN BrokerServer] Back off 9,801 seconds before next retry. 4 attempt left.
[2025-08-05 14:45:03Z INFO BrokerMessageListener] Get messages has been cancelled using local token source. Continue to get messages with new status.
[2025-08-05 14:46:03Z INFO ConfigurationStore] HasCredentials()
[2025-08-05 14:46:03Z INFO ConfigurationStore] stored True
[2025-08-05 14:46:03Z INFO CredentialManager] GetCredentialProvider
[2025-08-05 14:46:03Z INFO CredentialManager] Creating type OAuth
[2025-08-05 14:46:03Z INFO CredentialManager] Creating credential type: OAuth
[2025-08-05 14:46:03Z INFO RSAEncryptedFileKeyManager] Loading RSA key parameters from file C:\Users\Fatih\Desktop\microservices-demo\actions-runner\.credentials_rsaparams
[2025-08-05 14:46:03Z INFO RSAEncryptedFileKeyManager] Loading RSA key parameters from file C:\Users\Fatih\Desktop\microservices-demo\actions-runner\.credentials_rsaparams
[2025-08-05 14:46:03Z INFO RSAEncryptedFileKeyManager] Loading RSA key parameters from file C:\Users\Fatih\Desktop\microservices-demo\actions-runner\.credentials_rsaparams
[2025-08-05 14:46:03Z INFO GitHubActionsService] AAD Correlation ID for this token request: Unknown
[2025-08-05 14:46:05Z INFO JobDispatcher] Job request 0 for plan 268aa9d9-7aa2-4dab-ac3e-6a5419d92b85 job 95d1917b-aaab-5a82-9c5a-cacf90963833 received.
[2025-08-05 14:46:05Z INFO JobDispatcher] Pull OrchestrationId 268aa9d9-7aa2-4dab-ac3e-6a5419d92b85.build-and-deploy.__default from JWT claims
[2025-08-05 14:46:05Z INFO BrokerMessageListener] Received job status event. JobState: Busy
[2025-08-05 14:46:05Z INFO BrokerMessageListener] _getMessagesTokenSource is already disposed.
[2025-08-05 14:46:05Z INFO JobDispatcher] Job request 1037f150-ccfa-5acc-96f8-632e5527ded7 processed succeed.
[2025-08-05 14:46:05Z INFO Terminal] WRITE LINE: 2025-08-05 14:46:05Z: Running job: build-and-deploy
[2025-08-05 14:46:05Z INFO JobDispatcher] Start renew job request 0 for job 95d1917b-aaab-5a82-9c5a-cacf90963833.
[2025-08-05 14:46:05Z INFO JobDispatcher] Successfully renew job 95d1917b-aaab-5a82-9c5a-cacf90963833, job is valid till 5.08.2025 14:56:05
[2025-08-05 14:46:05Z INFO HostContext] Well known directory 'Bin': 'C:\Users\Fatih\Desktop\microservices-demo\actions-runner\bin'
[2025-08-05 14:46:05Z INFO ProcessInvokerWrapper] Starting process:
[2025-08-05 14:46:05Z INFO ProcessInvokerWrapper]   File name: 'C:\Users\Fatih\Desktop\microservices-demo\actions-runner\bin\Runner.Worker.exe'
[2025-08-05 14:46:05Z INFO ProcessInvokerWrapper]   Arguments: 'spawnclient 2112 1292'
[2025-08-05 14:46:05Z INFO ProcessInvokerWrapper]   Working directory: 'C:\Users\Fatih\Desktop\microservices-demo\actions-runner\bin'
[2025-08-05 14:46:05Z INFO ProcessInvokerWrapper]   Require exit code zero: 'False'
[2025-08-05 14:46:05Z INFO ProcessInvokerWrapper]   Encoding web name:  ; code page: ''
[2025-08-05 14:46:05Z INFO ProcessInvokerWrapper]   Force kill process on cancellation: 'True'
[2025-08-05 14:46:05Z INFO ProcessInvokerWrapper]   Redirected STDIN: 'False'
[2025-08-05 14:46:05Z INFO ProcessInvokerWrapper]   Persist current code page: 'False'
[2025-08-05 14:46:05Z INFO ProcessInvokerWrapper]   Keep redirected STDIN open: 'False'
[2025-08-05 14:46:05Z INFO ProcessInvokerWrapper]   High priority process: 'True'
[2025-08-05 14:46:05Z INFO ProcessInvokerWrapper] Process started with process id 41884, waiting for process exit.
[2025-08-05 14:46:05Z INFO JobDispatcher] Send job request message to worker for job 95d1917b-aaab-5a82-9c5a-cacf90963833.
[2025-08-05 14:46:05Z INFO ProcessChannel] Sending message of length 20266, with hash '60c8151ef4179cc6ed002409f7893d6f1323a54ec4b783518293ae35df21ecd2'
[2025-08-05 14:46:05Z INFO JobNotification] Entering JobStarted Notification
[2025-08-05 14:46:05Z INFO JobNotification] Entering StartMonitor
[2025-08-05 14:46:33Z INFO ProcessInvokerWrapper] STDOUT/STDERR stream read finished.
[2025-08-05 14:46:33Z INFO ProcessInvokerWrapper] STDOUT/STDERR stream read finished.
[2025-08-05 14:46:33Z INFO ProcessInvokerWrapper] Finished process 41884 with exit code 102, and elapsed time 00:00:27.8295403.
[2025-08-05 14:46:33Z INFO JobDispatcher] Worker finished for job 95d1917b-aaab-5a82-9c5a-cacf90963833. Code: 102
[2025-08-05 14:46:33Z INFO JobDispatcher] finish job request for job 95d1917b-aaab-5a82-9c5a-cacf90963833 with result: Failed
[2025-08-05 14:46:33Z INFO Terminal] WRITE LINE: 2025-08-05 14:46:33Z: Job build-and-deploy completed with result: Failed
[2025-08-05 14:46:33Z INFO JobDispatcher] Stop renew job request for job 95d1917b-aaab-5a82-9c5a-cacf90963833.
[2025-08-05 14:46:33Z INFO JobDispatcher] job renew has been cancelled, stop renew job 95d1917b-aaab-5a82-9c5a-cacf90963833.
[2025-08-05 14:46:33Z INFO JobNotification] Entering JobCompleted Notification
[2025-08-05 14:46:33Z INFO JobNotification] Entering EndMonitor
[2025-08-05 14:46:33Z INFO BrokerMessageListener] Received job status event. JobState: Online
[2025-08-05 14:46:33Z WARN GitHubActionsService] GET request to https://broker.actions.githubusercontent.com/message?sessionId=0510571d-0a8c-4e58-b8c4-483158ca766b&status=Busy&runnerVersion=2.327.1&os=Windows&architecture=X64&disableUpdate=false has been cancelled.
[2025-08-05 14:46:33Z ERR  BrokerServer] Catch exception during request
[2025-08-05 14:46:33Z ERR  BrokerServer] System.Threading.Tasks.TaskCanceledException: The operation was canceled.
 ---> System.Threading.Tasks.TaskCanceledException: The operation was canceled.
 ---> System.IO.IOException: Unable to read data from the transport connection: Bir iş parçacığı çıkışı veya bir uygulama isteği nedeniyle G/Ç işlemi iptal edildi..
 ---> System.Net.Sockets.SocketException (995): Bir iş parçacığı çıkışı veya bir uygulama isteği nedeniyle G/Ç işlemi iptal edildi.
   --- End of inner exception stack trace ---
   at System.Net.Sockets.Socket.AwaitableSocketAsyncEventArgs.System.Threading.Tasks.Sources.IValueTaskSource<System.Int32>.GetResult(Int16 token)
   at System.Net.Security.SslStream.EnsureFullTlsFrameAsync[TIOAdapter](CancellationToken cancellationToken, Int32 estimatedSize)
   at System.Runtime.CompilerServices.PoolingAsyncValueTaskMethodBuilder`1.StateMachineBox`1.System.Threading.Tasks.Sources.IValueTaskSource<TResult>.GetResult(Int16 token)
   at System.Net.Security.SslStream.ReadAsyncInternal[TIOAdapter](Memory`1 buffer, CancellationToken cancellationToken)
   at System.Runtime.CompilerServices.PoolingAsyncValueTaskMethodBuilder`1.StateMachineBox`1.System.Threading.Tasks.Sources.IValueTaskSource<TResult>.GetResult(Int16 token)
   at System.Net.Http.HttpConnection.SendAsync(HttpRequestMessage request, Boolean async, CancellationToken cancellationToken)
   --- End of inner exception stack trace ---
   at System.Net.Http.HttpConnection.SendAsync(HttpRequestMessage request, Boolean async, CancellationToken cancellationToken)
   at System.Net.Http.AuthenticationHelper.SendWithNtAuthAsync(HttpRequestMessage request, Uri authUri, Boolean async, ICredentials credentials, Boolean isProxyAuth, HttpConnection connection, HttpConnectionPool connectionPool, CancellationToken cancellationToken)
   at System.Net.Http.HttpConnectionPool.SendWithVersionDetectionAndRetryAsync(HttpRequestMessage request, Boolean async, Boolean doRequestAuth, CancellationToken cancellationToken)
   at System.Net.Http.AuthenticationHelper.SendWithAuthAsync(HttpRequestMessage request, Uri authUri, Boolean async, ICredentials credentials, Boolean preAuthenticate, Boolean isProxyAuth, Boolean doRequestAuth, HttpConnectionPool pool, CancellationToken cancellationToken)
   at System.Net.Http.RedirectHandler.SendAsync(HttpRequestMessage request, Boolean async, CancellationToken cancellationToken)
   at GitHub.Services.Common.RawHttpMessageHandler.SendAsync(HttpRequestMessage request, CancellationToken cancellationToken)
   at GitHub.Services.Common.VssHttpRetryMessageHandler.SendAsync(HttpRequestMessage request, CancellationToken cancellationToken)
   at System.Net.Http.HttpClient.<SendAsync>g__Core|83_0(HttpRequestMessage request, HttpCompletionOption completionOption, CancellationTokenSource cts, Boolean disposeCts, CancellationTokenSource pendingRequestsCts, CancellationToken originalCancellationToken)
   --- End of inner exception stack trace ---
   at System.Net.Http.HttpClient.HandleFailure(Exception e, Boolean telemetryStarted, HttpResponseMessage response, CancellationTokenSource cts, CancellationToken cancellationToken, CancellationTokenSource pendingRequestsCts)
   at System.Net.Http.HttpClient.<SendAsync>g__Core|83_0(HttpRequestMessage request, HttpCompletionOption completionOption, CancellationTokenSource cts, Boolean disposeCts, CancellationTokenSource pendingRequestsCts, CancellationToken originalCancellationToken)
   at Sdk.WebApi.WebApi.RawHttpClientBase.SendAsync(HttpRequestMessage message, HttpCompletionOption completionOption, Object userState, CancellationToken cancellationToken)
   at Sdk.WebApi.WebApi.RawHttpClientBase.SendAsync[T](HttpRequestMessage message, Boolean readErrorBody, Object userState, CancellationToken cancellationToken)
   at Sdk.WebApi.WebApi.RawHttpClientBase.SendAsync[T](HttpMethod method, IEnumerable`1 additionalHeaders, Uri requestUri, HttpContent content, IEnumerable`1 queryParameters, Boolean readErrorBody, Object userState, CancellationToken cancellationToken)
   at GitHub.Actions.RunService.WebApi.BrokerHttpClient.GetRunnerMessageAsync(Nullable`1 sessionId, String runnerVersion, Nullable`1 status, String os, String architecture, Nullable`1 disableUpdate, CancellationToken cancellationToken)
   at GitHub.Runner.Common.BrokerServer.<>c__DisplayClass7_0.<<GetRunnerMessageAsync>b__0>d.MoveNext()
--- End of stack trace from previous location ---
   at GitHub.Runner.Common.RunnerService.RetryRequest[T](Func`1 func, CancellationToken cancellationToken, Int32 maxRetryAttemptsCount, Func`2 shouldRetry)
[2025-08-05 14:46:33Z ERR  BrokerServer] #####################################################
[2025-08-05 14:46:33Z ERR  BrokerServer] System.Threading.Tasks.TaskCanceledException: The operation was canceled.
 ---> System.IO.IOException: Unable to read data from the transport connection: Bir iş parçacığı çıkışı veya bir uygulama isteği nedeniyle G/Ç işlemi iptal edildi..
 ---> System.Net.Sockets.SocketException (995): Bir iş parçacığı çıkışı veya bir uygulama isteği nedeniyle G/Ç işlemi iptal edildi.
   --- End of inner exception stack trace ---
   at System.Net.Sockets.Socket.AwaitableSocketAsyncEventArgs.System.Threading.Tasks.Sources.IValueTaskSource<System.Int32>.GetResult(Int16 token)
   at System.Net.Security.SslStream.EnsureFullTlsFrameAsync[TIOAdapter](CancellationToken cancellationToken, Int32 estimatedSize)
   at System.Runtime.CompilerServices.PoolingAsyncValueTaskMethodBuilder`1.StateMachineBox`1.System.Threading.Tasks.Sources.IValueTaskSource<TResult>.GetResult(Int16 token)
   at System.Net.Security.SslStream.ReadAsyncInternal[TIOAdapter](Memory`1 buffer, CancellationToken cancellationToken)
   at System.Runtime.CompilerServices.PoolingAsyncValueTaskMethodBuilder`1.StateMachineBox`1.System.Threading.Tasks.Sources.IValueTaskSource<TResult>.GetResult(Int16 token)
   at System.Net.Http.HttpConnection.SendAsync(HttpRequestMessage request, Boolean async, CancellationToken cancellationToken)
   --- End of inner exception stack trace ---
   at System.Net.Http.HttpConnection.SendAsync(HttpRequestMessage request, Boolean async, CancellationToken cancellationToken)
   at System.Net.Http.AuthenticationHelper.SendWithNtAuthAsync(HttpRequestMessage request, Uri authUri, Boolean async, ICredentials credentials, Boolean isProxyAuth, HttpConnection connection, HttpConnectionPool connectionPool, CancellationToken cancellationToken)
   at System.Net.Http.HttpConnectionPool.SendWithVersionDetectionAndRetryAsync(HttpRequestMessage request, Boolean async, Boolean doRequestAuth, CancellationToken cancellationToken)
   at System.Net.Http.AuthenticationHelper.SendWithAuthAsync(HttpRequestMessage request, Uri authUri, Boolean async, ICredentials credentials, Boolean preAuthenticate, Boolean isProxyAuth, Boolean doRequestAuth, HttpConnectionPool pool, CancellationToken cancellationToken)
   at System.Net.Http.RedirectHandler.SendAsync(HttpRequestMessage request, Boolean async, CancellationToken cancellationToken)
   at GitHub.Services.Common.RawHttpMessageHandler.SendAsync(HttpRequestMessage request, CancellationToken cancellationToken)
   at GitHub.Services.Common.VssHttpRetryMessageHandler.SendAsync(HttpRequestMessage request, CancellationToken cancellationToken)
   at System.Net.Http.HttpClient.<SendAsync>g__Core|83_0(HttpRequestMessage request, HttpCompletionOption completionOption, CancellationTokenSource cts, Boolean disposeCts, CancellationTokenSource pendingRequestsCts, CancellationToken originalCancellationToken)
[2025-08-05 14:46:33Z ERR  BrokerServer] #####################################################
[2025-08-05 14:46:33Z ERR  BrokerServer] System.IO.IOException: Unable to read data from the transport connection: Bir iş parçacığı çıkışı veya bir uygulama isteği nedeniyle G/Ç işlemi iptal edildi..
 ---> System.Net.Sockets.SocketException (995): Bir iş parçacığı çıkışı veya bir uygulama isteği nedeniyle G/Ç işlemi iptal edildi.
   --- End of inner exception stack trace ---
   at System.Net.Sockets.Socket.AwaitableSocketAsyncEventArgs.System.Threading.Tasks.Sources.IValueTaskSource<System.Int32>.GetResult(Int16 token)
   at System.Net.Security.SslStream.EnsureFullTlsFrameAsync[TIOAdapter](CancellationToken cancellationToken, Int32 estimatedSize)
   at System.Runtime.CompilerServices.PoolingAsyncValueTaskMethodBuilder`1.StateMachineBox`1.System.Threading.Tasks.Sources.IValueTaskSource<TResult>.GetResult(Int16 token)
   at System.Net.Security.SslStream.ReadAsyncInternal[TIOAdapter](Memory`1 buffer, CancellationToken cancellationToken)
   at System.Runtime.CompilerServices.PoolingAsyncValueTaskMethodBuilder`1.StateMachineBox`1.System.Threading.Tasks.Sources.IValueTaskSource<TResult>.GetResult(Int16 token)
   at System.Net.Http.HttpConnection.SendAsync(HttpRequestMessage request, Boolean async, CancellationToken cancellationToken)
[2025-08-05 14:46:33Z ERR  BrokerServer] #####################################################
[2025-08-05 14:46:33Z ERR  BrokerServer] System.Net.Sockets.SocketException (995): Bir iş parçacığı çıkışı veya bir uygulama isteği nedeniyle G/Ç işlemi iptal edildi.
[2025-08-05 14:46:33Z WARN BrokerServer] Back off 14,277 seconds before next retry. 4 attempt left.
[2025-08-05 14:46:33Z INFO BrokerMessageListener] Get messages has been cancelled using local token source. Continue to get messages with new status.
[2025-08-05 14:51:01Z INFO HostContext] Runner will be shutdown for UserCancelled
[2025-08-05 14:51:01Z WARN GitHubActionsService] GET request to https://broker.actions.githubusercontent.com/message?sessionId=0510571d-0a8c-4e58-b8c4-483158ca766b&status=Online&runnerVersion=2.327.1&os=Windows&architecture=X64&disableUpdate=false has been cancelled.
[2025-08-05 14:51:01Z ERR  BrokerServer] Catch exception during request
[2025-08-05 14:51:01Z ERR  BrokerServer] System.Threading.Tasks.TaskCanceledException: The operation was canceled.
 ---> System.Threading.Tasks.TaskCanceledException: The operation was canceled.
 ---> System.IO.IOException: Unable to read data from the transport connection: Bir iş parçacığı çıkışı veya bir uygulama isteği nedeniyle G/Ç işlemi iptal edildi..
 ---> System.Net.Sockets.SocketException (995): Bir iş parçacığı çıkışı veya bir uygulama isteği nedeniyle G/Ç işlemi iptal edildi.
   --- End of inner exception stack trace ---
   at System.Net.Sockets.Socket.AwaitableSocketAsyncEventArgs.System.Threading.Tasks.Sources.IValueTaskSource<System.Int32>.GetResult(Int16 token)
   at System.Net.Security.SslStream.EnsureFullTlsFrameAsync[TIOAdapter](CancellationToken cancellationToken, Int32 estimatedSize)
   at System.Runtime.CompilerServices.PoolingAsyncValueTaskMethodBuilder`1.StateMachineBox`1.System.Threading.Tasks.Sources.IValueTaskSource<TResult>.GetResult(Int16 token)
   at System.Net.Security.SslStream.ReadAsyncInternal[TIOAdapter](Memory`1 buffer, CancellationToken cancellationToken)
   at System.Runtime.CompilerServices.PoolingAsyncValueTaskMethodBuilder`1.StateMachineBox`1.System.Threading.Tasks.Sources.IValueTaskSource<TResult>.GetResult(Int16 token)
   at System.Net.Http.HttpConnection.SendAsync(HttpRequestMessage request, Boolean async, CancellationToken cancellationToken)
   --- End of inner exception stack trace ---
   at System.Net.Http.HttpConnection.SendAsync(HttpRequestMessage request, Boolean async, CancellationToken cancellationToken)
   at System.Net.Http.AuthenticationHelper.SendWithNtAuthAsync(HttpRequestMessage request, Uri authUri, Boolean async, ICredentials credentials, Boolean isProxyAuth, HttpConnection connection, HttpConnectionPool connectionPool, CancellationToken cancellationToken)
   at System.Net.Http.HttpConnectionPool.SendWithVersionDetectionAndRetryAsync(HttpRequestMessage request, Boolean async, Boolean doRequestAuth, CancellationToken cancellationToken)
   at System.Net.Http.AuthenticationHelper.SendWithAuthAsync(HttpRequestMessage request, Uri authUri, Boolean async, ICredentials credentials, Boolean preAuthenticate, Boolean isProxyAuth, Boolean doRequestAuth, HttpConnectionPool pool, CancellationToken cancellationToken)
   at System.Net.Http.RedirectHandler.SendAsync(HttpRequestMessage request, Boolean async, CancellationToken cancellationToken)
   at GitHub.Services.Common.RawHttpMessageHandler.SendAsync(HttpRequestMessage request, CancellationToken cancellationToken)
   at GitHub.Services.Common.VssHttpRetryMessageHandler.SendAsync(HttpRequestMessage request, CancellationToken cancellationToken)
   at System.Net.Http.HttpClient.<SendAsync>g__Core|83_0(HttpRequestMessage request, HttpCompletionOption completionOption, CancellationTokenSource cts, Boolean disposeCts, CancellationTokenSource pendingRequestsCts, CancellationToken originalCancellationToken)
   --- End of inner exception stack trace ---
   at System.Net.Http.HttpClient.HandleFailure(Exception e, Boolean telemetryStarted, HttpResponseMessage response, CancellationTokenSource cts, CancellationToken cancellationToken, CancellationTokenSource pendingRequestsCts)
   at System.Net.Http.HttpClient.<SendAsync>g__Core|83_0(HttpRequestMessage request, HttpCompletionOption completionOption, CancellationTokenSource cts, Boolean disposeCts, CancellationTokenSource pendingRequestsCts, CancellationToken originalCancellationToken)
   at Sdk.WebApi.WebApi.RawHttpClientBase.SendAsync(HttpRequestMessage message, HttpCompletionOption completionOption, Object userState, CancellationToken cancellationToken)
   at Sdk.WebApi.WebApi.RawHttpClientBase.SendAsync[T](HttpRequestMessage message, Boolean readErrorBody, Object userState, CancellationToken cancellationToken)
   at Sdk.WebApi.WebApi.RawHttpClientBase.SendAsync[T](HttpMethod method, IEnumerable`1 additionalHeaders, Uri requestUri, HttpContent content, IEnumerable`1 queryParameters, Boolean readErrorBody, Object userState, CancellationToken cancellationToken)
   at GitHub.Actions.RunService.WebApi.BrokerHttpClient.GetRunnerMessageAsync(Nullable`1 sessionId, String runnerVersion, Nullable`1 status, String os, String architecture, Nullable`1 disableUpdate, CancellationToken cancellationToken)
   at GitHub.Runner.Common.BrokerServer.<>c__DisplayClass7_0.<<GetRunnerMessageAsync>b__0>d.MoveNext()
--- End of stack trace from previous location ---
   at GitHub.Runner.Common.RunnerService.RetryRequest[T](Func`1 func, CancellationToken cancellationToken, Int32 maxRetryAttemptsCount, Func`2 shouldRetry)
[2025-08-05 14:51:01Z ERR  BrokerServer] #####################################################
[2025-08-05 14:51:01Z ERR  BrokerServer] System.Threading.Tasks.TaskCanceledException: The operation was canceled.
 ---> System.IO.IOException: Unable to read data from the transport connection: Bir iş parçacığı çıkışı veya bir uygulama isteği nedeniyle G/Ç işlemi iptal edildi..
 ---> System.Net.Sockets.SocketException (995): Bir iş parçacığı çıkışı veya bir uygulama isteği nedeniyle G/Ç işlemi iptal edildi.
   --- End of inner exception stack trace ---
   at System.Net.Sockets.Socket.AwaitableSocketAsyncEventArgs.System.Threading.Tasks.Sources.IValueTaskSource<System.Int32>.GetResult(Int16 token)
   at System.Net.Security.SslStream.EnsureFullTlsFrameAsync[TIOAdapter](CancellationToken cancellationToken, Int32 estimatedSize)
   at System.Runtime.CompilerServices.PoolingAsyncValueTaskMethodBuilder`1.StateMachineBox`1.System.Threading.Tasks.Sources.IValueTaskSource<TResult>.GetResult(Int16 token)
   at System.Net.Security.SslStream.ReadAsyncInternal[TIOAdapter](Memory`1 buffer, CancellationToken cancellationToken)
   at System.Runtime.CompilerServices.PoolingAsyncValueTaskMethodBuilder`1.StateMachineBox`1.System.Threading.Tasks.Sources.IValueTaskSource<TResult>.GetResult(Int16 token)
   at System.Net.Http.HttpConnection.SendAsync(HttpRequestMessage request, Boolean async, CancellationToken cancellationToken)
   --- End of inner exception stack trace ---
   at System.Net.Http.HttpConnection.SendAsync(HttpRequestMessage request, Boolean async, CancellationToken cancellationToken)
   at System.Net.Http.AuthenticationHelper.SendWithNtAuthAsync(HttpRequestMessage request, Uri authUri, Boolean async, ICredentials credentials, Boolean isProxyAuth, HttpConnection connection, HttpConnectionPool connectionPool, CancellationToken cancellationToken)
   at System.Net.Http.HttpConnectionPool.SendWithVersionDetectionAndRetryAsync(HttpRequestMessage request, Boolean async, Boolean doRequestAuth, CancellationToken cancellationToken)
   at System.Net.Http.AuthenticationHelper.SendWithAuthAsync(HttpRequestMessage request, Uri authUri, Boolean async, ICredentials credentials, Boolean preAuthenticate, Boolean isProxyAuth, Boolean doRequestAuth, HttpConnectionPool pool, CancellationToken cancellationToken)
   at System.Net.Http.RedirectHandler.SendAsync(HttpRequestMessage request, Boolean async, CancellationToken cancellationToken)
   at GitHub.Services.Common.RawHttpMessageHandler.SendAsync(HttpRequestMessage request, CancellationToken cancellationToken)
   at GitHub.Services.Common.VssHttpRetryMessageHandler.SendAsync(HttpRequestMessage request, CancellationToken cancellationToken)
   at System.Net.Http.HttpClient.<SendAsync>g__Core|83_0(HttpRequestMessage request, HttpCompletionOption completionOption, CancellationTokenSource cts, Boolean disposeCts, CancellationTokenSource pendingRequestsCts, CancellationToken originalCancellationToken)
[2025-08-05 14:51:01Z ERR  BrokerServer] #####################################################
[2025-08-05 14:51:01Z ERR  BrokerServer] System.IO.IOException: Unable to read data from the transport connection: Bir iş parçacığı çıkışı veya bir uygulama isteği nedeniyle G/Ç işlemi iptal edildi..
 ---> System.Net.Sockets.SocketException (995): Bir iş parçacığı çıkışı veya bir uygulama isteği nedeniyle G/Ç işlemi iptal edildi.
   --- End of inner exception stack trace ---
   at System.Net.Sockets.Socket.AwaitableSocketAsyncEventArgs.System.Threading.Tasks.Sources.IValueTaskSource<System.Int32>.GetResult(Int16 token)
   at System.Net.Security.SslStream.EnsureFullTlsFrameAsync[TIOAdapter](CancellationToken cancellationToken, Int32 estimatedSize)
   at System.Runtime.CompilerServices.PoolingAsyncValueTaskMethodBuilder`1.StateMachineBox`1.System.Threading.Tasks.Sources.IValueTaskSource<TResult>.GetResult(Int16 token)
   at System.Net.Security.SslStream.ReadAsyncInternal[TIOAdapter](Memory`1 buffer, CancellationToken cancellationToken)
   at System.Runtime.CompilerServices.PoolingAsyncValueTaskMethodBuilder`1.StateMachineBox`1.System.Threading.Tasks.Sources.IValueTaskSource<TResult>.GetResult(Int16 token)
   at System.Net.Http.HttpConnection.SendAsync(HttpRequestMessage request, Boolean async, CancellationToken cancellationToken)
[2025-08-05 14:51:01Z ERR  BrokerServer] #####################################################
[2025-08-05 14:51:01Z ERR  BrokerServer] System.Net.Sockets.SocketException (995): Bir iş parçacığı çıkışı veya bir uygulama isteği nedeniyle G/Ç işlemi iptal edildi.
[2025-08-05 14:51:01Z WARN BrokerServer] Back off 11,61 seconds before next retry. 4 attempt left.
[2025-08-05 14:51:01Z INFO BrokerMessageListener] Get next message has been cancelled.
[2025-08-05 14:51:01Z INFO JobDispatcher] Shutting down JobDispatcher. Make sure all WorkerDispatcher has finished.
[2025-08-05 14:51:01Z INFO JobDispatcher] Ensure WorkerDispatcher for job 95d1917b-aaab-5a82-9c5a-cacf90963833 run to finish, cancel any running job.
[2025-08-05 14:51:01Z INFO JobDispatcher] Job request 95d1917b-aaab-5a82-9c5a-cacf90963833 processed succeed.
[2025-08-05 14:51:01Z INFO Runner] Deleting Runner Session...
[2025-08-05 14:51:02Z INFO Listener] Runner execution been cancelled.
