[2025-08-05 13:50:00Z INFO HostContext] No proxy settings were found based on environmental variables (http_proxy/https_proxy/HTTP_PROXY/HTTPS_PROXY)
[2025-08-05 13:50:00Z INFO HostContext] Well known directory 'Bin': 'C:\Users\Fatih\Desktop\microservices-demo\actions-runner\bin'
[2025-08-05 13:50:00Z INFO HostContext] Well known directory 'Root': 'C:\Users\Fatih\Desktop\microservices-demo\actions-runner'
[2025-08-05 13:50:00Z INFO HostContext] Well known config file 'Credentials': 'C:\Users\Fatih\Desktop\microservices-demo\actions-runner\.credentials'
[2025-08-05 13:50:00Z INFO HostContext] Well known directory 'Bin': 'C:\Users\Fatih\Desktop\microservices-demo\actions-runner\bin'
[2025-08-05 13:50:00Z INFO HostContext] Well known directory 'Root': 'C:\Users\Fatih\Desktop\microservices-demo\actions-runner'
[2025-08-05 13:50:00Z INFO HostContext] Well known config file 'Runner': 'C:\Users\Fatih\Desktop\microservices-demo\actions-runner\.runner'
[2025-08-05 13:50:00Z INFO Listener] Runner is built for Windows (X64) - win-x64.
[2025-08-05 13:50:00Z INFO Listener] RuntimeInformation: Microsoft Windows 10.0.22631.
[2025-08-05 13:50:00Z INFO Listener] Version: 2.327.1
[2025-08-05 13:50:00Z INFO Listener] Commit: 9513afd82fbc900d13362cdd4fcdab0538f5124e
[2025-08-05 13:50:00Z INFO Listener] Culture: tr-TR
[2025-08-05 13:50:00Z INFO Listener] UI Culture: tr-TR
[2025-08-05 13:50:00Z INFO HostContext] Well known directory 'Bin': 'C:\Users\Fatih\Desktop\microservices-demo\actions-runner\bin'
[2025-08-05 13:50:00Z INFO HostContext] Well known directory 'Root': 'C:\Users\Fatih\Desktop\microservices-demo\actions-runner'
[2025-08-05 13:50:00Z INFO Listener] Validating directory permissions for: 'C:\Users\Fatih\Desktop\microservices-demo\actions-runner'
[2025-08-05 13:50:00Z INFO CommandLineParser] Parse
[2025-08-05 13:50:00Z INFO CommandLineParser] Parsing 5 args
[2025-08-05 13:50:00Z INFO CommandLineParser] parsing argument
[2025-08-05 13:50:00Z INFO CommandLineParser] HasArgs: False
[2025-08-05 13:50:00Z INFO CommandLineParser] Adding Command: configure
[2025-08-05 13:50:00Z INFO CommandLineParser] parsing argument
[2025-08-05 13:50:00Z INFO CommandLineParser] HasArgs: True
[2025-08-05 13:50:00Z INFO CommandLineParser] arg: url
[2025-08-05 13:50:00Z INFO CommandLineParser] parsing argument
[2025-08-05 13:50:00Z INFO CommandLineParser] HasArgs: True
[2025-08-05 13:50:00Z INFO CommandLineParser] Adding option 'url': 'https://github.com/fatihreha/online-boutique-thesis'
[2025-08-05 13:50:00Z INFO CommandLineParser] parsing argument
[2025-08-05 13:50:00Z INFO CommandLineParser] HasArgs: True
[2025-08-05 13:50:00Z INFO CommandLineParser] arg: token
[2025-08-05 13:50:00Z INFO CommandLineParser] parsing argument
[2025-08-05 13:50:00Z INFO CommandLineParser] HasArgs: True
[2025-08-05 13:50:00Z INFO CommandLineParser] Adding option 'token': '***'
[2025-08-05 13:50:00Z INFO Listener] Arguments parsed
[2025-08-05 13:50:00Z INFO Runner] ExecuteCommand
[2025-08-05 13:50:00Z INFO ConfigurationStore] currentAssemblyLocation: C:\Users\Fatih\Desktop\microservices-demo\actions-runner\bin\Runner.Listener.dll
[2025-08-05 13:50:00Z INFO HostContext] Well known directory 'Bin': 'C:\Users\Fatih\Desktop\microservices-demo\actions-runner\bin'
[2025-08-05 13:50:00Z INFO ConfigurationStore] binPath: C:\Users\Fatih\Desktop\microservices-demo\actions-runner\bin
[2025-08-05 13:50:00Z INFO HostContext] Well known directory 'Bin': 'C:\Users\Fatih\Desktop\microservices-demo\actions-runner\bin'
[2025-08-05 13:50:00Z INFO HostContext] Well known directory 'Root': 'C:\Users\Fatih\Desktop\microservices-demo\actions-runner'
[2025-08-05 13:50:00Z INFO ConfigurationStore] RootFolder: C:\Users\Fatih\Desktop\microservices-demo\actions-runner
[2025-08-05 13:50:00Z INFO HostContext] Well known directory 'Bin': 'C:\Users\Fatih\Desktop\microservices-demo\actions-runner\bin'
[2025-08-05 13:50:00Z INFO HostContext] Well known directory 'Root': 'C:\Users\Fatih\Desktop\microservices-demo\actions-runner'
[2025-08-05 13:50:00Z INFO HostContext] Well known config file 'Runner': 'C:\Users\Fatih\Desktop\microservices-demo\actions-runner\.runner'
[2025-08-05 13:50:00Z INFO ConfigurationStore] ConfigFilePath: C:\Users\Fatih\Desktop\microservices-demo\actions-runner\.runner
[2025-08-05 13:50:00Z INFO HostContext] Well known directory 'Bin': 'C:\Users\Fatih\Desktop\microservices-demo\actions-runner\bin'
[2025-08-05 13:50:00Z INFO HostContext] Well known directory 'Root': 'C:\Users\Fatih\Desktop\microservices-demo\actions-runner'
[2025-08-05 13:50:00Z INFO HostContext] Well known config file 'MigratedRunner': 'C:\Users\Fatih\Desktop\microservices-demo\actions-runner\.runner_migrated'
[2025-08-05 13:50:00Z INFO ConfigurationStore] MigratedConfigFilePath: C:\Users\Fatih\Desktop\microservices-demo\actions-runner\.runner_migrated
[2025-08-05 13:50:00Z INFO HostContext] Well known directory 'Bin': 'C:\Users\Fatih\Desktop\microservices-demo\actions-runner\bin'
[2025-08-05 13:50:00Z INFO HostContext] Well known directory 'Root': 'C:\Users\Fatih\Desktop\microservices-demo\actions-runner'
[2025-08-05 13:50:00Z INFO HostContext] Well known config file 'Credentials': 'C:\Users\Fatih\Desktop\microservices-demo\actions-runner\.credentials'
[2025-08-05 13:50:00Z INFO ConfigurationStore] CredFilePath: C:\Users\Fatih\Desktop\microservices-demo\actions-runner\.credentials
[2025-08-05 13:50:00Z INFO HostContext] Well known directory 'Bin': 'C:\Users\Fatih\Desktop\microservices-demo\actions-runner\bin'
[2025-08-05 13:50:00Z INFO HostContext] Well known directory 'Root': 'C:\Users\Fatih\Desktop\microservices-demo\actions-runner'
[2025-08-05 13:50:00Z INFO HostContext] Well known config file 'MigratedCredentials': 'C:\Users\Fatih\Desktop\microservices-demo\actions-runner\.credentials_migrated'
[2025-08-05 13:50:00Z INFO ConfigurationStore] MigratedCredFilePath: C:\Users\Fatih\Desktop\microservices-demo\actions-runner\.credentials_migrated
[2025-08-05 13:50:00Z INFO HostContext] Well known directory 'Bin': 'C:\Users\Fatih\Desktop\microservices-demo\actions-runner\bin'
[2025-08-05 13:50:00Z INFO HostContext] Well known directory 'Root': 'C:\Users\Fatih\Desktop\microservices-demo\actions-runner'
[2025-08-05 13:50:00Z INFO HostContext] Well known config file 'Service': 'C:\Users\Fatih\Desktop\microservices-demo\actions-runner\.service'
[2025-08-05 13:50:00Z INFO ConfigurationStore] ServiceConfigFilePath: C:\Users\Fatih\Desktop\microservices-demo\actions-runner\.service
[2025-08-05 13:50:00Z INFO CommandSettings] Flag 'help': 'False'
[2025-08-05 13:50:00Z INFO CommandSettings] Flag 'version': 'False'
[2025-08-05 13:50:00Z INFO CommandSettings] Flag 'commit': 'False'
[2025-08-05 13:50:00Z INFO CommandSettings] Flag 'check': 'False'
[2025-08-05 13:50:00Z INFO CommandSettings] Command 'configure': 'True'
[2025-08-05 13:50:00Z INFO Terminal] WRITE LINE: 
[2025-08-05 13:50:00Z INFO Terminal] WRITE LINE: --------------------------------------------------------------------------------
[2025-08-05 13:50:00Z INFO Terminal] WRITE LINE: |        ____ _ _   _   _       _          _        _   _                      |
[2025-08-05 13:50:00Z INFO Terminal] WRITE LINE: |       / ___(_) |_| | | |_   _| |__      / \   ___| |_(_) ___  _ __  ___      |
[2025-08-05 13:50:00Z INFO Terminal] WRITE LINE: |      | |  _| | __| |_| | | | | '_ \    / _ \ / __| __| |/ _ \| '_ \/ __|     |
[2025-08-05 13:50:00Z INFO Terminal] WRITE LINE: |      | |_| | | |_|  _  | |_| | |_) |  / ___ \ (__| |_| | (_) | | | \__ \     |
[2025-08-05 13:50:00Z INFO Terminal] WRITE LINE: |       \____|_|\__|_| |_|\__,_|_.__/  /_/   \_\___|\__|_|\___/|_| |_|___/     |
[2025-08-05 13:50:00Z INFO Terminal] WRITE LINE: |                                                                              |
[2025-08-05 13:50:00Z INFO Terminal] WRITE: |                       
[2025-08-05 13:50:00Z INFO Terminal] WRITE: Self-hosted runner registration
[2025-08-05 13:50:00Z INFO Terminal] WRITE LINE:                         |
[2025-08-05 13:50:00Z INFO Terminal] WRITE LINE: |                                                                              |
[2025-08-05 13:50:00Z INFO Terminal] WRITE LINE: --------------------------------------------------------------------------------
[2025-08-05 13:50:00Z INFO ConfigurationManager] ConfigureAsync
[2025-08-05 13:50:00Z INFO CommandSettings] Flag 'generateServiceConfig': 'False'
[2025-08-05 13:50:00Z INFO ConfigurationStore] IsConfigured()
[2025-08-05 13:50:00Z INFO ConfigurationStore] IsConfigured: False
[2025-08-05 13:50:00Z INFO ConfigurationManager] Is configured: False
[2025-08-05 13:50:00Z INFO CommandSettings] Arg 'url': 'https://github.com/fatihreha/online-boutique-thesis'
[2025-08-05 13:50:00Z INFO CommandSettings] Remove url from Arg dictionary.
[2025-08-05 13:50:00Z INFO CommandSettings] Arg 'token': '***'
[2025-08-05 13:50:00Z INFO CommandSettings] Remove token from Arg dictionary.
[2025-08-05 13:50:00Z INFO ConfigurationManager] Http response code: OK from 'POST https://api.github.com/actions/runner-registration' (F26A:3BEC5D:403BED1:3CC6CD6:68920C08)
[2025-08-05 13:50:00Z INFO ConfigurationManager] Using V2 flow: False
[2025-08-05 13:50:00Z INFO ConfigurationManager] cred retrieved via GitHub auth
[2025-08-05 13:50:00Z INFO RunnerServer] EstablishVssConnection
[2025-08-05 13:50:00Z INFO RunnerServer] Establish connection with 100 seconds timeout.
[2025-08-05 13:50:00Z INFO GitHubActionsService] Starting operation Location.GetConnectionData
[2025-08-05 13:50:00Z INFO RunnerServer] EstablishVssConnection
[2025-08-05 13:50:00Z INFO RunnerServer] Establish connection with 60 seconds timeout.
[2025-08-05 13:50:00Z INFO GitHubActionsService] Starting operation Location.GetConnectionData
[2025-08-05 13:50:00Z INFO RunnerServer] EstablishVssConnection
[2025-08-05 13:50:00Z INFO RunnerServer] Establish connection with 60 seconds timeout.
[2025-08-05 13:50:00Z INFO GitHubActionsService] Starting operation Location.GetConnectionData
[2025-08-05 13:50:01Z INFO GitHubActionsService] Finished operation Location.GetConnectionData
[2025-08-05 13:50:01Z INFO GitHubActionsService] Finished operation Location.GetConnectionData
[2025-08-05 13:50:01Z INFO GitHubActionsService] Finished operation Location.GetConnectionData
[2025-08-05 13:50:02Z INFO Terminal] WRITE LINE: 
[2025-08-05 13:50:02Z INFO ConfigurationManager] Test Connection complete.
[2025-08-05 13:50:02Z INFO HostContext] Well known directory 'Bin': 'C:\Users\Fatih\Desktop\microservices-demo\actions-runner\bin'
[2025-08-05 13:50:02Z INFO HostContext] Well known directory 'Root': 'C:\Users\Fatih\Desktop\microservices-demo\actions-runner'
[2025-08-05 13:50:02Z INFO HostContext] Well known config file 'RSACredentials': 'C:\Users\Fatih\Desktop\microservices-demo\actions-runner\.credentials_rsaparams'
[2025-08-05 13:50:02Z INFO RSAEncryptedFileKeyManager] Creating new RSA key using 2048-bit key length
[2025-08-05 13:50:02Z INFO RSAEncryptedFileKeyManager] Successfully saved RSA key parameters to file C:\Users\Fatih\Desktop\microservices-demo\actions-runner\.credentials_rsaparams
[2025-08-05 13:50:02Z INFO CommandSettings] Arg 'runnergroup': ''
[2025-08-05 13:50:02Z INFO CommandSettings] Flag 'unattended': 'False'
[2025-08-05 13:50:02Z INFO PromptManager] ReadValue
[2025-08-05 13:50:02Z INFO Terminal] WRITE: Enter the name of the runner group to add this runner to: 
[2025-08-05 13:50:02Z INFO Terminal] WRITE: [press Enter for Default] 
[2025-08-05 13:50:02Z INFO Terminal] READ LINE
[2025-08-05 13:50:09Z INFO Terminal] Read value: ''
[2025-08-05 13:50:09Z INFO PromptManager] Falling back to the default: 'Default'
[2025-08-05 13:50:09Z INFO Terminal] WRITE LINE: 
[2025-08-05 13:50:09Z INFO ConfigurationManager] Found a self-hosted runner group with id 1 and name Default
[2025-08-05 13:50:09Z INFO CommandSettings] Flag 'disableupdate': 'False'
[2025-08-05 13:50:09Z INFO CommandSettings] Flag 'ephemeral': 'False'
[2025-08-05 13:50:09Z INFO CommandSettings] Arg 'name': ''
[2025-08-05 13:50:09Z INFO CommandSettings] Flag 'unattended': 'False'
[2025-08-05 13:50:09Z INFO PromptManager] ReadValue
[2025-08-05 13:50:09Z INFO Terminal] WRITE: Enter the name of runner: 
[2025-08-05 13:50:09Z INFO Terminal] WRITE: [press Enter for FATIHHPAVILION1] 
[2025-08-05 13:50:09Z INFO Terminal] READ LINE
[2025-08-05 13:50:23Z INFO Terminal] Read value: 'FatihRehaDisci'
[2025-08-05 13:50:23Z INFO Terminal] WRITE LINE: 
[2025-08-05 13:50:23Z INFO CommandSettings] Arg 'labels': ''
[2025-08-05 13:50:23Z INFO CommandSettings] Flag 'unattended': 'False'
[2025-08-05 13:50:23Z INFO PromptManager] ReadValue
[2025-08-05 13:50:23Z INFO Terminal] WRITE: This runner will have the following labels: 'self-hosted', 'Windows', 'X64' 
Enter any additional labels (ex. label-1,label-2): 
[2025-08-05 13:50:23Z INFO Terminal] WRITE: [press Enter to skip] 
[2025-08-05 13:50:23Z INFO Terminal] READ LINE
[2025-08-05 13:50:28Z INFO Terminal] Read value: ''
[2025-08-05 13:50:28Z INFO Terminal] WRITE LINE: 
[2025-08-05 13:50:28Z INFO CommandSettings] Flag 'disableupdate': 'False'
[2025-08-05 13:50:28Z INFO CommandSettings] Flag 'no-default-labels': 'False'
[2025-08-05 13:50:28Z INFO CommandSettings] Flag 'disableupdate': 'False'
[2025-08-05 13:50:28Z INFO CommandSettings] Flag 'ephemeral': 'False'
[2025-08-05 13:50:28Z INFO ConfigurationStore] Saving OAuth credential @ C:\Users\Fatih\Desktop\microservices-demo\actions-runner\.credentials
[2025-08-05 13:50:28Z INFO ConfigurationStore] Credentials Saved.
[2025-08-05 13:50:28Z INFO ConfigurationStore] HasCredentials()
[2025-08-05 13:50:28Z INFO ConfigurationStore] stored True
[2025-08-05 13:50:28Z INFO CredentialManager] GetCredentialProvider
[2025-08-05 13:50:28Z INFO CredentialManager] Creating type OAuth
[2025-08-05 13:50:28Z INFO CredentialManager] Creating credential type: OAuth
[2025-08-05 13:50:28Z INFO RSAEncryptedFileKeyManager] Loading RSA key parameters from file C:\Users\Fatih\Desktop\microservices-demo\actions-runner\.credentials_rsaparams
[2025-08-05 13:50:29Z INFO RunnerServer] EstablishVssConnection
[2025-08-05 13:50:29Z INFO RunnerServer] Establish connection with 100 seconds timeout.
[2025-08-05 13:50:29Z INFO GitHubActionsService] Starting operation Location.GetConnectionData
[2025-08-05 13:50:29Z INFO RunnerServer] EstablishVssConnection
[2025-08-05 13:50:29Z INFO RunnerServer] Establish connection with 60 seconds timeout.
[2025-08-05 13:50:29Z INFO GitHubActionsService] Starting operation Location.GetConnectionData
[2025-08-05 13:50:29Z INFO RunnerServer] EstablishVssConnection
[2025-08-05 13:50:29Z INFO RunnerServer] Establish connection with 60 seconds timeout.
[2025-08-05 13:50:29Z INFO GitHubActionsService] Starting operation Location.GetConnectionData
[2025-08-05 13:50:29Z INFO GitHubActionsService] Finished operation Location.GetConnectionData
[2025-08-05 13:50:29Z INFO GitHubActionsService] Finished operation Location.GetConnectionData
[2025-08-05 13:50:29Z INFO GitHubActionsService] Finished operation Location.GetConnectionData
[2025-08-05 13:50:29Z INFO RSAEncryptedFileKeyManager] Loading RSA key parameters from file C:\Users\Fatih\Desktop\microservices-demo\actions-runner\.credentials_rsaparams
[2025-08-05 13:50:29Z INFO RSAEncryptedFileKeyManager] Loading RSA key parameters from file C:\Users\Fatih\Desktop\microservices-demo\actions-runner\.credentials_rsaparams
[2025-08-05 13:50:30Z INFO GitHubActionsService] AAD Correlation ID for this token request: Unknown
[2025-08-05 13:50:30Z INFO ConfigurationManager] Service enforced serverUrlV2: https://broker.actions.githubusercontent.com/
[2025-08-05 13:50:30Z INFO ConfigurationManager] Service enforced useV2Flow: True
[2025-08-05 13:50:30Z INFO CommandSettings] Arg 'work': ''
[2025-08-05 13:50:30Z INFO CommandSettings] Flag 'unattended': 'False'
[2025-08-05 13:50:30Z INFO PromptManager] ReadValue
[2025-08-05 13:50:30Z INFO Terminal] WRITE: Enter name of work folder: 
[2025-08-05 13:50:30Z INFO Terminal] WRITE: [press Enter for _work] 
[2025-08-05 13:50:30Z INFO Terminal] READ LINE
[2025-08-05 13:52:02Z INFO Terminal] Read value: ''
[2025-08-05 13:52:02Z INFO PromptManager] Falling back to the default: '_work'
[2025-08-05 13:52:02Z INFO ConfigurationStore] Saving runner settings.
[2025-08-05 13:52:02Z INFO ConfigurationStore] Settings Saved.
[2025-08-05 13:52:02Z INFO Terminal] WRITE LINE: 
[2025-08-05 13:52:02Z INFO Terminal] WRITE LINE: 
[2025-08-05 13:52:02Z INFO CommandSettings] Flag 'runasservice': 'False'
[2025-08-05 13:52:02Z INFO CommandSettings] Flag 'unattended': 'False'
[2025-08-05 13:52:02Z INFO PromptManager] ReadValue
[2025-08-05 13:52:02Z INFO Terminal] WRITE: Would you like to run the runner as service? (Y/N) 
[2025-08-05 13:52:02Z INFO Terminal] WRITE: [press Enter for N] 
[2025-08-05 13:52:02Z INFO Terminal] READ LINE
[2025-08-05 13:53:41Z INFO Terminal] Read value: ''
[2025-08-05 13:53:41Z INFO PromptManager] Falling back to the default: 'N'
[2025-08-05 13:53:41Z INFO Listener] Runner execution has finished with return code 0
